2024-12-05 08:50:04,172 [INFO] WebApp:189 - Connection lost
2024-12-05 09:30:25,705 [INFO] WebApp:186 - Connection restablished
2024-12-05 11:42:40,378 [INFO] MainUpdater:2873 - connection check result : 10
2024-12-05 11:42:40,390 [INFO] MainUpdater:2873 - connection check result : 10
2024-12-05 11:42:41,198 [INFO] MicroXplorer:468 - Change Database Path : 
2024-12-05 11:42:41,202 [INFO] MicroXplorer:498 - Change Database Version : DB.6.0.121
2024-12-05 11:42:41,306 [ERROR] ProjectManagerView:394 - 
java.lang.NullPointerException: Cannot invoke "javax.swing.JTextField.getText()" because the return value of "java.util.List.get(int)" is null
	at com.st.microxplorer.plugins.projectmanager.gui.ProjectChoiceTab$10.caretUpdate(ProjectChoiceTab.java:2622) ~[filemanager.jar:?]
	at javax.swing.text.JTextComponent.fireCaretUpdate(JTextComponent.java:412) ~[?:?]
	at javax.swing.text.JTextComponent$MutableCaretEvent.fire(JTextComponent.java:4491) ~[?:?]
	at javax.swing.text.JTextComponent$MutableCaretEvent.stateChanged(JTextComponent.java:4513) ~[?:?]
	at javax.swing.text.DefaultCaret.fireStateChanged(DefaultCaret.java:842) ~[?:?]
	at javax.swing.text.DefaultCaret.changeCaretPosition(DefaultCaret.java:1313) ~[?:?]
	at javax.swing.text.DefaultCaret.handleSetDot(DefaultCaret.java:1212) ~[?:?]
	at javax.swing.text.DefaultCaret.setDot(DefaultCaret.java:1193) ~[?:?]
	at javax.swing.text.DefaultCaret$Handler.insertUpdate(DefaultCaret.java:1789) ~[?:?]
	at javax.swing.text.AbstractDocument.fireInsertUpdate(AbstractDocument.java:226) ~[?:?]
	at javax.swing.text.AbstractDocument.handleInsertString(AbstractDocument.java:780) ~[?:?]
	at javax.swing.text.AbstractDocument.insertString(AbstractDocument.java:739) ~[?:?]
	at javax.swing.text.PlainDocument.insertString(PlainDocument.java:131) ~[?:?]
	at javax.swing.text.AbstractDocument.replace(AbstractDocument.java:698) ~[?:?]
	at javax.swing.text.JTextComponent.setText(JTextComponent.java:1729) ~[?:?]
	at com.st.microxplorer.plugins.projectmanager.gui.ProjectChoiceTab.createHeapStackFields(ProjectChoiceTab.java:972) ~[filemanager.jar:?]
	at com.st.microxplorer.plugins.projectmanager.gui.ProjectChoiceTab.buildLinkSettingsPanel(ProjectChoiceTab.java:3597) ~[filemanager.jar:?]
	at com.st.microxplorer.plugins.projectmanager.gui.ProjectChoiceTab.defineWindowsFields(ProjectChoiceTab.java:1940) ~[filemanager.jar:?]
	at com.st.microxplorer.plugins.projectmanager.gui.ProjectChoiceTab.updateSettings(ProjectChoiceTab.java:550) ~[filemanager.jar:?]
	at com.st.microxplorer.plugins.projectmanager.gui.ProjectSettingsPanel.UpdateDialog(ProjectSettingsPanel.java:245) ~[filemanager.jar:?]
	at com.st.microxplorer.plugins.projectmanager.ProjectManagerView.propertyChange(ProjectManagerView.java:391) ~[filemanager.jar:?]
	at java.beans.PropertyChangeSupport.fire(PropertyChangeSupport.java:343) ~[?:?]
	at java.beans.PropertyChangeSupport.firePropertyChange(PropertyChangeSupport.java:335) ~[?:?]
	at java.beans.PropertyChangeSupport.firePropertyChange(PropertyChangeSupport.java:268) ~[?:?]
	at com.st.microxplorer.util.MXPropertyChangeSupport.firePropertyChange(MXPropertyChangeSupport.java:54) ~[STM32CubeMX.jar:?]
	at com.st.microxplorer.mxsystem.MxSystem.closeConfig(MxSystem.java:900) ~[STM32CubeMX.jar:?]
	at com.st.microxplorer.maingui.MainPanel.closeConfig(MainPanel.java:781) ~[STM32CubeMX.jar:?]
	at com.st.microxplorer.plugins.filemanager.engine.OpenFileManager.loadConfigurationFile(OpenFileManager.java:265) ~[filemanager.jar:?]
	at com.st.microxplorer.plugins.filemanager.engine.MainFileManager.userLoadConfig(MainFileManager.java:352) ~[filemanager.jar:?]
	at com.st.microxplorer.plugins.filemanager.engine.MainFileManager.userLoadConfig(MainFileManager.java:330) ~[filemanager.jar:?]
	at com.st.microxplorer.plugins.filemanager.FileManagerView.getSpecificTask(FileManagerView.java:246) ~[filemanager.jar:?]
	at com.st.stm32cube.common.mx.editor.CubeMxEditor.getMxTabbedPaneInstance(CubeMxEditor.java:1198) ~[com.st.stm32cube.common.mx_6.12.1.202409122256/:?]
	at com.st.stm32cube.common.mx.editor.CubeMxEditor$12$1.createSwingComponent(CubeMxEditor.java:1068) ~[com.st.stm32cube.common.mx_6.12.1.202409122256/:?]
	at com.st.stm32cube.common.mx.oss.core.awtswtbridge.EmbeddedSwingComposite.doComponentCreation(EmbeddedSwingComposite.java:492) ~[com.st.stm32cube.common.mx.oss_6.12.1.202409122256/:?]
	at com.st.stm32cube.common.mx.oss.core.awtswtbridge.EmbeddedSwingComposite$4.run(EmbeddedSwingComposite.java:291) ~[com.st.stm32cube.common.mx.oss_6.12.1.202409122256/:?]
	at com.st.stm32cube.common.mx.oss.core.awtswtbridge.AwtEnvironment$2.run(AwtEnvironment.java:166) ~[com.st.stm32cube.common.mx.oss_6.12.1.202409122256/:?]
	at java.awt.event.InvocationEvent.dispatch(InvocationEvent.java:318) ~[?:?]
	at java.awt.EventQueue.dispatchEventImpl(EventQueue.java:773) ~[?:?]
	at java.awt.EventQueue$4.run(EventQueue.java:720) ~[?:?]
	at java.awt.EventQueue$4.run(EventQueue.java:714) ~[?:?]
	at java.security.AccessController.doPrivileged(AccessController.java:399) ~[?:?]
	at java.security.ProtectionDomain$JavaSecurityAccessImpl.doIntersectionPrivilege(ProtectionDomain.java:86) ~[?:?]
	at java.awt.EventQueue.dispatchEvent(EventQueue.java:742) ~[?:?]
	at java.awt.EventDispatchThread.pumpOneEventForFilters(EventDispatchThread.java:203) ~[?:?]
	at java.awt.EventDispatchThread.pumpEventsForFilter(EventDispatchThread.java:124) ~[?:?]
	at java.awt.EventDispatchThread.pumpEventsForHierarchy(EventDispatchThread.java:113) ~[?:?]
	at java.awt.EventDispatchThread.pumpEvents(EventDispatchThread.java:109) ~[?:?]
	at java.awt.EventDispatchThread.pumpEvents(EventDispatchThread.java:101) ~[?:?]
	at java.awt.EventDispatchThread.run(EventDispatchThread.java:90) ~[?:?]
2024-12-05 11:42:41,343 [WARN] ThirdParty:871 - waiting for thirdparty lock release [close project]
2024-12-05 11:42:41,343 [INFO] ThirdParty:873 - entering critical section [close project]
2024-12-05 11:42:41,344 [INFO] ThirdParty:883 - exiting critical section [close project]
2024-12-05 11:42:41,354 [INFO] PinOutPanel:1561 - setPackage(No Configuration,No Configuration)
2024-12-05 11:42:41,396 [INFO] UtilMem:75 - Begin LoadConfig() Used Memory: 490124536 Bytes (614465536)
2024-12-05 11:42:41,401 [INFO] MicroXplorer:468 - Change Database Path : 
2024-12-05 11:42:41,404 [INFO] MicroXplorer:498 - Change Database Version : DB.6.0.121
2024-12-05 11:42:41,404 [INFO] OpenFileManager:332 - Change cursor
2024-12-05 11:42:41,512 [INFO] RulesReader:64 - Compatibility file has been processed (297 Rules)
2024-12-05 11:42:41,535 [INFO] Mcu:2032 - Initializing MCU STM32F103R(8-B)Tx STM32F103RBTx STM32F103RBT6
2024-12-05 11:42:42,416 [INFO] Context:742 - Trying to add GPIOservice into a context  which must be forbidden
2024-12-05 11:42:43,230 [INFO] ApiDbMcu:508 - Load IP Config File for NimaLTD.I-CUBE-WS28XX.3.0.1
2024-12-05 11:42:43,502 [INFO] RtosManager:555 - Registered RTOS mode: class=CMSIS, group=RTOS, mode=CMSIS_V1, owner=FREERTOS
2024-12-05 11:42:43,502 [INFO] RtosManager:555 - Registered RTOS mode: class=CMSIS, group=RTOS2, mode=CMSIS_V2, owner=FREERTOS
2024-12-05 11:42:43,502 [INFO] RtosManager:555 - Registered RTOS mode: class=RTOS, group=Core, mode=CMSIS_V1, owner=FREERTOS
2024-12-05 11:42:43,502 [INFO] RtosManager:555 - Registered RTOS mode: class=RTOS, group=Core, mode=CMSIS_V2, owner=FREERTOS
2024-12-05 11:42:43,502 [WARN] ModelIntegratedComponent:184 - Missing modes for component STMicroelectronics:FreeRTOS:0.0.1:STMicroelectronics:RTOS:FreeRTOS:Core:::10.2.0:
2024-12-05 11:42:43,526 [WARN] ModelIntegratedComponent:63 - No mode defined for component null
2024-12-05 11:42:43,527 [WARN] ModelIntegratedComponent:63 - No mode defined for component null
2024-12-05 11:42:43,527 [WARN] ModelIntegratedComponent:63 - No mode defined for component null
2024-12-05 11:42:43,527 [WARN] ModelIntegratedComponent:63 - No mode defined for component null
2024-12-05 11:42:43,527 [WARN] ModelIntegratedComponent:63 - No mode defined for component null
2024-12-05 11:42:43,527 [WARN] ModelIntegratedComponent:63 - No mode defined for component null
2024-12-05 11:42:43,527 [WARN] ModelIntegratedComponent:63 - No mode defined for component null
2024-12-05 11:42:43,527 [WARN] ModelIntegratedComponent:63 - No mode defined for component null
2024-12-05 11:42:43,527 [WARN] ModelIntegratedComponent:63 - No mode defined for component null
2024-12-05 11:42:43,527 [WARN] ModelIntegratedComponent:63 - No mode defined for component null
2024-12-05 11:42:43,527 [WARN] ModelIntegratedComponent:63 - No mode defined for component null
2024-12-05 11:42:43,527 [WARN] ModelIntegratedComponent:63 - No mode defined for component null
2024-12-05 11:42:43,527 [WARN] ModelIntegratedComponent:63 - No mode defined for component null
2024-12-05 11:42:43,527 [WARN] ModelIntegratedComponent:63 - No mode defined for component null
2024-12-05 11:42:43,527 [WARN] ModelIntegratedComponent:63 - No mode defined for component null
2024-12-05 11:42:43,527 [WARN] ModelIntegratedComponent:63 - No mode defined for component null
2024-12-05 11:42:43,528 [WARN] ModelIntegratedComponent:63 - No mode defined for component null
2024-12-05 11:42:43,528 [WARN] ModelIntegratedComponent:63 - No mode defined for component null
2024-12-05 11:42:43,528 [WARN] ModelIntegratedComponent:63 - No mode defined for component null
2024-12-05 11:42:43,528 [WARN] ModelIntegratedComponent:63 - No mode defined for component null
2024-12-05 11:42:43,528 [WARN] ModelIntegratedComponent:63 - No mode defined for component null
2024-12-05 11:42:43,528 [WARN] ModelIntegratedComponent:63 - No mode defined for component null
2024-12-05 11:42:43,529 [WARN] ModelIntegratedComponent:63 - No mode defined for component null
2024-12-05 11:42:43,529 [WARN] ModelIntegratedComponent:63 - No mode defined for component null
2024-12-05 11:42:43,529 [WARN] ModelIntegratedComponent:63 - No mode defined for component null
2024-12-05 11:42:43,529 [WARN] ModelIntegratedComponent:63 - No mode defined for component null
2024-12-05 11:42:43,529 [WARN] ModelIntegratedComponent:63 - No mode defined for component null
2024-12-05 11:42:43,529 [WARN] ModelIntegratedComponent:63 - No mode defined for component null
2024-12-05 11:42:43,530 [WARN] ModelIntegratedComponent:63 - No mode defined for component null
2024-12-05 11:42:43,530 [WARN] ModelIntegratedComponent:63 - No mode defined for component null
2024-12-05 11:42:43,531 [WARN] ModelIntegratedComponent:63 - No mode defined for component null
2024-12-05 11:42:43,531 [WARN] ModelIntegratedComponent:63 - No mode defined for component null
2024-12-05 11:42:43,534 [WARN] ModelIntegratedComponent:63 - No mode defined for component null
2024-12-05 11:42:43,535 [WARN] ModelIntegratedComponent:63 - No mode defined for component null
2024-12-05 11:42:43,535 [WARN] ModelIntegratedComponent:63 - No mode defined for component null
2024-12-05 11:42:43,537 [WARN] ModelPack:524 - Component already loaded: STMicroelectronics:HAL Drivers:0.0.0:STMicroelectronics:Device:STMicro_Driver:XSPI:HAL::0.0.1:HAL_XSPI
2024-12-05 11:42:44,057 [INFO] ThirdPartyModel:298 - Start build external matchings
2024-12-05 11:42:44,398 [INFO] ThirdPartyModel:316 - End build external matchings
2024-12-05 11:42:44,436 [INFO] ImportTextPane:205 - (OptionalMessage_ERROR) IP (DMA) : Parameter (Instance) has Id (TIM3_CH1/TRIG) currently not set
2024-12-05 11:42:44,437 [INFO] ImportTextPane:205 - (OptionalMessage_ERROR) IP (DMA) : Parameter (Direction) has Id (TIM3_CH1/TRIG) currently not set
2024-12-05 11:42:44,439 [INFO] ImportTextPane:205 - (OptionalMessage_ERROR) IP (DMA) : Parameter (PeriphInc) has Id (TIM3_CH1/TRIG) currently not set
2024-12-05 11:42:44,439 [INFO] ImportTextPane:205 - (OptionalMessage_ERROR) IP (DMA) : Parameter (MemInc) has Id (TIM3_CH1/TRIG) currently not set
2024-12-05 11:42:44,439 [INFO] ImportTextPane:205 - (OptionalMessage_ERROR) IP (DMA) : Parameter (PeriphDataAlignment) has Id (TIM3_CH1/TRIG) currently not set
2024-12-05 11:42:44,439 [INFO] ImportTextPane:205 - (OptionalMessage_ERROR) IP (DMA) : Parameter (MemDataAlignment) has Id (TIM3_CH1/TRIG) currently not set
2024-12-05 11:42:44,440 [INFO] ImportTextPane:205 - (OptionalMessage_ERROR) IP (DMA) : Parameter (Mode) has Id (TIM3_CH1/TRIG) currently not set
2024-12-05 11:42:44,440 [INFO] ImportTextPane:205 - (OptionalMessage_ERROR) IP (DMA) : Parameter (Priority) has Id (TIM3_CH1/TRIG) currently not set
2024-12-05 11:42:44,440 [INFO] ImportTextPane:205 - (OptionalMessage_ERROR) IP (DMA) : Parameter (Instance) has Id (TIM2_CH1) currently not set
2024-12-05 11:42:44,440 [INFO] ImportTextPane:205 - (OptionalMessage_ERROR) IP (DMA) : Parameter (Direction) has Id (TIM2_CH1) currently not set
2024-12-05 11:42:44,440 [INFO] ImportTextPane:205 - (OptionalMessage_ERROR) IP (DMA) : Parameter (PeriphInc) has Id (TIM2_CH1) currently not set
2024-12-05 11:42:44,440 [INFO] ImportTextPane:205 - (OptionalMessage_ERROR) IP (DMA) : Parameter (MemInc) has Id (TIM2_CH1) currently not set
2024-12-05 11:42:44,440 [INFO] ImportTextPane:205 - (OptionalMessage_ERROR) IP (DMA) : Parameter (PeriphDataAlignment) has Id (TIM2_CH1) currently not set
2024-12-05 11:42:44,440 [INFO] ImportTextPane:205 - (OptionalMessage_ERROR) IP (DMA) : Parameter (MemDataAlignment) has Id (TIM2_CH1) currently not set
2024-12-05 11:42:44,440 [INFO] ImportTextPane:205 - (OptionalMessage_ERROR) IP (DMA) : Parameter (Mode) has Id (TIM2_CH1) currently not set
2024-12-05 11:42:44,440 [INFO] ImportTextPane:205 - (OptionalMessage_ERROR) IP (DMA) : Parameter (Priority) has Id (TIM2_CH1) currently not set
2024-12-05 11:42:44,442 [INFO] ImportTextPane:205 - (OptionalMessage_ERROR) IP (RCC) : Parameter (ADCFreqValue) has invalid value (36000000)
2024-12-05 11:42:44,442 [INFO] ImportTextPane:205 - (OptionalMessage_ERROR) IP (RCC) : Invalid parameter (FamilyName)
2024-12-05 11:42:44,442 [INFO] ImportTextPane:205 - (OptionalMessage_ERROR) IP (RCC) : Parameter (MCOFreq_Value) has invalid value (72000000)
2024-12-05 11:42:44,443 [INFO] ImportTextPane:205 - (OptionalMessage_ERROR) IP (RCC) : Parameter (USBFreq_Value) has invalid value (72000000)
2024-12-05 11:42:44,691 [INFO] UtilMem:75 - End LoadConfig() Used Memory: 243240168 Bytes (614465536)
2024-12-05 11:42:44,911 [WARN] ThirdParty:833 - waiting for thirdparty lock release [change project]
2024-12-05 11:42:44,921 [INFO] ThirdParty:835 - entering critical section [change project]
2024-12-05 11:42:44,921 [INFO] ThirdParty:1030 - CMSIS Pack Vendor :STMicroelectronics USBPD 4.1
2024-12-05 11:42:44,921 [INFO] ThirdParty:1030 - CMSIS Pack Vendor :STMicroelectronics X-CUBE-AZRTOS-H7 3.3.0
2024-12-05 11:42:44,921 [INFO] ThirdParty:1030 - CMSIS Pack Vendor :NimaLTD I-CUBE-RBUF 2.2.0
2024-12-05 11:42:44,921 [INFO] ThirdParty:1030 - CMSIS Pack Vendor :STMicroelectronics X-CUBE-NFC9 1.0.0
2024-12-05 11:42:44,921 [INFO] ThirdParty:1030 - CMSIS Pack Vendor :STMicroelectronics USB_HOST 2.0.0
2024-12-05 11:42:44,921 [INFO] ThirdParty:1030 - CMSIS Pack Vendor :STMicroelectronics FP-SNS-MOTENVWB1 1.4.0
2024-12-05 11:42:44,922 [INFO] ThirdParty:1030 - CMSIS Pack Vendor :STMicroelectronics X-CUBE-AZRTOS-F4 1.1.0
2024-12-05 11:42:44,922 [INFO] ThirdParty:1030 - CMSIS Pack Vendor :STMicroelectronics LIBJPEG 8.0.0
2024-12-05 11:42:44,922 [INFO] ThirdParty:1030 - CMSIS Pack Vendor :STMicroelectronics FP-ATR-ASTRA1 2.0.1
2024-12-05 11:42:44,922 [INFO] ThirdParty:1030 - CMSIS Pack Vendor :STMicroelectronics X-CUBE-SMBUS 2.1.0
2024-12-05 11:42:44,922 [INFO] ThirdParty:1030 - CMSIS Pack Vendor :STMicroelectronics X-CUBE-WB05N 1.1.0
2024-12-05 11:42:44,922 [INFO] ThirdParty:1030 - CMSIS Pack Vendor :NimaLTD I-CUBE-SPIF 2.3.2
2024-12-05 11:42:44,922 [INFO] ThirdParty:1030 - CMSIS Pack Vendor :STMicroelectronics USB_DEVICE 3.0.0
2024-12-05 11:42:44,922 [INFO] ThirdParty:1030 - CMSIS Pack Vendor :STMicroelectronics X-CUBE-TCPP 4.1.0
2024-12-05 11:42:44,922 [INFO] ThirdParty:1030 - CMSIS Pack Vendor :STMicroelectronics X-CUBE-ISPU 2.1.0
2024-12-05 11:42:44,922 [INFO] ThirdParty:1030 - CMSIS Pack Vendor :STMicroelectronics X-CUBE-FREERTOS 1.2.0
2024-12-05 11:42:44,922 [INFO] ThirdParty:1030 - CMSIS Pack Vendor :STMicroelectronics X-CUBE-IPS 3.0.0
2024-12-05 11:42:44,922 [INFO] ThirdParty:1030 - CMSIS Pack Vendor :STMicroelectronics X-CUBE-AZRTOS-WB 2.0.0
2024-12-05 11:42:44,922 [INFO] ThirdParty:1030 - CMSIS Pack Vendor :STMicroelectronics X-CUBE-GNSS1 7.0.0
2024-12-05 11:42:44,922 [INFO] ThirdParty:1030 - CMSIS Pack Vendor :STMicroelectronics X-CUBE-AZRTOS-F7 1.1.0
2024-12-05 11:42:44,922 [INFO] ThirdParty:1030 - CMSIS Pack Vendor :STMicroelectronics X-CUBE-AZRTOS-L5 2.0.0
2024-12-05 11:42:44,922 [INFO] ThirdParty:1030 - CMSIS Pack Vendor :STMicroelectronics USB_DEVICE 2.0.0
2024-12-05 11:42:44,922 [INFO] ThirdParty:1030 - CMSIS Pack Vendor :STMicroelectronics X-CUBE-NFC6 3.1.0
2024-12-05 11:42:44,922 [INFO] ThirdParty:1030 - CMSIS Pack Vendor :STMicroelectronics FP-SNS-STBOX1 2.0.0
2024-12-05 11:42:44,923 [INFO] ThirdParty:1030 - CMSIS Pack Vendor :STMicroelectronics X-CUBE-MEMS1 11.0.0
2024-12-05 11:42:44,923 [INFO] ThirdParty:1030 - CMSIS Pack Vendor :STMicroelectronics FreeRTOS 0.0.1
2024-12-05 11:42:44,923 [INFO] ThirdParty:1030 - CMSIS Pack Vendor :STMicroelectronics X-CUBE-AZRTOS-G0 1.1.0
2024-12-05 11:42:44,923 [INFO] ThirdParty:1030 - CMSIS Pack Vendor :NimaLTD I-CUBE-WS28XX 3.0.1
2024-12-05 11:42:44,923 [INFO] ThirdParty:1030 - CMSIS Pack Vendor :STMicroelectronics X-CUBE-SAFEA1 1.2.2
2024-12-05 11:42:44,923 [INFO] ThirdParty:1030 - CMSIS Pack Vendor :STMicroelectronics X-CUBE-NFC4 3.0.0
2024-12-05 11:42:44,923 [INFO] ThirdParty:1030 - CMSIS Pack Vendor :STMicroelectronics X-CUBE-DPower 1.2.0
2024-12-05 11:42:44,923 [INFO] ThirdParty:1030 - CMSIS Pack Vendor :STMicroelectronics X-CUBE-SUBG2 5.0.0
2024-12-05 11:42:44,923 [INFO] ThirdParty:1030 - CMSIS Pack Vendor :STMicroelectronics STM32_WPAN 1.0.0
2024-12-05 11:42:44,923 [INFO] ThirdParty:1030 - CMSIS Pack Vendor :EmbeddedOffice I-CUBE-FS-RTOS 1.0.1
2024-12-05 11:42:44,923 [INFO] ThirdParty:1030 - CMSIS Pack Vendor :STMicroelectronics lwIP 2.0.3
2024-12-05 11:42:44,923 [INFO] ThirdParty:1030 - CMSIS Pack Vendor :STMicroelectronics FP-SNS-FLIGHT1 5.0.2
2024-12-05 11:42:44,923 [INFO] ThirdParty:1030 - CMSIS Pack Vendor :Cesanta I-CUBE-Mongoose 7.13.0
2024-12-05 11:42:44,923 [INFO] ThirdParty:1030 - CMSIS Pack Vendor :STMicroelectronics USB_HOST 1.0.0
2024-12-05 11:42:44,923 [INFO] ThirdParty:1030 - CMSIS Pack Vendor :STMicroelectronics X-CUBE-AZRTOS-G4 2.0.0
2024-12-05 11:42:44,923 [INFO] ThirdParty:1030 - CMSIS Pack Vendor :NimaLTD I-CUBE-ATC 4.2.1
2024-12-05 11:42:44,923 [INFO] ThirdParty:1030 - CMSIS Pack Vendor :STMicroelectronics PDM2PCM 3.1.0
2024-12-05 11:42:44,923 [INFO] ThirdParty:1030 - CMSIS Pack Vendor :STMicroelectronics PDM2PCM 3.3.0
2024-12-05 11:42:44,923 [INFO] ThirdParty:1030 - CMSIS Pack Vendor :NimaLTD I-CUBE-EE24 3.2.0
2024-12-05 11:42:44,923 [INFO] ThirdParty:1030 - CMSIS Pack Vendor :STMicroelectronics X-CUBE-DISPLAY 3.0.0
2024-12-05 11:42:44,923 [INFO] ThirdParty:1030 - CMSIS Pack Vendor :RealThread X-CUBE-RT-Thread_Nano 4.1.1
2024-12-05 11:42:44,923 [INFO] ThirdParty:1030 - CMSIS Pack Vendor :STMicroelectronics X-CUBE-BLE1 7.0.0
2024-12-05 11:42:44,923 [INFO] ThirdParty:1030 - CMSIS Pack Vendor :STMicroelectronics FP-ATR-SIGFOX1 3.2.0
2024-12-05 11:42:44,923 [INFO] ThirdParty:1030 - CMSIS Pack Vendor :STMicroelectronics X-CUBE-NFC10 1.0.0
2024-12-05 11:42:44,923 [INFO] ThirdParty:1030 - CMSIS Pack Vendor :wolfSSL I-CUBE-wolfSSL 5.7.2
2024-12-05 11:42:44,923 [INFO] ThirdParty:1030 - CMSIS Pack Vendor :quantropi X-CUBE-qispace-sdk-base 1.9.3
2024-12-05 11:42:44,923 [INFO] ThirdParty:1030 - CMSIS Pack Vendor :NimaLTD I-CUBE-EE 3.2.1
2024-12-05 11:42:44,923 [INFO] ThirdParty:1030 - CMSIS Pack Vendor :STMicroelectronics X-CUBE-EEPRMA1 5.1.0
2024-12-05 11:42:44,923 [INFO] ThirdParty:1030 - CMSIS Pack Vendor :STMicroelectronics HAL Drivers 0.0.0
2024-12-05 11:42:44,923 [INFO] ThirdParty:1030 - CMSIS Pack Vendor :STMicroelectronics MBEDTLS 2.16.2
2024-12-05 11:42:44,923 [INFO] ThirdParty:1030 - CMSIS Pack Vendor :STMicroelectronics X-CUBE-ALS 1.0.2
2024-12-05 11:42:44,923 [INFO] ThirdParty:1030 - CMSIS Pack Vendor :emotas I-CUBE-CANOPEN 1.3.0
2024-12-05 11:42:44,923 [INFO] ThirdParty:1030 - CMSIS Pack Vendor :STMicroelectronics X-CUBE-NFC7 1.0.1
2024-12-05 11:42:44,923 [INFO] ThirdParty:1030 - CMSIS Pack Vendor :STMicroelectronics MBEDTLS 2.14.1
2024-12-05 11:42:44,923 [INFO] ThirdParty:1030 - CMSIS Pack Vendor :ITTIA_DB I-CUBE-ITTIADB 8.9.0
2024-12-05 11:42:44,923 [INFO] ThirdParty:1030 - CMSIS Pack Vendor :STMicroelectronics X-CUBE-TOUCHGFX 4.24.1
2024-12-05 11:42:44,923 [INFO] ThirdParty:1030 - CMSIS Pack Vendor :wolfSSL I-CUBE-wolfTPM 3.4.0
2024-12-05 11:42:44,923 [INFO] ThirdParty:1030 - CMSIS Pack Vendor :portGmbH I-Cube-SoM-uGOAL 1.1.0
2024-12-05 11:42:44,923 [INFO] ThirdParty:1030 - CMSIS Pack Vendor :STMicroelectronics X-CUBE-BLEMGR 3.1.0
2024-12-05 11:42:44,923 [INFO] ThirdParty:1030 - CMSIS Pack Vendor :STMicroelectronics ThreadX 1.0.0
2024-12-05 11:42:44,923 [INFO] ThirdParty:1030 - CMSIS Pack Vendor :STMicroelectronics FP-SNS-SMARTAG2 1.2.0
2024-12-05 11:42:44,923 [INFO] ThirdParty:1030 - CMSIS Pack Vendor :STMicroelectronics X-CUBE-AZRTOS-WL 2.0.0
2024-12-05 11:42:44,924 [INFO] ThirdParty:1030 - CMSIS Pack Vendor :SEGGER I-CUBE-embOS 1.3.1
2024-12-05 11:42:44,924 [INFO] ThirdParty:1030 - CMSIS Pack Vendor :STMicroelectronics X-CUBE-ALGOBUILD 1.4.0
2024-12-05 11:42:44,924 [INFO] ThirdParty:1030 - CMSIS Pack Vendor :STMicroelectronics FP-SNS-MOTENV1 5.0.0
2024-12-05 11:42:44,924 [INFO] ThirdParty:1030 - CMSIS Pack Vendor :STMicroelectronics USB_DEVICE 1.0.0
2024-12-05 11:42:44,924 [INFO] ThirdParty:1030 - CMSIS Pack Vendor :STMicroelectronics X-CUBE-AZRTOS-H7RS 1.0.0
2024-12-05 11:42:44,924 [INFO] ThirdParty:1030 - CMSIS Pack Vendor :wolfSSL I-CUBE-wolfMQTT 1.19.0
2024-12-05 11:42:44,924 [INFO] ThirdParty:1030 - CMSIS Pack Vendor :STMicroelectronics X-CUBE-AZRTOS-L4 2.0.0
2024-12-05 11:42:44,924 [INFO] ThirdParty:1030 - CMSIS Pack Vendor :STMicroelectronics ThreadX 0.0.2
2024-12-05 11:42:44,924 [INFO] ThirdParty:1030 - CMSIS Pack Vendor :WES I-CUBE-Cesium 1.3.0
2024-12-05 11:42:44,924 [INFO] ThirdParty:1030 - CMSIS Pack Vendor :STMicroelectronics FP-ATR-ASTRA1 2.0.0
2024-12-05 11:42:44,924 [INFO] ThirdParty:1030 - CMSIS Pack Vendor :STMicroelectronics lwIP 2.1.2
2024-12-05 11:42:44,924 [INFO] ThirdParty:1030 - CMSIS Pack Vendor :STMicroelectronics X-CUBE-SFXS2LP1 4.0.0
2024-12-05 11:42:44,924 [INFO] ThirdParty:1030 - CMSIS Pack Vendor :STMicroelectronics X-CUBE-BLE2 3.3.0
2024-12-05 11:42:44,924 [INFO] ThirdParty:1030 - CMSIS Pack Vendor :STMicroelectronics X-CUBE-TOF1 3.4.2
2024-12-05 11:42:44,924 [INFO] ThirdParty:1030 - CMSIS Pack Vendor :STMicroelectronics X-CUBE-AI 9.1.0
2024-12-05 11:42:44,924 [INFO] ThirdParty:1030 - CMSIS Pack Vendor :Infineon AIROC-Wi-Fi-Bluetooth-STM32 1.6.1
2024-12-05 11:42:44,924 [INFO] ThirdParty:1030 - CMSIS Pack Vendor :STMicroelectronics PDM2PCM 3.2.0
2024-12-05 11:42:44,924 [INFO] ThirdParty:1030 - CMSIS Pack Vendor :wolfSSL I-CUBE-wolfSSH 1.4.17
2024-12-05 11:42:44,925 [INFO] ThirdParty:841 - exiting critical section [change project]
2024-12-05 11:42:45,319 [INFO] PinOutPanel:1561 - setPackage(No Configuration,No Configuration)
2024-12-05 11:42:45,326 [INFO] PinOutPanel:1561 - setPackage(STM32F103RBTx,LQFP64)
2024-12-05 11:42:46,230 [INFO] UtilMem:75 - Before build in PCC Used Memory: 280535944 Bytes (614465536)
2024-12-05 11:42:46,883 [INFO] UtilMem:75 - After build in PCC Used Memory: 322478984 Bytes (614465536)
2024-12-05 11:42:46,931 [INFO] IPUIPlugin:80 - create IPUIPlugin
2024-12-05 11:42:46,932 [INFO] IPUIPlugin:80 - create IPUIPlugin
2024-12-05 11:42:46,932 [INFO] IPUIPlugin:80 - create IPUIPlugin
2024-12-05 11:42:46,932 [INFO] IPUIPlugin:80 - create IPUIPlugin
2024-12-05 11:42:46,932 [INFO] IPUIPlugin:80 - create IPUIPlugin
2024-12-05 11:42:46,932 [INFO] IPUIPlugin:80 - create IPUIPlugin
2024-12-05 11:42:46,932 [INFO] IPUIPlugin:80 - create IPUIPlugin
2024-12-05 11:42:46,933 [INFO] IPUIPlugin:80 - create IPUIPlugin
2024-12-05 11:42:46,933 [INFO] IPUIPlugin:80 - create IPUIPlugin
2024-12-05 11:42:46,933 [INFO] IPUIPlugin:80 - create IPUIPlugin
2024-12-05 11:42:46,933 [INFO] IPUIPlugin:80 - create IPUIPlugin
2024-12-05 11:42:46,934 [INFO] IPUIPlugin:80 - create IPUIPlugin
2024-12-05 11:42:46,934 [INFO] IPUIPlugin:80 - create IPUIPlugin
2024-12-05 11:42:46,934 [INFO] IPUIPlugin:80 - create IPUIPlugin
2024-12-05 11:42:46,934 [INFO] IPUIPlugin:80 - create IPUIPlugin
2024-12-05 11:42:46,935 [INFO] IPUIPlugin:80 - create IPUIPlugin
2024-12-05 11:42:46,935 [INFO] IPUIPlugin:80 - create IPUIPlugin
2024-12-05 11:42:46,935 [INFO] IPUIPlugin:80 - create IPUIPlugin
2024-12-05 11:42:46,935 [INFO] IPUIPlugin:80 - create IPUIPlugin
2024-12-05 11:42:46,935 [INFO] IPUIPlugin:80 - create IPUIPlugin
2024-12-05 11:42:46,935 [INFO] IPUIPlugin:80 - create IPUIPlugin
2024-12-05 11:42:46,935 [INFO] IPUIPlugin:80 - create IPUIPlugin
2024-12-05 11:42:46,936 [INFO] IPUIPlugin:80 - create IPUIPlugin
2024-12-05 11:42:46,936 [INFO] IPUIPlugin:80 - create IPUIPlugin
2024-12-05 11:42:46,936 [INFO] IPUIPlugin:80 - create IPUIPlugin
2024-12-05 11:42:46,936 [INFO] IPUIPlugin:80 - create IPUIPlugin
2024-12-05 11:42:46,937 [INFO] IPUIPlugin:80 - create IPUIPlugin
2024-12-05 11:42:46,937 [INFO] IPUIPlugin:80 - create IPUIPlugin
2024-12-05 11:42:47,079 [INFO] CADModel:165 - CPN selected for project levelSTM32F103RBT6
2024-12-05 11:42:47,079 [INFO] CADModel:114 - Register for checkConnection events
2024-12-05 11:42:47,131 [INFO] OpenFileManager:363 - Restore cursor
2024-12-05 11:43:37,908 [INFO] MainUpdater:2873 - connection check result : 10
2024-12-05 11:43:37,914 [INFO] MainUpdater:2873 - connection check result : 10
2024-12-05 11:43:38,120 [INFO] MicroXplorer:468 - Change Database Path : 
2024-12-05 11:43:38,121 [INFO] MicroXplorer:498 - Change Database Version : DB.6.0.121
2024-12-05 11:43:38,179 [ERROR] ProjectManagerView:394 - 
java.lang.NullPointerException: Cannot invoke "javax.swing.JTextField.getText()" because the return value of "java.util.List.get(int)" is null
	at com.st.microxplorer.plugins.projectmanager.gui.ProjectChoiceTab$10.caretUpdate(ProjectChoiceTab.java:2622) ~[filemanager.jar:?]
	at javax.swing.text.JTextComponent.fireCaretUpdate(JTextComponent.java:412) ~[?:?]
	at javax.swing.text.JTextComponent$MutableCaretEvent.fire(JTextComponent.java:4491) ~[?:?]
	at javax.swing.text.JTextComponent$MutableCaretEvent.stateChanged(JTextComponent.java:4513) ~[?:?]
	at javax.swing.text.DefaultCaret.fireStateChanged(DefaultCaret.java:842) ~[?:?]
	at javax.swing.text.DefaultCaret.changeCaretPosition(DefaultCaret.java:1313) ~[?:?]
	at javax.swing.text.DefaultCaret.handleSetDot(DefaultCaret.java:1212) ~[?:?]
	at javax.swing.text.DefaultCaret.setDot(DefaultCaret.java:1193) ~[?:?]
	at javax.swing.text.DefaultCaret$Handler.insertUpdate(DefaultCaret.java:1789) ~[?:?]
	at javax.swing.text.AbstractDocument.fireInsertUpdate(AbstractDocument.java:226) ~[?:?]
	at javax.swing.text.AbstractDocument.handleInsertString(AbstractDocument.java:780) ~[?:?]
	at javax.swing.text.AbstractDocument.insertString(AbstractDocument.java:739) ~[?:?]
	at javax.swing.text.PlainDocument.insertString(PlainDocument.java:131) ~[?:?]
	at javax.swing.text.AbstractDocument.replace(AbstractDocument.java:698) ~[?:?]
	at javax.swing.text.JTextComponent.setText(JTextComponent.java:1729) ~[?:?]
	at com.st.microxplorer.plugins.projectmanager.gui.ProjectChoiceTab.createHeapStackFields(ProjectChoiceTab.java:972) ~[filemanager.jar:?]
	at com.st.microxplorer.plugins.projectmanager.gui.ProjectChoiceTab.buildLinkSettingsPanel(ProjectChoiceTab.java:3597) ~[filemanager.jar:?]
	at com.st.microxplorer.plugins.projectmanager.gui.ProjectChoiceTab.defineWindowsFields(ProjectChoiceTab.java:1940) ~[filemanager.jar:?]
	at com.st.microxplorer.plugins.projectmanager.gui.ProjectChoiceTab.updateSettings(ProjectChoiceTab.java:550) ~[filemanager.jar:?]
	at com.st.microxplorer.plugins.projectmanager.gui.ProjectSettingsPanel.UpdateDialog(ProjectSettingsPanel.java:245) ~[filemanager.jar:?]
	at com.st.microxplorer.plugins.projectmanager.ProjectManagerView.propertyChange(ProjectManagerView.java:391) ~[filemanager.jar:?]
	at java.beans.PropertyChangeSupport.fire(PropertyChangeSupport.java:343) ~[?:?]
	at java.beans.PropertyChangeSupport.firePropertyChange(PropertyChangeSupport.java:335) ~[?:?]
	at java.beans.PropertyChangeSupport.firePropertyChange(PropertyChangeSupport.java:268) ~[?:?]
	at com.st.microxplorer.util.MXPropertyChangeSupport.firePropertyChange(MXPropertyChangeSupport.java:54) ~[STM32CubeMX.jar:?]
	at com.st.microxplorer.mxsystem.MxSystem.closeConfig(MxSystem.java:900) ~[STM32CubeMX.jar:?]
	at com.st.microxplorer.maingui.MainPanel.closeConfig(MainPanel.java:781) ~[STM32CubeMX.jar:?]
	at com.st.microxplorer.plugins.filemanager.engine.OpenFileManager.loadConfigurationFile(OpenFileManager.java:265) ~[filemanager.jar:?]
	at com.st.microxplorer.plugins.filemanager.engine.MainFileManager.userLoadConfig(MainFileManager.java:352) ~[filemanager.jar:?]
	at com.st.microxplorer.plugins.filemanager.engine.MainFileManager.userLoadConfig(MainFileManager.java:330) ~[filemanager.jar:?]
	at com.st.microxplorer.plugins.filemanager.FileManagerView.getSpecificTask(FileManagerView.java:246) ~[filemanager.jar:?]
	at com.st.stm32cube.common.mx.editor.CubeMxEditor.getMxTabbedPaneInstance(CubeMxEditor.java:1198) ~[com.st.stm32cube.common.mx_6.12.1.202409122256/:?]
	at com.st.stm32cube.common.mx.editor.CubeMxEditor$12$1.createSwingComponent(CubeMxEditor.java:1068) ~[com.st.stm32cube.common.mx_6.12.1.202409122256/:?]
	at com.st.stm32cube.common.mx.oss.core.awtswtbridge.EmbeddedSwingComposite.doComponentCreation(EmbeddedSwingComposite.java:492) ~[com.st.stm32cube.common.mx.oss_6.12.1.202409122256/:?]
	at com.st.stm32cube.common.mx.oss.core.awtswtbridge.EmbeddedSwingComposite$4.run(EmbeddedSwingComposite.java:291) ~[com.st.stm32cube.common.mx.oss_6.12.1.202409122256/:?]
	at com.st.stm32cube.common.mx.oss.core.awtswtbridge.AwtEnvironment$2.run(AwtEnvironment.java:166) ~[com.st.stm32cube.common.mx.oss_6.12.1.202409122256/:?]
	at java.awt.event.InvocationEvent.dispatch(InvocationEvent.java:318) ~[?:?]
	at java.awt.EventQueue.dispatchEventImpl(EventQueue.java:773) ~[?:?]
	at java.awt.EventQueue$4.run(EventQueue.java:720) ~[?:?]
	at java.awt.EventQueue$4.run(EventQueue.java:714) ~[?:?]
	at java.security.AccessController.doPrivileged(AccessController.java:399) ~[?:?]
	at java.security.ProtectionDomain$JavaSecurityAccessImpl.doIntersectionPrivilege(ProtectionDomain.java:86) ~[?:?]
	at java.awt.EventQueue.dispatchEvent(EventQueue.java:742) ~[?:?]
	at java.awt.EventDispatchThread.pumpOneEventForFilters(EventDispatchThread.java:203) ~[?:?]
	at java.awt.EventDispatchThread.pumpEventsForFilter(EventDispatchThread.java:124) ~[?:?]
	at java.awt.EventDispatchThread.pumpEventsForHierarchy(EventDispatchThread.java:113) ~[?:?]
	at java.awt.EventDispatchThread.pumpEvents(EventDispatchThread.java:109) ~[?:?]
	at java.awt.EventDispatchThread.pumpEvents(EventDispatchThread.java:101) ~[?:?]
	at java.awt.EventDispatchThread.run(EventDispatchThread.java:90) ~[?:?]
2024-12-05 11:43:38,184 [WARN] ThirdParty:871 - waiting for thirdparty lock release [close project]
2024-12-05 11:43:38,185 [INFO] ThirdParty:873 - entering critical section [close project]
2024-12-05 11:43:38,185 [INFO] ThirdParty:883 - exiting critical section [close project]
2024-12-05 11:43:38,191 [INFO] PinOutPanel:1561 - setPackage(No Configuration,No Configuration)
2024-12-05 11:43:38,194 [INFO] UtilMem:75 - Begin LoadConfig() Used Memory: 440444528 Bytes (614465536)
2024-12-05 11:43:38,196 [INFO] MicroXplorer:468 - Change Database Path : 
2024-12-05 11:43:38,196 [INFO] MicroXplorer:498 - Change Database Version : DB.6.0.121
2024-12-05 11:43:38,196 [INFO] OpenFileManager:332 - Change cursor
2024-12-05 11:43:38,216 [INFO] Mcu:2032 - Initializing MCU STM32F103R(8-B)Tx STM32F103RBTx STM32F103RBT6
2024-12-05 11:43:39,061 [INFO] Context:742 - Trying to add GPIOservice into a context  which must be forbidden
2024-12-05 11:43:39,529 [INFO] RtosManager:555 - Registered RTOS mode: class=CMSIS, group=RTOS, mode=CMSIS_V1, owner=FREERTOS
2024-12-05 11:43:39,529 [INFO] RtosManager:555 - Registered RTOS mode: class=CMSIS, group=RTOS2, mode=CMSIS_V2, owner=FREERTOS
2024-12-05 11:43:39,530 [INFO] RtosManager:555 - Registered RTOS mode: class=RTOS, group=Core, mode=CMSIS_V1, owner=FREERTOS
2024-12-05 11:43:39,530 [INFO] RtosManager:555 - Registered RTOS mode: class=RTOS, group=Core, mode=CMSIS_V2, owner=FREERTOS
2024-12-05 11:43:39,530 [WARN] ModelIntegratedComponent:184 - Missing modes for component STMicroelectronics:FreeRTOS:0.0.1:STMicroelectronics:RTOS:FreeRTOS:Core:::10.2.0:
2024-12-05 11:43:39,537 [WARN] ModelIntegratedComponent:63 - No mode defined for component null
2024-12-05 11:43:39,537 [WARN] ModelIntegratedComponent:63 - No mode defined for component null
2024-12-05 11:43:39,537 [WARN] ModelIntegratedComponent:63 - No mode defined for component null
2024-12-05 11:43:39,537 [WARN] ModelIntegratedComponent:63 - No mode defined for component null
2024-12-05 11:43:39,537 [WARN] ModelIntegratedComponent:63 - No mode defined for component null
2024-12-05 11:43:39,537 [WARN] ModelIntegratedComponent:63 - No mode defined for component null
2024-12-05 11:43:39,537 [WARN] ModelIntegratedComponent:63 - No mode defined for component null
2024-12-05 11:43:39,537 [WARN] ModelIntegratedComponent:63 - No mode defined for component null
2024-12-05 11:43:39,538 [WARN] ModelIntegratedComponent:63 - No mode defined for component null
2024-12-05 11:43:39,538 [WARN] ModelIntegratedComponent:63 - No mode defined for component null
2024-12-05 11:43:39,538 [WARN] ModelIntegratedComponent:63 - No mode defined for component null
2024-12-05 11:43:39,538 [WARN] ModelIntegratedComponent:63 - No mode defined for component null
2024-12-05 11:43:39,538 [WARN] ModelIntegratedComponent:63 - No mode defined for component null
2024-12-05 11:43:39,538 [WARN] ModelIntegratedComponent:63 - No mode defined for component null
2024-12-05 11:43:39,538 [WARN] ModelIntegratedComponent:63 - No mode defined for component null
2024-12-05 11:43:39,538 [WARN] ModelIntegratedComponent:63 - No mode defined for component null
2024-12-05 11:43:39,538 [WARN] ModelIntegratedComponent:63 - No mode defined for component null
2024-12-05 11:43:39,538 [WARN] ModelIntegratedComponent:63 - No mode defined for component null
2024-12-05 11:43:39,538 [WARN] ModelIntegratedComponent:63 - No mode defined for component null
2024-12-05 11:43:39,538 [WARN] ModelIntegratedComponent:63 - No mode defined for component null
2024-12-05 11:43:39,538 [WARN] ModelIntegratedComponent:63 - No mode defined for component null
2024-12-05 11:43:39,538 [WARN] ModelIntegratedComponent:63 - No mode defined for component null
2024-12-05 11:43:39,538 [WARN] ModelIntegratedComponent:63 - No mode defined for component null
2024-12-05 11:43:39,538 [WARN] ModelIntegratedComponent:63 - No mode defined for component null
2024-12-05 11:43:39,538 [WARN] ModelIntegratedComponent:63 - No mode defined for component null
2024-12-05 11:43:39,538 [WARN] ModelIntegratedComponent:63 - No mode defined for component null
2024-12-05 11:43:39,538 [WARN] ModelIntegratedComponent:63 - No mode defined for component null
2024-12-05 11:43:39,539 [WARN] ModelIntegratedComponent:63 - No mode defined for component null
2024-12-05 11:43:39,539 [WARN] ModelIntegratedComponent:63 - No mode defined for component null
2024-12-05 11:43:39,539 [WARN] ModelIntegratedComponent:63 - No mode defined for component null
2024-12-05 11:43:39,539 [WARN] ModelIntegratedComponent:63 - No mode defined for component null
2024-12-05 11:43:39,539 [WARN] ModelIntegratedComponent:63 - No mode defined for component null
2024-12-05 11:43:39,539 [WARN] ModelIntegratedComponent:63 - No mode defined for component null
2024-12-05 11:43:39,539 [WARN] ModelIntegratedComponent:63 - No mode defined for component null
2024-12-05 11:43:39,539 [WARN] ModelIntegratedComponent:63 - No mode defined for component null
2024-12-05 11:43:39,539 [WARN] ModelPack:524 - Component already loaded: STMicroelectronics:HAL Drivers:0.0.0:STMicroelectronics:Device:STMicro_Driver:XSPI:HAL::0.0.1:HAL_XSPI
2024-12-05 11:43:39,589 [INFO] ThirdPartyModel:298 - Start build external matchings
2024-12-05 11:43:39,942 [INFO] ThirdPartyModel:316 - End build external matchings
2024-12-05 11:43:39,969 [INFO] ImportTextPane:205 - (OptionalMessage_ERROR) IP (RCC) : Parameter (ADCFreqValue) has invalid value (32000000)
2024-12-05 11:43:39,969 [INFO] ImportTextPane:205 - (OptionalMessage_ERROR) IP (RCC) : Invalid parameter (FamilyName)
2024-12-05 11:43:39,969 [INFO] ImportTextPane:205 - (OptionalMessage_ERROR) IP (RCC) : Parameter (MCOFreq_Value) has invalid value (64000000)
2024-12-05 11:43:39,970 [INFO] ImportTextPane:205 - (OptionalMessage_ERROR) IP (RCC) : Parameter (USBFreq_Value) has invalid value (64000000)
2024-12-05 11:43:40,125 [INFO] UtilMem:75 - End LoadConfig() Used Memory: 430910480 Bytes (614465536)
2024-12-05 11:43:40,284 [WARN] ThirdParty:833 - waiting for thirdparty lock release [change project]
2024-12-05 11:43:40,288 [INFO] ThirdParty:835 - entering critical section [change project]
2024-12-05 11:43:40,289 [INFO] ThirdParty:1030 - CMSIS Pack Vendor :STMicroelectronics USBPD 4.1
2024-12-05 11:43:40,289 [INFO] ThirdParty:1030 - CMSIS Pack Vendor :STMicroelectronics X-CUBE-AZRTOS-H7 3.3.0
2024-12-05 11:43:40,289 [INFO] ThirdParty:1030 - CMSIS Pack Vendor :NimaLTD I-CUBE-RBUF 2.2.0
2024-12-05 11:43:40,289 [INFO] ThirdParty:1030 - CMSIS Pack Vendor :STMicroelectronics X-CUBE-NFC9 1.0.0
2024-12-05 11:43:40,289 [INFO] ThirdParty:1030 - CMSIS Pack Vendor :STMicroelectronics USB_HOST 2.0.0
2024-12-05 11:43:40,289 [INFO] ThirdParty:1030 - CMSIS Pack Vendor :STMicroelectronics FP-SNS-MOTENVWB1 1.4.0
2024-12-05 11:43:40,289 [INFO] ThirdParty:1030 - CMSIS Pack Vendor :STMicroelectronics X-CUBE-AZRTOS-F4 1.1.0
2024-12-05 11:43:40,289 [INFO] ThirdParty:1030 - CMSIS Pack Vendor :STMicroelectronics LIBJPEG 8.0.0
2024-12-05 11:43:40,289 [INFO] ThirdParty:1030 - CMSIS Pack Vendor :STMicroelectronics FP-ATR-ASTRA1 2.0.1
2024-12-05 11:43:40,289 [INFO] ThirdParty:1030 - CMSIS Pack Vendor :STMicroelectronics X-CUBE-SMBUS 2.1.0
2024-12-05 11:43:40,289 [INFO] ThirdParty:1030 - CMSIS Pack Vendor :STMicroelectronics X-CUBE-WB05N 1.1.0
2024-12-05 11:43:40,289 [INFO] ThirdParty:1030 - CMSIS Pack Vendor :NimaLTD I-CUBE-SPIF 2.3.2
2024-12-05 11:43:40,289 [INFO] ThirdParty:1030 - CMSIS Pack Vendor :STMicroelectronics USB_DEVICE 3.0.0
2024-12-05 11:43:40,289 [INFO] ThirdParty:1030 - CMSIS Pack Vendor :STMicroelectronics X-CUBE-TCPP 4.1.0
2024-12-05 11:43:40,289 [INFO] ThirdParty:1030 - CMSIS Pack Vendor :STMicroelectronics X-CUBE-ISPU 2.1.0
2024-12-05 11:43:40,289 [INFO] ThirdParty:1030 - CMSIS Pack Vendor :STMicroelectronics X-CUBE-FREERTOS 1.2.0
2024-12-05 11:43:40,289 [INFO] ThirdParty:1030 - CMSIS Pack Vendor :STMicroelectronics X-CUBE-IPS 3.0.0
2024-12-05 11:43:40,289 [INFO] ThirdParty:1030 - CMSIS Pack Vendor :STMicroelectronics X-CUBE-AZRTOS-WB 2.0.0
2024-12-05 11:43:40,289 [INFO] ThirdParty:1030 - CMSIS Pack Vendor :STMicroelectronics X-CUBE-GNSS1 7.0.0
2024-12-05 11:43:40,289 [INFO] ThirdParty:1030 - CMSIS Pack Vendor :STMicroelectronics X-CUBE-AZRTOS-F7 1.1.0
2024-12-05 11:43:40,289 [INFO] ThirdParty:1030 - CMSIS Pack Vendor :STMicroelectronics X-CUBE-AZRTOS-L5 2.0.0
2024-12-05 11:43:40,289 [INFO] ThirdParty:1030 - CMSIS Pack Vendor :STMicroelectronics USB_DEVICE 2.0.0
2024-12-05 11:43:40,289 [INFO] ThirdParty:1030 - CMSIS Pack Vendor :STMicroelectronics X-CUBE-NFC6 3.1.0
2024-12-05 11:43:40,289 [INFO] ThirdParty:1030 - CMSIS Pack Vendor :STMicroelectronics FP-SNS-STBOX1 2.0.0
2024-12-05 11:43:40,289 [INFO] ThirdParty:1030 - CMSIS Pack Vendor :STMicroelectronics X-CUBE-MEMS1 11.0.0
2024-12-05 11:43:40,289 [INFO] ThirdParty:1030 - CMSIS Pack Vendor :STMicroelectronics FreeRTOS 0.0.1
2024-12-05 11:43:40,289 [INFO] ThirdParty:1030 - CMSIS Pack Vendor :STMicroelectronics X-CUBE-AZRTOS-G0 1.1.0
2024-12-05 11:43:40,289 [INFO] ThirdParty:1030 - CMSIS Pack Vendor :NimaLTD I-CUBE-WS28XX 3.0.1
2024-12-05 11:43:40,289 [INFO] ThirdParty:1030 - CMSIS Pack Vendor :STMicroelectronics X-CUBE-SAFEA1 1.2.2
2024-12-05 11:43:40,289 [INFO] ThirdParty:1030 - CMSIS Pack Vendor :STMicroelectronics X-CUBE-NFC4 3.0.0
2024-12-05 11:43:40,289 [INFO] ThirdParty:1030 - CMSIS Pack Vendor :STMicroelectronics X-CUBE-DPower 1.2.0
2024-12-05 11:43:40,289 [INFO] ThirdParty:1030 - CMSIS Pack Vendor :STMicroelectronics X-CUBE-SUBG2 5.0.0
2024-12-05 11:43:40,289 [INFO] ThirdParty:1030 - CMSIS Pack Vendor :STMicroelectronics STM32_WPAN 1.0.0
2024-12-05 11:43:40,289 [INFO] ThirdParty:1030 - CMSIS Pack Vendor :EmbeddedOffice I-CUBE-FS-RTOS 1.0.1
2024-12-05 11:43:40,289 [INFO] ThirdParty:1030 - CMSIS Pack Vendor :STMicroelectronics lwIP 2.0.3
2024-12-05 11:43:40,289 [INFO] ThirdParty:1030 - CMSIS Pack Vendor :STMicroelectronics FP-SNS-FLIGHT1 5.0.2
2024-12-05 11:43:40,289 [INFO] ThirdParty:1030 - CMSIS Pack Vendor :Cesanta I-CUBE-Mongoose 7.13.0
2024-12-05 11:43:40,289 [INFO] ThirdParty:1030 - CMSIS Pack Vendor :STMicroelectronics USB_HOST 1.0.0
2024-12-05 11:43:40,289 [INFO] ThirdParty:1030 - CMSIS Pack Vendor :STMicroelectronics X-CUBE-AZRTOS-G4 2.0.0
2024-12-05 11:43:40,290 [INFO] ThirdParty:1030 - CMSIS Pack Vendor :NimaLTD I-CUBE-ATC 4.2.1
2024-12-05 11:43:40,290 [INFO] ThirdParty:1030 - CMSIS Pack Vendor :STMicroelectronics PDM2PCM 3.1.0
2024-12-05 11:43:40,290 [INFO] ThirdParty:1030 - CMSIS Pack Vendor :STMicroelectronics PDM2PCM 3.3.0
2024-12-05 11:43:40,290 [INFO] ThirdParty:1030 - CMSIS Pack Vendor :NimaLTD I-CUBE-EE24 3.2.0
2024-12-05 11:43:40,290 [INFO] ThirdParty:1030 - CMSIS Pack Vendor :STMicroelectronics X-CUBE-DISPLAY 3.0.0
2024-12-05 11:43:40,290 [INFO] ThirdParty:1030 - CMSIS Pack Vendor :RealThread X-CUBE-RT-Thread_Nano 4.1.1
2024-12-05 11:43:40,290 [INFO] ThirdParty:1030 - CMSIS Pack Vendor :STMicroelectronics X-CUBE-BLE1 7.0.0
2024-12-05 11:43:40,290 [INFO] ThirdParty:1030 - CMSIS Pack Vendor :STMicroelectronics FP-ATR-SIGFOX1 3.2.0
2024-12-05 11:43:40,290 [INFO] ThirdParty:1030 - CMSIS Pack Vendor :STMicroelectronics X-CUBE-NFC10 1.0.0
2024-12-05 11:43:40,290 [INFO] ThirdParty:1030 - CMSIS Pack Vendor :wolfSSL I-CUBE-wolfSSL 5.7.2
2024-12-05 11:43:40,290 [INFO] ThirdParty:1030 - CMSIS Pack Vendor :quantropi X-CUBE-qispace-sdk-base 1.9.3
2024-12-05 11:43:40,290 [INFO] ThirdParty:1030 - CMSIS Pack Vendor :NimaLTD I-CUBE-EE 3.2.1
2024-12-05 11:43:40,290 [INFO] ThirdParty:1030 - CMSIS Pack Vendor :STMicroelectronics X-CUBE-EEPRMA1 5.1.0
2024-12-05 11:43:40,290 [INFO] ThirdParty:1030 - CMSIS Pack Vendor :STMicroelectronics HAL Drivers 0.0.0
2024-12-05 11:43:40,290 [INFO] ThirdParty:1030 - CMSIS Pack Vendor :STMicroelectronics MBEDTLS 2.16.2
2024-12-05 11:43:40,290 [INFO] ThirdParty:1030 - CMSIS Pack Vendor :STMicroelectronics X-CUBE-ALS 1.0.2
2024-12-05 11:43:40,290 [INFO] ThirdParty:1030 - CMSIS Pack Vendor :emotas I-CUBE-CANOPEN 1.3.0
2024-12-05 11:43:40,290 [INFO] ThirdParty:1030 - CMSIS Pack Vendor :STMicroelectronics X-CUBE-NFC7 1.0.1
2024-12-05 11:43:40,290 [INFO] ThirdParty:1030 - CMSIS Pack Vendor :STMicroelectronics MBEDTLS 2.14.1
2024-12-05 11:43:40,290 [INFO] ThirdParty:1030 - CMSIS Pack Vendor :ITTIA_DB I-CUBE-ITTIADB 8.9.0
2024-12-05 11:43:40,290 [INFO] ThirdParty:1030 - CMSIS Pack Vendor :STMicroelectronics X-CUBE-TOUCHGFX 4.24.1
2024-12-05 11:43:40,290 [INFO] ThirdParty:1030 - CMSIS Pack Vendor :wolfSSL I-CUBE-wolfTPM 3.4.0
2024-12-05 11:43:40,290 [INFO] ThirdParty:1030 - CMSIS Pack Vendor :portGmbH I-Cube-SoM-uGOAL 1.1.0
2024-12-05 11:43:40,290 [INFO] ThirdParty:1030 - CMSIS Pack Vendor :STMicroelectronics X-CUBE-BLEMGR 3.1.0
2024-12-05 11:43:40,290 [INFO] ThirdParty:1030 - CMSIS Pack Vendor :STMicroelectronics ThreadX 1.0.0
2024-12-05 11:43:40,290 [INFO] ThirdParty:1030 - CMSIS Pack Vendor :STMicroelectronics FP-SNS-SMARTAG2 1.2.0
2024-12-05 11:43:40,290 [INFO] ThirdParty:1030 - CMSIS Pack Vendor :STMicroelectronics X-CUBE-AZRTOS-WL 2.0.0
2024-12-05 11:43:40,290 [INFO] ThirdParty:1030 - CMSIS Pack Vendor :SEGGER I-CUBE-embOS 1.3.1
2024-12-05 11:43:40,290 [INFO] ThirdParty:1030 - CMSIS Pack Vendor :STMicroelectronics X-CUBE-ALGOBUILD 1.4.0
2024-12-05 11:43:40,290 [INFO] ThirdParty:1030 - CMSIS Pack Vendor :STMicroelectronics FP-SNS-MOTENV1 5.0.0
2024-12-05 11:43:40,290 [INFO] ThirdParty:1030 - CMSIS Pack Vendor :STMicroelectronics USB_DEVICE 1.0.0
2024-12-05 11:43:40,290 [INFO] ThirdParty:1030 - CMSIS Pack Vendor :STMicroelectronics X-CUBE-AZRTOS-H7RS 1.0.0
2024-12-05 11:43:40,290 [INFO] ThirdParty:1030 - CMSIS Pack Vendor :wolfSSL I-CUBE-wolfMQTT 1.19.0
2024-12-05 11:43:40,290 [INFO] ThirdParty:1030 - CMSIS Pack Vendor :STMicroelectronics X-CUBE-AZRTOS-L4 2.0.0
2024-12-05 11:43:40,290 [INFO] ThirdParty:1030 - CMSIS Pack Vendor :STMicroelectronics ThreadX 0.0.2
2024-12-05 11:43:40,290 [INFO] ThirdParty:1030 - CMSIS Pack Vendor :WES I-CUBE-Cesium 1.3.0
2024-12-05 11:43:40,290 [INFO] ThirdParty:1030 - CMSIS Pack Vendor :STMicroelectronics FP-ATR-ASTRA1 2.0.0
2024-12-05 11:43:40,290 [INFO] ThirdParty:1030 - CMSIS Pack Vendor :STMicroelectronics lwIP 2.1.2
2024-12-05 11:43:40,290 [INFO] ThirdParty:1030 - CMSIS Pack Vendor :STMicroelectronics X-CUBE-SFXS2LP1 4.0.0
2024-12-05 11:43:40,290 [INFO] ThirdParty:1030 - CMSIS Pack Vendor :STMicroelectronics X-CUBE-BLE2 3.3.0
2024-12-05 11:43:40,290 [INFO] ThirdParty:1030 - CMSIS Pack Vendor :STMicroelectronics X-CUBE-TOF1 3.4.2
2024-12-05 11:43:40,290 [INFO] ThirdParty:1030 - CMSIS Pack Vendor :STMicroelectronics X-CUBE-AI 9.1.0
2024-12-05 11:43:40,290 [INFO] ThirdParty:1030 - CMSIS Pack Vendor :Infineon AIROC-Wi-Fi-Bluetooth-STM32 1.6.1
2024-12-05 11:43:40,290 [INFO] ThirdParty:1030 - CMSIS Pack Vendor :STMicroelectronics PDM2PCM 3.2.0
2024-12-05 11:43:40,290 [INFO] ThirdParty:1030 - CMSIS Pack Vendor :wolfSSL I-CUBE-wolfSSH 1.4.17
2024-12-05 11:43:40,291 [INFO] ThirdParty:841 - exiting critical section [change project]
2024-12-05 11:43:40,735 [INFO] PinOutPanel:1561 - setPackage(No Configuration,No Configuration)
2024-12-05 11:43:40,742 [INFO] PinOutPanel:1561 - setPackage(STM32F103RBTx,LQFP64)
2024-12-05 11:43:41,191 [INFO] UtilMem:75 - Before build in PCC Used Memory: 254702552 Bytes (614465536)
2024-12-05 11:43:41,818 [INFO] UtilMem:75 - After build in PCC Used Memory: 296119256 Bytes (614465536)
2024-12-05 11:43:41,905 [INFO] IPUIPlugin:80 - create IPUIPlugin
2024-12-05 11:43:41,905 [INFO] IPUIPlugin:80 - create IPUIPlugin
2024-12-05 11:43:41,905 [INFO] IPUIPlugin:80 - create IPUIPlugin
2024-12-05 11:43:41,906 [INFO] IPUIPlugin:80 - create IPUIPlugin
2024-12-05 11:43:41,906 [INFO] IPUIPlugin:80 - create IPUIPlugin
2024-12-05 11:43:41,906 [INFO] IPUIPlugin:80 - create IPUIPlugin
2024-12-05 11:43:41,906 [INFO] IPUIPlugin:80 - create IPUIPlugin
2024-12-05 11:43:41,906 [INFO] IPUIPlugin:80 - create IPUIPlugin
2024-12-05 11:43:41,906 [INFO] IPUIPlugin:80 - create IPUIPlugin
2024-12-05 11:43:41,907 [INFO] IPUIPlugin:80 - create IPUIPlugin
2024-12-05 11:43:41,907 [INFO] IPUIPlugin:80 - create IPUIPlugin
2024-12-05 11:43:41,907 [INFO] IPUIPlugin:80 - create IPUIPlugin
2024-12-05 11:43:41,907 [INFO] IPUIPlugin:80 - create IPUIPlugin
2024-12-05 11:43:41,907 [INFO] IPUIPlugin:80 - create IPUIPlugin
2024-12-05 11:43:41,907 [INFO] IPUIPlugin:80 - create IPUIPlugin
2024-12-05 11:43:41,907 [INFO] IPUIPlugin:80 - create IPUIPlugin
2024-12-05 11:43:41,908 [INFO] IPUIPlugin:80 - create IPUIPlugin
2024-12-05 11:43:41,908 [INFO] IPUIPlugin:80 - create IPUIPlugin
2024-12-05 11:43:41,908 [INFO] IPUIPlugin:80 - create IPUIPlugin
2024-12-05 11:43:41,908 [INFO] IPUIPlugin:80 - create IPUIPlugin
2024-12-05 11:43:41,908 [INFO] IPUIPlugin:80 - create IPUIPlugin
2024-12-05 11:43:41,908 [INFO] IPUIPlugin:80 - create IPUIPlugin
2024-12-05 11:43:41,908 [INFO] IPUIPlugin:80 - create IPUIPlugin
2024-12-05 11:43:41,908 [INFO] IPUIPlugin:80 - create IPUIPlugin
2024-12-05 11:43:41,909 [INFO] IPUIPlugin:80 - create IPUIPlugin
2024-12-05 11:43:41,909 [INFO] IPUIPlugin:80 - create IPUIPlugin
2024-12-05 11:43:41,913 [INFO] IPUIPlugin:80 - create IPUIPlugin
2024-12-05 11:43:42,014 [INFO] CADModel:165 - CPN selected for project levelSTM32F103RBT6
2024-12-05 11:43:42,014 [INFO] CADModel:114 - Register for checkConnection events
2024-12-05 11:43:42,061 [INFO] OpenFileManager:363 - Restore cursor
2024-12-05 14:24:40,732 [INFO] WebApp:189 - Connection lost
2024-12-05 14:29:40,104 [INFO] WebApp:186 - Connection restablished
2024-12-05 14:29:54,297 [INFO] WebApp:189 - Connection lost
2024-12-05 14:30:05,959 [INFO] WebApp:186 - Connection restablished
2024-12-05 15:10:56,927 [INFO] WebApp:189 - Connection lost
2024-12-05 15:10:58,631 [INFO] WebApp:186 - Connection restablished
2024-12-05 16:01:50,268 [INFO] MainUpdater:2873 - connection check result : 10
2024-12-05 16:01:50,273 [INFO] MainUpdater:2873 - connection check result : 10
2024-12-05 16:01:50,889 [INFO] MicroXplorer:468 - Change Database Path : 
2024-12-05 16:01:50,890 [INFO] MicroXplorer:498 - Change Database Version : DB.6.0.121
2024-12-05 16:01:51,060 [ERROR] ProjectManagerView:394 - 
java.lang.NullPointerException: Cannot invoke "javax.swing.JTextField.getText()" because the return value of "java.util.List.get(int)" is null
	at com.st.microxplorer.plugins.projectmanager.gui.ProjectChoiceTab$10.caretUpdate(ProjectChoiceTab.java:2622) ~[filemanager.jar:?]
	at javax.swing.text.JTextComponent.fireCaretUpdate(JTextComponent.java:412) ~[?:?]
	at javax.swing.text.JTextComponent$MutableCaretEvent.fire(JTextComponent.java:4491) ~[?:?]
	at javax.swing.text.JTextComponent$MutableCaretEvent.stateChanged(JTextComponent.java:4513) ~[?:?]
	at javax.swing.text.DefaultCaret.fireStateChanged(DefaultCaret.java:842) ~[?:?]
	at javax.swing.text.DefaultCaret.changeCaretPosition(DefaultCaret.java:1313) ~[?:?]
	at javax.swing.text.DefaultCaret.handleSetDot(DefaultCaret.java:1212) ~[?:?]
	at javax.swing.text.DefaultCaret.setDot(DefaultCaret.java:1193) ~[?:?]
	at javax.swing.text.DefaultCaret$Handler.insertUpdate(DefaultCaret.java:1789) ~[?:?]
	at javax.swing.text.AbstractDocument.fireInsertUpdate(AbstractDocument.java:226) ~[?:?]
	at javax.swing.text.AbstractDocument.handleInsertString(AbstractDocument.java:780) ~[?:?]
	at javax.swing.text.AbstractDocument.insertString(AbstractDocument.java:739) ~[?:?]
	at javax.swing.text.PlainDocument.insertString(PlainDocument.java:131) ~[?:?]
	at javax.swing.text.AbstractDocument.replace(AbstractDocument.java:698) ~[?:?]
	at javax.swing.text.JTextComponent.setText(JTextComponent.java:1729) ~[?:?]
	at com.st.microxplorer.plugins.projectmanager.gui.ProjectChoiceTab.createHeapStackFields(ProjectChoiceTab.java:972) ~[filemanager.jar:?]
	at com.st.microxplorer.plugins.projectmanager.gui.ProjectChoiceTab.buildLinkSettingsPanel(ProjectChoiceTab.java:3597) ~[filemanager.jar:?]
	at com.st.microxplorer.plugins.projectmanager.gui.ProjectChoiceTab.defineWindowsFields(ProjectChoiceTab.java:1940) ~[filemanager.jar:?]
	at com.st.microxplorer.plugins.projectmanager.gui.ProjectChoiceTab.updateSettings(ProjectChoiceTab.java:550) ~[filemanager.jar:?]
	at com.st.microxplorer.plugins.projectmanager.gui.ProjectSettingsPanel.UpdateDialog(ProjectSettingsPanel.java:245) ~[filemanager.jar:?]
	at com.st.microxplorer.plugins.projectmanager.ProjectManagerView.propertyChange(ProjectManagerView.java:391) ~[filemanager.jar:?]
	at java.beans.PropertyChangeSupport.fire(PropertyChangeSupport.java:343) ~[?:?]
	at java.beans.PropertyChangeSupport.firePropertyChange(PropertyChangeSupport.java:335) ~[?:?]
	at java.beans.PropertyChangeSupport.firePropertyChange(PropertyChangeSupport.java:268) ~[?:?]
	at com.st.microxplorer.util.MXPropertyChangeSupport.firePropertyChange(MXPropertyChangeSupport.java:54) ~[STM32CubeMX.jar:?]
	at com.st.microxplorer.mxsystem.MxSystem.closeConfig(MxSystem.java:900) ~[STM32CubeMX.jar:?]
	at com.st.microxplorer.maingui.MainPanel.closeConfig(MainPanel.java:781) ~[STM32CubeMX.jar:?]
	at com.st.microxplorer.plugins.filemanager.engine.OpenFileManager.loadConfigurationFile(OpenFileManager.java:265) ~[filemanager.jar:?]
	at com.st.microxplorer.plugins.filemanager.engine.MainFileManager.userLoadConfig(MainFileManager.java:352) ~[filemanager.jar:?]
	at com.st.microxplorer.plugins.filemanager.engine.MainFileManager.userLoadConfig(MainFileManager.java:330) ~[filemanager.jar:?]
	at com.st.microxplorer.plugins.filemanager.FileManagerView.getSpecificTask(FileManagerView.java:246) ~[filemanager.jar:?]
	at com.st.stm32cube.common.mx.editor.CubeMxEditor.getMxTabbedPaneInstance(CubeMxEditor.java:1198) ~[com.st.stm32cube.common.mx_6.12.1.202409122256/:?]
	at com.st.stm32cube.common.mx.editor.CubeMxEditor$12$1.createSwingComponent(CubeMxEditor.java:1068) ~[com.st.stm32cube.common.mx_6.12.1.202409122256/:?]
	at com.st.stm32cube.common.mx.oss.core.awtswtbridge.EmbeddedSwingComposite.doComponentCreation(EmbeddedSwingComposite.java:492) ~[com.st.stm32cube.common.mx.oss_6.12.1.202409122256/:?]
	at com.st.stm32cube.common.mx.oss.core.awtswtbridge.EmbeddedSwingComposite$4.run(EmbeddedSwingComposite.java:291) ~[com.st.stm32cube.common.mx.oss_6.12.1.202409122256/:?]
	at com.st.stm32cube.common.mx.oss.core.awtswtbridge.AwtEnvironment$2.run(AwtEnvironment.java:166) ~[com.st.stm32cube.common.mx.oss_6.12.1.202409122256/:?]
	at java.awt.event.InvocationEvent.dispatch(InvocationEvent.java:318) ~[?:?]
	at java.awt.EventQueue.dispatchEventImpl(EventQueue.java:773) ~[?:?]
	at java.awt.EventQueue$4.run(EventQueue.java:720) ~[?:?]
	at java.awt.EventQueue$4.run(EventQueue.java:714) ~[?:?]
	at java.security.AccessController.doPrivileged(AccessController.java:399) ~[?:?]
	at java.security.ProtectionDomain$JavaSecurityAccessImpl.doIntersectionPrivilege(ProtectionDomain.java:86) ~[?:?]
	at java.awt.EventQueue.dispatchEvent(EventQueue.java:742) ~[?:?]
	at java.awt.EventDispatchThread.pumpOneEventForFilters(EventDispatchThread.java:203) ~[?:?]
	at java.awt.EventDispatchThread.pumpEventsForFilter(EventDispatchThread.java:124) ~[?:?]
	at java.awt.EventDispatchThread.pumpEventsForHierarchy(EventDispatchThread.java:113) ~[?:?]
	at java.awt.EventDispatchThread.pumpEvents(EventDispatchThread.java:109) ~[?:?]
	at java.awt.EventDispatchThread.pumpEvents(EventDispatchThread.java:101) ~[?:?]
	at java.awt.EventDispatchThread.run(EventDispatchThread.java:90) ~[?:?]
2024-12-05 16:01:51,071 [WARN] ThirdParty:871 - waiting for thirdparty lock release [close project]
2024-12-05 16:01:51,071 [INFO] ThirdParty:873 - entering critical section [close project]
2024-12-05 16:01:51,072 [INFO] ThirdParty:883 - exiting critical section [close project]
2024-12-05 16:01:51,081 [INFO] PinOutPanel:1561 - setPackage(No Configuration,No Configuration)
2024-12-05 16:01:51,099 [INFO] UtilMem:75 - Begin LoadConfig() Used Memory: 362956776 Bytes (614465536)
2024-12-05 16:01:51,109 [INFO] MicroXplorer:468 - Change Database Path : 
2024-12-05 16:01:51,109 [INFO] MicroXplorer:498 - Change Database Version : DB.6.0.121
2024-12-05 16:01:51,110 [INFO] OpenFileManager:332 - Change cursor
2024-12-05 16:01:51,275 [INFO] Mcu:2032 - Initializing MCU STM32F103R(8-B)Tx STM32F103RBTx STM32F103RBT6
2024-12-05 16:01:52,935 [INFO] Context:742 - Trying to add GPIOservice into a context  which must be forbidden
2024-12-05 16:01:53,424 [INFO] ApiDbMcu:508 - Load IP Config File for NimaLTD.I-CUBE-WS28XX.3.0.1
2024-12-05 16:01:53,687 [INFO] RtosManager:555 - Registered RTOS mode: class=CMSIS, group=RTOS, mode=CMSIS_V1, owner=FREERTOS
2024-12-05 16:01:53,688 [INFO] RtosManager:555 - Registered RTOS mode: class=CMSIS, group=RTOS2, mode=CMSIS_V2, owner=FREERTOS
2024-12-05 16:01:53,688 [INFO] RtosManager:555 - Registered RTOS mode: class=RTOS, group=Core, mode=CMSIS_V1, owner=FREERTOS
2024-12-05 16:01:53,688 [INFO] RtosManager:555 - Registered RTOS mode: class=RTOS, group=Core, mode=CMSIS_V2, owner=FREERTOS
2024-12-05 16:01:53,688 [WARN] ModelIntegratedComponent:184 - Missing modes for component STMicroelectronics:FreeRTOS:0.0.1:STMicroelectronics:RTOS:FreeRTOS:Core:::10.2.0:
2024-12-05 16:01:53,695 [WARN] ModelIntegratedComponent:63 - No mode defined for component null
2024-12-05 16:01:53,695 [WARN] ModelIntegratedComponent:63 - No mode defined for component null
2024-12-05 16:01:53,696 [WARN] ModelIntegratedComponent:63 - No mode defined for component null
2024-12-05 16:01:53,696 [WARN] ModelIntegratedComponent:63 - No mode defined for component null
2024-12-05 16:01:53,696 [WARN] ModelIntegratedComponent:63 - No mode defined for component null
2024-12-05 16:01:53,696 [WARN] ModelIntegratedComponent:63 - No mode defined for component null
2024-12-05 16:01:53,696 [WARN] ModelIntegratedComponent:63 - No mode defined for component null
2024-12-05 16:01:53,696 [WARN] ModelIntegratedComponent:63 - No mode defined for component null
2024-12-05 16:01:53,696 [WARN] ModelIntegratedComponent:63 - No mode defined for component null
2024-12-05 16:01:53,696 [WARN] ModelIntegratedComponent:63 - No mode defined for component null
2024-12-05 16:01:53,696 [WARN] ModelIntegratedComponent:63 - No mode defined for component null
2024-12-05 16:01:53,696 [WARN] ModelIntegratedComponent:63 - No mode defined for component null
2024-12-05 16:01:53,696 [WARN] ModelIntegratedComponent:63 - No mode defined for component null
2024-12-05 16:01:53,696 [WARN] ModelIntegratedComponent:63 - No mode defined for component null
2024-12-05 16:01:53,696 [WARN] ModelIntegratedComponent:63 - No mode defined for component null
2024-12-05 16:01:53,696 [WARN] ModelIntegratedComponent:63 - No mode defined for component null
2024-12-05 16:01:53,696 [WARN] ModelIntegratedComponent:63 - No mode defined for component null
2024-12-05 16:01:53,696 [WARN] ModelIntegratedComponent:63 - No mode defined for component null
2024-12-05 16:01:53,696 [WARN] ModelIntegratedComponent:63 - No mode defined for component null
2024-12-05 16:01:53,696 [WARN] ModelIntegratedComponent:63 - No mode defined for component null
2024-12-05 16:01:53,696 [WARN] ModelIntegratedComponent:63 - No mode defined for component null
2024-12-05 16:01:53,696 [WARN] ModelIntegratedComponent:63 - No mode defined for component null
2024-12-05 16:01:53,696 [WARN] ModelIntegratedComponent:63 - No mode defined for component null
2024-12-05 16:01:53,696 [WARN] ModelIntegratedComponent:63 - No mode defined for component null
2024-12-05 16:01:53,696 [WARN] ModelIntegratedComponent:63 - No mode defined for component null
2024-12-05 16:01:53,696 [WARN] ModelIntegratedComponent:63 - No mode defined for component null
2024-12-05 16:01:53,696 [WARN] ModelIntegratedComponent:63 - No mode defined for component null
2024-12-05 16:01:53,696 [WARN] ModelIntegratedComponent:63 - No mode defined for component null
2024-12-05 16:01:53,696 [WARN] ModelIntegratedComponent:63 - No mode defined for component null
2024-12-05 16:01:53,696 [WARN] ModelIntegratedComponent:63 - No mode defined for component null
2024-12-05 16:01:53,696 [WARN] ModelIntegratedComponent:63 - No mode defined for component null
2024-12-05 16:01:53,696 [WARN] ModelIntegratedComponent:63 - No mode defined for component null
2024-12-05 16:01:53,696 [WARN] ModelIntegratedComponent:63 - No mode defined for component null
2024-12-05 16:01:53,696 [WARN] ModelIntegratedComponent:63 - No mode defined for component null
2024-12-05 16:01:53,696 [WARN] ModelIntegratedComponent:63 - No mode defined for component null
2024-12-05 16:01:53,697 [WARN] ModelPack:524 - Component already loaded: STMicroelectronics:HAL Drivers:0.0.0:STMicroelectronics:Device:STMicro_Driver:XSPI:HAL::0.0.1:HAL_XSPI
2024-12-05 16:01:54,346 [INFO] ThirdPartyModel:298 - Start build external matchings
2024-12-05 16:01:54,664 [INFO] ThirdPartyModel:316 - End build external matchings
2024-12-05 16:01:54,711 [INFO] ImportTextPane:205 - (OptionalMessage_ERROR) IP (DMA) : Parameter (Instance) has Id (TIM3_CH1/TRIG) currently not set
2024-12-05 16:01:54,712 [INFO] ImportTextPane:205 - (OptionalMessage_ERROR) IP (DMA) : Parameter (Direction) has Id (TIM3_CH1/TRIG) currently not set
2024-12-05 16:01:54,712 [INFO] ImportTextPane:205 - (OptionalMessage_ERROR) IP (DMA) : Parameter (PeriphInc) has Id (TIM3_CH1/TRIG) currently not set
2024-12-05 16:01:54,712 [INFO] ImportTextPane:205 - (OptionalMessage_ERROR) IP (DMA) : Parameter (MemInc) has Id (TIM3_CH1/TRIG) currently not set
2024-12-05 16:01:54,713 [INFO] ImportTextPane:205 - (OptionalMessage_ERROR) IP (DMA) : Parameter (PeriphDataAlignment) has Id (TIM3_CH1/TRIG) currently not set
2024-12-05 16:01:54,714 [INFO] ImportTextPane:205 - (OptionalMessage_ERROR) IP (DMA) : Parameter (MemDataAlignment) has Id (TIM3_CH1/TRIG) currently not set
2024-12-05 16:01:54,714 [INFO] ImportTextPane:205 - (OptionalMessage_ERROR) IP (DMA) : Parameter (Mode) has Id (TIM3_CH1/TRIG) currently not set
2024-12-05 16:01:54,714 [INFO] ImportTextPane:205 - (OptionalMessage_ERROR) IP (DMA) : Parameter (Priority) has Id (TIM3_CH1/TRIG) currently not set
2024-12-05 16:01:54,714 [INFO] ImportTextPane:205 - (OptionalMessage_ERROR) IP (DMA) : Parameter (Instance) has Id (TIM2_CH1) currently not set
2024-12-05 16:01:54,714 [INFO] ImportTextPane:205 - (OptionalMessage_ERROR) IP (DMA) : Parameter (Direction) has Id (TIM2_CH1) currently not set
2024-12-05 16:01:54,714 [INFO] ImportTextPane:205 - (OptionalMessage_ERROR) IP (DMA) : Parameter (PeriphInc) has Id (TIM2_CH1) currently not set
2024-12-05 16:01:54,714 [INFO] ImportTextPane:205 - (OptionalMessage_ERROR) IP (DMA) : Parameter (MemInc) has Id (TIM2_CH1) currently not set
2024-12-05 16:01:54,714 [INFO] ImportTextPane:205 - (OptionalMessage_ERROR) IP (DMA) : Parameter (PeriphDataAlignment) has Id (TIM2_CH1) currently not set
2024-12-05 16:01:54,714 [INFO] ImportTextPane:205 - (OptionalMessage_ERROR) IP (DMA) : Parameter (MemDataAlignment) has Id (TIM2_CH1) currently not set
2024-12-05 16:01:54,714 [INFO] ImportTextPane:205 - (OptionalMessage_ERROR) IP (DMA) : Parameter (Mode) has Id (TIM2_CH1) currently not set
2024-12-05 16:01:54,714 [INFO] ImportTextPane:205 - (OptionalMessage_ERROR) IP (DMA) : Parameter (Priority) has Id (TIM2_CH1) currently not set
2024-12-05 16:01:54,715 [INFO] ImportTextPane:205 - (OptionalMessage_ERROR) IP (RCC) : Parameter (ADCFreqValue) has invalid value (36000000)
2024-12-05 16:01:54,715 [INFO] ImportTextPane:205 - (OptionalMessage_ERROR) IP (RCC) : Invalid parameter (FamilyName)
2024-12-05 16:01:54,715 [INFO] ImportTextPane:205 - (OptionalMessage_ERROR) IP (RCC) : Parameter (MCOFreq_Value) has invalid value (72000000)
2024-12-05 16:01:54,716 [INFO] ImportTextPane:205 - (OptionalMessage_ERROR) IP (RCC) : Parameter (USBFreq_Value) has invalid value (72000000)
2024-12-05 16:01:54,911 [INFO] UtilMem:75 - End LoadConfig() Used Memory: 386590232 Bytes (614465536)
2024-12-05 16:01:55,113 [WARN] ThirdParty:833 - waiting for thirdparty lock release [change project]
2024-12-05 16:01:55,119 [INFO] ThirdParty:835 - entering critical section [change project]
2024-12-05 16:01:55,119 [INFO] ThirdParty:1030 - CMSIS Pack Vendor :STMicroelectronics USBPD 4.1
2024-12-05 16:01:55,119 [INFO] ThirdParty:1030 - CMSIS Pack Vendor :STMicroelectronics X-CUBE-AZRTOS-H7 3.3.0
2024-12-05 16:01:55,120 [INFO] ThirdParty:1030 - CMSIS Pack Vendor :NimaLTD I-CUBE-RBUF 2.2.0
2024-12-05 16:01:55,120 [INFO] ThirdParty:1030 - CMSIS Pack Vendor :STMicroelectronics X-CUBE-NFC9 1.0.0
2024-12-05 16:01:55,120 [INFO] ThirdParty:1030 - CMSIS Pack Vendor :STMicroelectronics USB_HOST 2.0.0
2024-12-05 16:01:55,120 [INFO] ThirdParty:1030 - CMSIS Pack Vendor :STMicroelectronics FP-SNS-MOTENVWB1 1.4.0
2024-12-05 16:01:55,120 [INFO] ThirdParty:1030 - CMSIS Pack Vendor :STMicroelectronics X-CUBE-AZRTOS-F4 1.1.0
2024-12-05 16:01:55,120 [INFO] ThirdParty:1030 - CMSIS Pack Vendor :STMicroelectronics LIBJPEG 8.0.0
2024-12-05 16:01:55,120 [INFO] ThirdParty:1030 - CMSIS Pack Vendor :STMicroelectronics FP-ATR-ASTRA1 2.0.1
2024-12-05 16:01:55,120 [INFO] ThirdParty:1030 - CMSIS Pack Vendor :STMicroelectronics X-CUBE-SMBUS 2.1.0
2024-12-05 16:01:55,120 [INFO] ThirdParty:1030 - CMSIS Pack Vendor :STMicroelectronics X-CUBE-WB05N 1.1.0
2024-12-05 16:01:55,120 [INFO] ThirdParty:1030 - CMSIS Pack Vendor :NimaLTD I-CUBE-SPIF 2.3.2
2024-12-05 16:01:55,120 [INFO] ThirdParty:1030 - CMSIS Pack Vendor :STMicroelectronics USB_DEVICE 3.0.0
2024-12-05 16:01:55,120 [INFO] ThirdParty:1030 - CMSIS Pack Vendor :STMicroelectronics X-CUBE-TCPP 4.1.0
2024-12-05 16:01:55,120 [INFO] ThirdParty:1030 - CMSIS Pack Vendor :STMicroelectronics X-CUBE-ISPU 2.1.0
2024-12-05 16:01:55,120 [INFO] ThirdParty:1030 - CMSIS Pack Vendor :STMicroelectronics X-CUBE-FREERTOS 1.2.0
2024-12-05 16:01:55,120 [INFO] ThirdParty:1030 - CMSIS Pack Vendor :STMicroelectronics X-CUBE-IPS 3.0.0
2024-12-05 16:01:55,120 [INFO] ThirdParty:1030 - CMSIS Pack Vendor :STMicroelectronics X-CUBE-AZRTOS-WB 2.0.0
2024-12-05 16:01:55,120 [INFO] ThirdParty:1030 - CMSIS Pack Vendor :STMicroelectronics X-CUBE-GNSS1 7.0.0
2024-12-05 16:01:55,120 [INFO] ThirdParty:1030 - CMSIS Pack Vendor :STMicroelectronics X-CUBE-AZRTOS-F7 1.1.0
2024-12-05 16:01:55,120 [INFO] ThirdParty:1030 - CMSIS Pack Vendor :STMicroelectronics X-CUBE-AZRTOS-L5 2.0.0
2024-12-05 16:01:55,120 [INFO] ThirdParty:1030 - CMSIS Pack Vendor :STMicroelectronics USB_DEVICE 2.0.0
2024-12-05 16:01:55,120 [INFO] ThirdParty:1030 - CMSIS Pack Vendor :STMicroelectronics X-CUBE-NFC6 3.1.0
2024-12-05 16:01:55,120 [INFO] ThirdParty:1030 - CMSIS Pack Vendor :STMicroelectronics FP-SNS-STBOX1 2.0.0
2024-12-05 16:01:55,120 [INFO] ThirdParty:1030 - CMSIS Pack Vendor :STMicroelectronics X-CUBE-MEMS1 11.0.0
2024-12-05 16:01:55,120 [INFO] ThirdParty:1030 - CMSIS Pack Vendor :STMicroelectronics FreeRTOS 0.0.1
2024-12-05 16:01:55,120 [INFO] ThirdParty:1030 - CMSIS Pack Vendor :STMicroelectronics X-CUBE-AZRTOS-G0 1.1.0
2024-12-05 16:01:55,120 [INFO] ThirdParty:1030 - CMSIS Pack Vendor :NimaLTD I-CUBE-WS28XX 3.0.1
2024-12-05 16:01:55,120 [INFO] ThirdParty:1030 - CMSIS Pack Vendor :STMicroelectronics X-CUBE-SAFEA1 1.2.2
2024-12-05 16:01:55,120 [INFO] ThirdParty:1030 - CMSIS Pack Vendor :STMicroelectronics X-CUBE-NFC4 3.0.0
2024-12-05 16:01:55,120 [INFO] ThirdParty:1030 - CMSIS Pack Vendor :STMicroelectronics X-CUBE-DPower 1.2.0
2024-12-05 16:01:55,120 [INFO] ThirdParty:1030 - CMSIS Pack Vendor :STMicroelectronics X-CUBE-SUBG2 5.0.0
2024-12-05 16:01:55,120 [INFO] ThirdParty:1030 - CMSIS Pack Vendor :STMicroelectronics STM32_WPAN 1.0.0
2024-12-05 16:01:55,120 [INFO] ThirdParty:1030 - CMSIS Pack Vendor :EmbeddedOffice I-CUBE-FS-RTOS 1.0.1
2024-12-05 16:01:55,120 [INFO] ThirdParty:1030 - CMSIS Pack Vendor :STMicroelectronics lwIP 2.0.3
2024-12-05 16:01:55,120 [INFO] ThirdParty:1030 - CMSIS Pack Vendor :STMicroelectronics FP-SNS-FLIGHT1 5.0.2
2024-12-05 16:01:55,120 [INFO] ThirdParty:1030 - CMSIS Pack Vendor :Cesanta I-CUBE-Mongoose 7.13.0
2024-12-05 16:01:55,120 [INFO] ThirdParty:1030 - CMSIS Pack Vendor :STMicroelectronics USB_HOST 1.0.0
2024-12-05 16:01:55,120 [INFO] ThirdParty:1030 - CMSIS Pack Vendor :STMicroelectronics X-CUBE-AZRTOS-G4 2.0.0
2024-12-05 16:01:55,120 [INFO] ThirdParty:1030 - CMSIS Pack Vendor :NimaLTD I-CUBE-ATC 4.2.1
2024-12-05 16:01:55,120 [INFO] ThirdParty:1030 - CMSIS Pack Vendor :STMicroelectronics PDM2PCM 3.1.0
2024-12-05 16:01:55,121 [INFO] ThirdParty:1030 - CMSIS Pack Vendor :STMicroelectronics PDM2PCM 3.3.0
2024-12-05 16:01:55,121 [INFO] ThirdParty:1030 - CMSIS Pack Vendor :NimaLTD I-CUBE-EE24 3.2.0
2024-12-05 16:01:55,121 [INFO] ThirdParty:1030 - CMSIS Pack Vendor :STMicroelectronics X-CUBE-DISPLAY 3.0.0
2024-12-05 16:01:55,121 [INFO] ThirdParty:1030 - CMSIS Pack Vendor :RealThread X-CUBE-RT-Thread_Nano 4.1.1
2024-12-05 16:01:55,121 [INFO] ThirdParty:1030 - CMSIS Pack Vendor :STMicroelectronics X-CUBE-BLE1 7.0.0
2024-12-05 16:01:55,121 [INFO] ThirdParty:1030 - CMSIS Pack Vendor :STMicroelectronics FP-ATR-SIGFOX1 3.2.0
2024-12-05 16:01:55,121 [INFO] ThirdParty:1030 - CMSIS Pack Vendor :STMicroelectronics X-CUBE-NFC10 1.0.0
2024-12-05 16:01:55,121 [INFO] ThirdParty:1030 - CMSIS Pack Vendor :wolfSSL I-CUBE-wolfSSL 5.7.2
2024-12-05 16:01:55,121 [INFO] ThirdParty:1030 - CMSIS Pack Vendor :quantropi X-CUBE-qispace-sdk-base 1.9.3
2024-12-05 16:01:55,121 [INFO] ThirdParty:1030 - CMSIS Pack Vendor :NimaLTD I-CUBE-EE 3.2.1
2024-12-05 16:01:55,121 [INFO] ThirdParty:1030 - CMSIS Pack Vendor :STMicroelectronics X-CUBE-EEPRMA1 5.1.0
2024-12-05 16:01:55,121 [INFO] ThirdParty:1030 - CMSIS Pack Vendor :STMicroelectronics HAL Drivers 0.0.0
2024-12-05 16:01:55,121 [INFO] ThirdParty:1030 - CMSIS Pack Vendor :STMicroelectronics MBEDTLS 2.16.2
2024-12-05 16:01:55,121 [INFO] ThirdParty:1030 - CMSIS Pack Vendor :STMicroelectronics X-CUBE-ALS 1.0.2
2024-12-05 16:01:55,121 [INFO] ThirdParty:1030 - CMSIS Pack Vendor :emotas I-CUBE-CANOPEN 1.3.0
2024-12-05 16:01:55,121 [INFO] ThirdParty:1030 - CMSIS Pack Vendor :STMicroelectronics X-CUBE-NFC7 1.0.1
2024-12-05 16:01:55,121 [INFO] ThirdParty:1030 - CMSIS Pack Vendor :STMicroelectronics MBEDTLS 2.14.1
2024-12-05 16:01:55,121 [INFO] ThirdParty:1030 - CMSIS Pack Vendor :ITTIA_DB I-CUBE-ITTIADB 8.9.0
2024-12-05 16:01:55,121 [INFO] ThirdParty:1030 - CMSIS Pack Vendor :STMicroelectronics X-CUBE-TOUCHGFX 4.24.1
2024-12-05 16:01:55,121 [INFO] ThirdParty:1030 - CMSIS Pack Vendor :wolfSSL I-CUBE-wolfTPM 3.4.0
2024-12-05 16:01:55,121 [INFO] ThirdParty:1030 - CMSIS Pack Vendor :portGmbH I-Cube-SoM-uGOAL 1.1.0
2024-12-05 16:01:55,121 [INFO] ThirdParty:1030 - CMSIS Pack Vendor :STMicroelectronics X-CUBE-BLEMGR 3.1.0
2024-12-05 16:01:55,121 [INFO] ThirdParty:1030 - CMSIS Pack Vendor :STMicroelectronics ThreadX 1.0.0
2024-12-05 16:01:55,121 [INFO] ThirdParty:1030 - CMSIS Pack Vendor :STMicroelectronics FP-SNS-SMARTAG2 1.2.0
2024-12-05 16:01:55,121 [INFO] ThirdParty:1030 - CMSIS Pack Vendor :STMicroelectronics X-CUBE-AZRTOS-WL 2.0.0
2024-12-05 16:01:55,121 [INFO] ThirdParty:1030 - CMSIS Pack Vendor :SEGGER I-CUBE-embOS 1.3.1
2024-12-05 16:01:55,121 [INFO] ThirdParty:1030 - CMSIS Pack Vendor :STMicroelectronics X-CUBE-ALGOBUILD 1.4.0
2024-12-05 16:01:55,121 [INFO] ThirdParty:1030 - CMSIS Pack Vendor :STMicroelectronics FP-SNS-MOTENV1 5.0.0
2024-12-05 16:01:55,121 [INFO] ThirdParty:1030 - CMSIS Pack Vendor :STMicroelectronics USB_DEVICE 1.0.0
2024-12-05 16:01:55,121 [INFO] ThirdParty:1030 - CMSIS Pack Vendor :STMicroelectronics X-CUBE-AZRTOS-H7RS 1.0.0
2024-12-05 16:01:55,121 [INFO] ThirdParty:1030 - CMSIS Pack Vendor :wolfSSL I-CUBE-wolfMQTT 1.19.0
2024-12-05 16:01:55,121 [INFO] ThirdParty:1030 - CMSIS Pack Vendor :STMicroelectronics X-CUBE-AZRTOS-L4 2.0.0
2024-12-05 16:01:55,121 [INFO] ThirdParty:1030 - CMSIS Pack Vendor :STMicroelectronics ThreadX 0.0.2
2024-12-05 16:01:55,121 [INFO] ThirdParty:1030 - CMSIS Pack Vendor :WES I-CUBE-Cesium 1.3.0
2024-12-05 16:01:55,121 [INFO] ThirdParty:1030 - CMSIS Pack Vendor :STMicroelectronics FP-ATR-ASTRA1 2.0.0
2024-12-05 16:01:55,121 [INFO] ThirdParty:1030 - CMSIS Pack Vendor :STMicroelectronics lwIP 2.1.2
2024-12-05 16:01:55,121 [INFO] ThirdParty:1030 - CMSIS Pack Vendor :STMicroelectronics X-CUBE-SFXS2LP1 4.0.0
2024-12-05 16:01:55,121 [INFO] ThirdParty:1030 - CMSIS Pack Vendor :STMicroelectronics X-CUBE-BLE2 3.3.0
2024-12-05 16:01:55,121 [INFO] ThirdParty:1030 - CMSIS Pack Vendor :STMicroelectronics X-CUBE-TOF1 3.4.2
2024-12-05 16:01:55,121 [INFO] ThirdParty:1030 - CMSIS Pack Vendor :STMicroelectronics X-CUBE-AI 9.1.0
2024-12-05 16:01:55,121 [INFO] ThirdParty:1030 - CMSIS Pack Vendor :Infineon AIROC-Wi-Fi-Bluetooth-STM32 1.6.1
2024-12-05 16:01:55,121 [INFO] ThirdParty:1030 - CMSIS Pack Vendor :STMicroelectronics PDM2PCM 3.2.0
2024-12-05 16:01:55,121 [INFO] ThirdParty:1030 - CMSIS Pack Vendor :wolfSSL I-CUBE-wolfSSH 1.4.17
2024-12-05 16:01:55,122 [INFO] ThirdParty:841 - exiting critical section [change project]
2024-12-05 16:01:55,336 [INFO] PinOutPanel:1561 - setPackage(No Configuration,No Configuration)
2024-12-05 16:01:55,338 [INFO] PinOutPanel:1561 - setPackage(STM32F103RBTx,LQFP64)
2024-12-05 16:01:55,961 [INFO] UtilMem:75 - Before build in PCC Used Memory: 285868984 Bytes (614465536)
2024-12-05 16:01:56,607 [INFO] UtilMem:75 - After build in PCC Used Memory: 327285688 Bytes (614465536)
2024-12-05 16:01:56,725 [INFO] IPUIPlugin:80 - create IPUIPlugin
2024-12-05 16:01:56,725 [INFO] IPUIPlugin:80 - create IPUIPlugin
2024-12-05 16:01:56,726 [INFO] IPUIPlugin:80 - create IPUIPlugin
2024-12-05 16:01:56,726 [INFO] IPUIPlugin:80 - create IPUIPlugin
2024-12-05 16:01:56,726 [INFO] IPUIPlugin:80 - create IPUIPlugin
2024-12-05 16:01:56,726 [INFO] IPUIPlugin:80 - create IPUIPlugin
2024-12-05 16:01:56,726 [INFO] IPUIPlugin:80 - create IPUIPlugin
2024-12-05 16:01:56,726 [INFO] IPUIPlugin:80 - create IPUIPlugin
2024-12-05 16:01:56,727 [INFO] IPUIPlugin:80 - create IPUIPlugin
2024-12-05 16:01:56,727 [INFO] IPUIPlugin:80 - create IPUIPlugin
2024-12-05 16:01:56,728 [INFO] IPUIPlugin:80 - create IPUIPlugin
2024-12-05 16:01:56,728 [INFO] IPUIPlugin:80 - create IPUIPlugin
2024-12-05 16:01:56,729 [INFO] IPUIPlugin:80 - create IPUIPlugin
2024-12-05 16:01:56,729 [INFO] IPUIPlugin:80 - create IPUIPlugin
2024-12-05 16:01:56,729 [INFO] IPUIPlugin:80 - create IPUIPlugin
2024-12-05 16:01:56,730 [INFO] IPUIPlugin:80 - create IPUIPlugin
2024-12-05 16:01:56,730 [INFO] IPUIPlugin:80 - create IPUIPlugin
2024-12-05 16:01:56,730 [INFO] IPUIPlugin:80 - create IPUIPlugin
2024-12-05 16:01:56,730 [INFO] IPUIPlugin:80 - create IPUIPlugin
2024-12-05 16:01:56,730 [INFO] IPUIPlugin:80 - create IPUIPlugin
2024-12-05 16:01:56,731 [INFO] IPUIPlugin:80 - create IPUIPlugin
2024-12-05 16:01:56,731 [INFO] IPUIPlugin:80 - create IPUIPlugin
2024-12-05 16:01:56,731 [INFO] IPUIPlugin:80 - create IPUIPlugin
2024-12-05 16:01:56,731 [INFO] IPUIPlugin:80 - create IPUIPlugin
2024-12-05 16:01:56,732 [INFO] IPUIPlugin:80 - create IPUIPlugin
2024-12-05 16:01:56,732 [INFO] IPUIPlugin:80 - create IPUIPlugin
2024-12-05 16:01:56,733 [INFO] IPUIPlugin:80 - create IPUIPlugin
2024-12-05 16:01:56,735 [INFO] IPUIPlugin:80 - create IPUIPlugin
2024-12-05 16:01:56,856 [INFO] CADModel:165 - CPN selected for project levelSTM32F103RBT6
2024-12-05 16:01:56,856 [INFO] CADModel:114 - Register for checkConnection events
2024-12-05 16:01:56,906 [INFO] OpenFileManager:363 - Restore cursor
2024-12-05 16:06:34,210 [INFO] WebApp:189 - Connection lost
2024-12-05 16:11:04,910 [INFO] WebApp:186 - Connection restablished
2024-12-05 18:37:56,481 [INFO] WebApp:189 - Connection lost
2024-12-05 18:38:00,180 [INFO] WebApp:186 - Connection restablished
2024-12-05 18:42:28,968 [INFO] WebApp:189 - Connection lost
2024-12-05 19:34:25,414 [INFO] WebApp:186 - Connection restablished
