2025-01-17 08:49:51,311 [INFO] WebApp:189 - Connection lost
2025-01-17 09:28:38,358 [INFO] WebApp:186 - Connection restablished
2025-01-17 16:50:01,155 [INFO] NvicIntPanel:101 - NVIC parent = com.st.microxplorer.plugins.ip.nvic.MultiNvicIntPanel[,0,0,0x0,invalid,layout=javax.swing.BoxLayout,alignmentX=0.0,alignmentY=0.0,border=,flags=9,maximumSize=,minimumSize=,preferredSize=]
2025-01-17 16:50:11,097 [INFO] NvicIntPanel:101 - NVIC parent = com.st.microxplorer.plugins.ip.nvic.MultiNvicIntPanel[,0,0,0x0,invalid,layout=javax.swing.BoxLayout,alignmentX=0.0,alignmentY=0.0,border=,flags=9,maximumSize=,minimumSize=,preferredSize=]
2025-01-17 16:50:22,850 [INFO] UtilMem:75 - End SaveConfig() Used Memory: 848392872 Bytes (1073741824)
2025-01-17 16:50:23,153 [INFO] UtilMem:75 - End SaveConfig() Used Memory: 865356416 Bytes (1073741824)
2025-01-17 16:50:23,542 [INFO] UtilMem:75 - End SaveConfig() Used Memory: 903054752 Bytes (1073741824)
2025-01-17 16:50:24,365 [INFO] BlockDiagram:2766 - set Specific Code input for plugin: NVIC
2025-01-17 16:50:24,366 [INFO] BlockDiagram:2766 - set Specific Code input for plugin: USART
2025-01-17 16:50:24,366 [INFO] BlockDiagram:2766 - set Specific Code input for plugin: SYS
2025-01-17 16:50:24,366 [INFO] BlockDiagram:2766 - set Specific Code input for plugin: GPIO
2025-01-17 16:50:24,366 [INFO] BlockDiagram:2766 - set Specific Code input for plugin: RCC
2025-01-17 16:50:24,370 [INFO] CodeGenerator:807 - code generatio: config db path: /Applications/STM32CubeIDE.app/Contents/Eclipse/plugins/com.st.stm32cube.common.mx_6.12.1.202409122256//db/
2025-01-17 16:50:24,587 [INFO] CodeEngine:255 - oldGeneratedFile, /Users/vihaanravishankar/Desktop/Turnstile stuff/rs485_test/MXTmpFiles/license.tmp_save
2025-01-17 16:50:24,856 [INFO] CodeEngine:279 - Generated code: /Users/vihaanravishankar/Desktop/Turnstile stuff/rs485_test/MXTmpFiles/license.tmp
2025-01-17 16:50:24,973 [INFO] CodeEngine:255 - oldGeneratedFile, /Users/vihaanravishankar/Desktop/Turnstile stuff/rs485_test/Core/Src/gpio.c_save
2025-01-17 16:50:25,106 [INFO] CodeEngine:279 - Generated code: /Users/vihaanravishankar/Desktop/Turnstile stuff/rs485_test/Core/Src/gpio.c
2025-01-17 16:50:25,108 [INFO] CodeEngine:255 - oldGeneratedFile, /Users/vihaanravishankar/Desktop/Turnstile stuff/rs485_test/Core/Inc/gpio.h_save
2025-01-17 16:50:25,174 [INFO] CodeEngine:279 - Generated code: /Users/vihaanravishankar/Desktop/Turnstile stuff/rs485_test/Core/Inc/gpio.h
2025-01-17 16:50:25,360 [INFO] CodeEngine:255 - oldGeneratedFile, /Users/vihaanravishankar/Desktop/Turnstile stuff/rs485_test/Core/Src/usart.c_save
2025-01-17 16:50:26,142 [INFO] CodeEngine:279 - Generated code: /Users/vihaanravishankar/Desktop/Turnstile stuff/rs485_test/Core/Src/usart.c
2025-01-17 16:50:26,217 [INFO] CodeEngine:255 - oldGeneratedFile, /Users/vihaanravishankar/Desktop/Turnstile stuff/rs485_test/Core/Inc/usart.h_save
2025-01-17 16:50:26,472 [INFO] CodeEngine:279 - Generated code: /Users/vihaanravishankar/Desktop/Turnstile stuff/rs485_test/Core/Inc/usart.h
2025-01-17 16:50:26,569 [INFO] CodeEngine:255 - oldGeneratedFile, /Users/vihaanravishankar/Desktop/Turnstile stuff/rs485_test/Core/Src/stm32f1xx_it.c_save
2025-01-17 16:50:26,843 [INFO] CodeEngine:279 - Generated code: /Users/vihaanravishankar/Desktop/Turnstile stuff/rs485_test/Core/Src/stm32f1xx_it.c
2025-01-17 16:50:26,844 [INFO] CodeEngine:255 - oldGeneratedFile, /Users/vihaanravishankar/Desktop/Turnstile stuff/rs485_test/Core/Inc/stm32f1xx_it.h_save
2025-01-17 16:50:26,901 [INFO] CodeEngine:279 - Generated code: /Users/vihaanravishankar/Desktop/Turnstile stuff/rs485_test/Core/Inc/stm32f1xx_it.h
2025-01-17 16:50:26,910 [INFO] CodeEngine:255 - oldGeneratedFile, /Users/vihaanravishankar/Desktop/Turnstile stuff/rs485_test/Core/Src/stm32f1xx_hal_msp.c_save
2025-01-17 16:50:26,983 [INFO] CodeEngine:279 - Generated code: /Users/vihaanravishankar/Desktop/Turnstile stuff/rs485_test/Core/Src/stm32f1xx_hal_msp.c
2025-01-17 16:50:26,984 [INFO] CodeEngine:255 - oldGeneratedFile, /Users/vihaanravishankar/Desktop/Turnstile stuff/rs485_test/MXTmpFiles/system.tmp_save
2025-01-17 16:50:27,033 [INFO] CodeEngine:279 - Generated code: /Users/vihaanravishankar/Desktop/Turnstile stuff/rs485_test/MXTmpFiles/system.tmp
2025-01-17 16:50:27,037 [INFO] CodeEngine:311 - oldGeneratedFile, /Users/vihaanravishankar/Desktop/Turnstile stuff/rs485_test/Core/Inc/stm32f1xx_hal_conf.h_save
2025-01-17 16:50:27,090 [INFO] CodeEngine:335 - Generated code: /Users/vihaanravishankar/Desktop/Turnstile stuff/rs485_test/Core/Inc/stm32f1xx_hal_conf.h
2025-01-17 16:50:27,209 [INFO] CodeEngine:255 - oldGeneratedFile, /Users/vihaanravishankar/Desktop/Turnstile stuff/rs485_test/Core/Inc/main.h_save
2025-01-17 16:50:27,330 [INFO] CodeEngine:279 - Generated code: /Users/vihaanravishankar/Desktop/Turnstile stuff/rs485_test/Core/Inc/main.h
2025-01-17 16:50:27,337 [INFO] CodeEngine:255 - oldGeneratedFile, /Users/vihaanravishankar/Desktop/Turnstile stuff/rs485_test/Core/Src/main.c_save
2025-01-17 16:50:27,450 [INFO] CodeEngine:279 - Generated code: /Users/vihaanravishankar/Desktop/Turnstile stuff/rs485_test/Core/Src/main.c
2025-01-17 16:50:28,344 [INFO] ProjectBuilder:3249 - Time for Copy HAL[1] : 83mS.
2025-01-17 16:50:28,371 [INFO] ProjectBuilder:4828 - Project Generator version: 4.5.0-B34
2025-01-17 16:50:28,667 [INFO] ConfigFileManager:1531 - The Die is : DIE410
2025-01-17 16:50:32,150 [INFO] ProjectBuilder:5097 - Time for Generating toolchain IDE Files: 3774mS.
2025-01-17 16:50:32,158 [INFO] ProjectBuilder:3107 - Time for Copy CMSIS : 1mS.
2025-01-17 16:50:32,159 [INFO] ProjectBuilder:3107 - Time for Copy CMSIS : 0mS.
2025-01-17 17:48:23,260 [INFO] WebApp:189 - Connection lost
2025-01-17 18:34:48,892 [INFO] WebApp:186 - Connection restablished
