2025-01-09 05:51:50,497 [INFO] WebApp:189 - Connection lost
2025-01-09 05:51:57,858 [INFO] WebApp:186 - Connection restablished
2025-01-09 08:52:29,927 [INFO] WebApp:189 - Connection lost
2025-01-09 09:30:32,654 [INFO] WebApp:186 - Connection restablished
2025-01-09 12:41:00,947 [INFO] Gpio:277 - dependency for GPIO [RCC, SYS, TIM4, USART2]
2025-01-09 12:41:19,425 [INFO] Gpio:277 - dependency for GPIO [RCC, SYS, TIM4, USART2]
2025-01-09 12:41:19,627 [INFO] NvicIntPanel:101 - NVIC parent = com.st.microxplorer.plugins.ip.nvic.MultiNvicIntPanel[,0,0,0x0,invalid,layout=javax.swing.BoxLayout,alignmentX=0.0,alignmentY=0.0,border=,flags=9,maximumSize=,minimumSize=,preferredSize=]
2025-01-09 12:41:19,859 [INFO] Gpio:277 - dependency for GPIO [RCC, SYS, TIM4, USART2]
2025-01-09 12:41:19,912 [INFO] NvicIntPanel:101 - NVIC parent = com.st.microxplorer.plugins.ip.nvic.MultiNvicIntPanel[,0,0,0x0,invalid,layout=javax.swing.BoxLayout,alignmentX=0.0,alignmentY=0.0,border=,flags=9,maximumSize=,minimumSize=,preferredSize=]
2025-01-09 12:41:22,915 [INFO] Gpio:277 - dependency for GPIO [RCC, SYS, TIM4, USART2]
2025-01-09 12:41:23,416 [INFO] NvicIntPanel:101 - NVIC parent = com.st.microxplorer.plugins.ip.nvic.MultiNvicIntPanel[,0,0,0x0,invalid,layout=javax.swing.BoxLayout,alignmentX=0.0,alignmentY=0.0,border=,flags=9,maximumSize=,minimumSize=,preferredSize=]
2025-01-09 12:41:23,877 [INFO] Gpio:277 - dependency for GPIO [RCC, SYS, TIM4, USART2]
2025-01-09 12:41:23,965 [INFO] NvicIntPanel:101 - NVIC parent = com.st.microxplorer.plugins.ip.nvic.MultiNvicIntPanel[,0,0,0x0,invalid,layout=javax.swing.BoxLayout,alignmentX=0.0,alignmentY=0.0,border=,flags=9,maximumSize=,minimumSize=,preferredSize=]
2025-01-09 12:41:27,731 [INFO] UtilMem:75 - End SaveConfig() Used Memory: 755138888 Bytes (1073741824)
2025-01-09 12:41:27,934 [INFO] UtilMem:75 - End SaveConfig() Used Memory: 772240944 Bytes (1073741824)
2025-01-09 12:41:28,260 [INFO] UtilMem:75 - End SaveConfig() Used Memory: 743949144 Bytes (1073741824)
2025-01-09 12:41:28,606 [INFO] BlockDiagram:2766 - set Specific Code input for plugin: NVIC
2025-01-09 12:41:28,607 [INFO] BlockDiagram:2766 - set Specific Code input for plugin: USART
2025-01-09 12:41:28,607 [INFO] BlockDiagram:2766 - set Specific Code input for plugin: TIM1_8F1
2025-01-09 12:41:28,607 [INFO] BlockDiagram:2766 - set Specific Code input for plugin: SYS
2025-01-09 12:41:28,607 [INFO] BlockDiagram:2766 - set Specific Code input for plugin: GPIO
2025-01-09 12:41:28,607 [INFO] BlockDiagram:2766 - set Specific Code input for plugin: RCC
2025-01-09 12:41:28,609 [INFO] CodeGenerator:807 - code generatio: config db path: /Applications/STM32CubeIDE.app/Contents/Eclipse/plugins/com.st.stm32cube.common.mx_6.12.1.202409122256//db/
2025-01-09 12:41:28,802 [INFO] CodeEngine:255 - oldGeneratedFile, /Users/vihaanravishankar/Desktop/Turnstile stuff/motor3/MXTmpFiles/license.tmp_save
2025-01-09 12:41:29,158 [INFO] CodeEngine:279 - Generated code: /Users/vihaanravishankar/Desktop/Turnstile stuff/motor3/MXTmpFiles/license.tmp
2025-01-09 12:41:29,923 [INFO] CodeEngine:255 - oldGeneratedFile, /Users/vihaanravishankar/Desktop/Turnstile stuff/motor3/Core/Src/gpio.c_save
2025-01-09 12:41:30,211 [INFO] CodeEngine:279 - Generated code: /Users/vihaanravishankar/Desktop/Turnstile stuff/motor3/Core/Src/gpio.c
2025-01-09 12:41:30,214 [INFO] CodeEngine:255 - oldGeneratedFile, /Users/vihaanravishankar/Desktop/Turnstile stuff/motor3/Core/Inc/gpio.h_save
2025-01-09 12:41:30,300 [INFO] CodeEngine:279 - Generated code: /Users/vihaanravishankar/Desktop/Turnstile stuff/motor3/Core/Inc/gpio.h
2025-01-09 12:41:31,098 [INFO] CodeEngine:255 - oldGeneratedFile, /Users/vihaanravishankar/Desktop/Turnstile stuff/motor3/Core/Src/tim.c_save
2025-01-09 12:41:31,270 [INFO] CodeEngine:279 - Generated code: /Users/vihaanravishankar/Desktop/Turnstile stuff/motor3/Core/Src/tim.c
2025-01-09 12:41:31,273 [INFO] CodeEngine:255 - oldGeneratedFile, /Users/vihaanravishankar/Desktop/Turnstile stuff/motor3/Core/Inc/tim.h_save
2025-01-09 12:41:31,361 [INFO] CodeEngine:279 - Generated code: /Users/vihaanravishankar/Desktop/Turnstile stuff/motor3/Core/Inc/tim.h
2025-01-09 12:41:31,366 [INFO] CodeEngine:255 - oldGeneratedFile, /Users/vihaanravishankar/Desktop/Turnstile stuff/motor3/Core/Src/usart.c_save
2025-01-09 12:41:31,486 [INFO] CodeEngine:279 - Generated code: /Users/vihaanravishankar/Desktop/Turnstile stuff/motor3/Core/Src/usart.c
2025-01-09 12:41:31,489 [INFO] CodeEngine:255 - oldGeneratedFile, /Users/vihaanravishankar/Desktop/Turnstile stuff/motor3/Core/Inc/usart.h_save
2025-01-09 12:41:31,568 [INFO] CodeEngine:279 - Generated code: /Users/vihaanravishankar/Desktop/Turnstile stuff/motor3/Core/Inc/usart.h
2025-01-09 12:41:31,573 [INFO] CodeEngine:255 - oldGeneratedFile, /Users/vihaanravishankar/Desktop/Turnstile stuff/motor3/Core/Src/stm32f1xx_it.c_save
2025-01-09 12:41:31,896 [INFO] CodeEngine:279 - Generated code: /Users/vihaanravishankar/Desktop/Turnstile stuff/motor3/Core/Src/stm32f1xx_it.c
2025-01-09 12:41:31,899 [INFO] CodeEngine:255 - oldGeneratedFile, /Users/vihaanravishankar/Desktop/Turnstile stuff/motor3/Core/Inc/stm32f1xx_it.h_save
2025-01-09 12:41:31,985 [INFO] CodeEngine:279 - Generated code: /Users/vihaanravishankar/Desktop/Turnstile stuff/motor3/Core/Inc/stm32f1xx_it.h
2025-01-09 12:41:32,002 [INFO] CodeEngine:255 - oldGeneratedFile, /Users/vihaanravishankar/Desktop/Turnstile stuff/motor3/Core/Src/stm32f1xx_hal_msp.c_save
2025-01-09 12:41:32,118 [INFO] CodeEngine:279 - Generated code: /Users/vihaanravishankar/Desktop/Turnstile stuff/motor3/Core/Src/stm32f1xx_hal_msp.c
2025-01-09 12:41:32,120 [INFO] CodeEngine:255 - oldGeneratedFile, /Users/vihaanravishankar/Desktop/Turnstile stuff/motor3/MXTmpFiles/system.tmp_save
2025-01-09 12:41:32,201 [INFO] CodeEngine:279 - Generated code: /Users/vihaanravishankar/Desktop/Turnstile stuff/motor3/MXTmpFiles/system.tmp
2025-01-09 12:41:32,206 [INFO] CodeEngine:311 - oldGeneratedFile, /Users/vihaanravishankar/Desktop/Turnstile stuff/motor3/Core/Inc/stm32f1xx_hal_conf.h_save
2025-01-09 12:41:32,293 [INFO] CodeEngine:335 - Generated code: /Users/vihaanravishankar/Desktop/Turnstile stuff/motor3/Core/Inc/stm32f1xx_hal_conf.h
2025-01-09 12:41:32,385 [INFO] CodeEngine:255 - oldGeneratedFile, /Users/vihaanravishankar/Desktop/Turnstile stuff/motor3/Core/Inc/main.h_save
2025-01-09 12:41:32,492 [INFO] CodeEngine:279 - Generated code: /Users/vihaanravishankar/Desktop/Turnstile stuff/motor3/Core/Inc/main.h
2025-01-09 12:41:32,495 [INFO] CodeEngine:255 - oldGeneratedFile, /Users/vihaanravishankar/Desktop/Turnstile stuff/motor3/Core/Src/main.c_save
2025-01-09 12:41:32,613 [INFO] CodeEngine:279 - Generated code: /Users/vihaanravishankar/Desktop/Turnstile stuff/motor3/Core/Src/main.c
2025-01-09 12:41:33,149 [INFO] ProjectBuilder:3249 - Time for Copy HAL[1] : 121mS.
2025-01-09 12:41:33,156 [INFO] ProjectBuilder:4828 - Project Generator version: 4.5.0-B34
2025-01-09 12:41:33,315 [INFO] ConfigFileManager:1531 - The Die is : DIE410
2025-01-09 12:41:33,666 [INFO] ApiDbMcu:508 - Load IP Config File for FATFS
2025-01-09 12:41:34,585 [INFO] ApiDbMcu:508 - Load IP Config File for FREERTOS
2025-01-09 12:41:34,941 [INFO] ApiDbMcu:508 - Load IP Config File for USB_DEVICE
2025-01-09 12:41:38,264 [INFO] ProjectBuilder:5097 - Time for Generating toolchain IDE Files: 5098mS.
2025-01-09 12:41:38,307 [INFO] ProjectBuilder:3107 - Time for Copy CMSIS : 9mS.
2025-01-09 12:41:38,338 [INFO] ProjectBuilder:3107 - Time for Copy CMSIS : 0mS.
2025-01-09 14:29:30,677 [INFO] Gpio:277 - dependency for GPIO [RCC, SYS, TIM4, USART2]
2025-01-09 14:29:31,139 [INFO] NvicIntPanel:101 - NVIC parent = com.st.microxplorer.plugins.ip.nvic.MultiNvicIntPanel[,0,0,0x0,invalid,layout=javax.swing.BoxLayout,alignmentX=0.0,alignmentY=0.0,border=,flags=9,maximumSize=,minimumSize=,preferredSize=]
2025-01-09 14:29:31,460 [INFO] Gpio:277 - dependency for GPIO [RCC, SYS, TIM4, USART2]
2025-01-09 14:29:31,517 [INFO] NvicIntPanel:101 - NVIC parent = com.st.microxplorer.plugins.ip.nvic.MultiNvicIntPanel[,0,0,0x0,invalid,layout=javax.swing.BoxLayout,alignmentX=0.0,alignmentY=0.0,border=,flags=9,maximumSize=,minimumSize=,preferredSize=]
2025-01-09 14:29:37,335 [INFO] UtilMem:75 - End SaveConfig() Used Memory: 780676176 Bytes (1073741824)
2025-01-09 14:29:37,652 [INFO] UtilMem:75 - End SaveConfig() Used Memory: 744633128 Bytes (1073741824)
2025-01-09 14:29:38,591 [INFO] UtilMem:75 - End SaveConfig() Used Memory: 795487016 Bytes (1073741824)
2025-01-09 14:29:39,024 [INFO] BlockDiagram:2766 - set Specific Code input for plugin: NVIC
2025-01-09 14:29:39,025 [INFO] BlockDiagram:2766 - set Specific Code input for plugin: USART
2025-01-09 14:29:39,025 [INFO] BlockDiagram:2766 - set Specific Code input for plugin: TIM1_8F1
2025-01-09 14:29:39,025 [INFO] BlockDiagram:2766 - set Specific Code input for plugin: SYS
2025-01-09 14:29:39,025 [INFO] BlockDiagram:2766 - set Specific Code input for plugin: GPIO
2025-01-09 14:29:39,025 [INFO] BlockDiagram:2766 - set Specific Code input for plugin: RCC
2025-01-09 14:29:39,027 [INFO] CodeGenerator:807 - code generatio: config db path: /Applications/STM32CubeIDE.app/Contents/Eclipse/plugins/com.st.stm32cube.common.mx_6.12.1.202409122256//db/
2025-01-09 14:29:39,259 [INFO] CodeEngine:255 - oldGeneratedFile, /Users/vihaanravishankar/Desktop/Turnstile stuff/motor3/MXTmpFiles/license.tmp_save
2025-01-09 14:29:39,516 [INFO] CodeEngine:279 - Generated code: /Users/vihaanravishankar/Desktop/Turnstile stuff/motor3/MXTmpFiles/license.tmp
2025-01-09 14:29:39,708 [INFO] CodeEngine:255 - oldGeneratedFile, /Users/vihaanravishankar/Desktop/Turnstile stuff/motor3/Core/Src/gpio.c_save
2025-01-09 14:29:40,311 [INFO] CodeEngine:279 - Generated code: /Users/vihaanravishankar/Desktop/Turnstile stuff/motor3/Core/Src/gpio.c
2025-01-09 14:29:40,346 [INFO] CodeEngine:255 - oldGeneratedFile, /Users/vihaanravishankar/Desktop/Turnstile stuff/motor3/Core/Inc/gpio.h_save
2025-01-09 14:29:40,439 [INFO] CodeEngine:279 - Generated code: /Users/vihaanravishankar/Desktop/Turnstile stuff/motor3/Core/Inc/gpio.h
2025-01-09 14:29:41,208 [INFO] CodeEngine:255 - oldGeneratedFile, /Users/vihaanravishankar/Desktop/Turnstile stuff/motor3/Core/Src/tim.c_save
2025-01-09 14:29:41,382 [INFO] CodeEngine:279 - Generated code: /Users/vihaanravishankar/Desktop/Turnstile stuff/motor3/Core/Src/tim.c
2025-01-09 14:29:41,391 [INFO] CodeEngine:255 - oldGeneratedFile, /Users/vihaanravishankar/Desktop/Turnstile stuff/motor3/Core/Inc/tim.h_save
2025-01-09 14:29:41,474 [INFO] CodeEngine:279 - Generated code: /Users/vihaanravishankar/Desktop/Turnstile stuff/motor3/Core/Inc/tim.h
2025-01-09 14:29:41,478 [INFO] CodeEngine:255 - oldGeneratedFile, /Users/vihaanravishankar/Desktop/Turnstile stuff/motor3/Core/Src/usart.c_save
2025-01-09 14:29:41,695 [INFO] CodeEngine:279 - Generated code: /Users/vihaanravishankar/Desktop/Turnstile stuff/motor3/Core/Src/usart.c
2025-01-09 14:29:41,697 [INFO] CodeEngine:255 - oldGeneratedFile, /Users/vihaanravishankar/Desktop/Turnstile stuff/motor3/Core/Inc/usart.h_save
2025-01-09 14:29:41,796 [INFO] CodeEngine:279 - Generated code: /Users/vihaanravishankar/Desktop/Turnstile stuff/motor3/Core/Inc/usart.h
2025-01-09 14:29:41,802 [INFO] CodeEngine:255 - oldGeneratedFile, /Users/vihaanravishankar/Desktop/Turnstile stuff/motor3/Core/Src/stm32f1xx_it.c_save
2025-01-09 14:29:42,072 [INFO] CodeEngine:279 - Generated code: /Users/vihaanravishankar/Desktop/Turnstile stuff/motor3/Core/Src/stm32f1xx_it.c
2025-01-09 14:29:42,074 [INFO] CodeEngine:255 - oldGeneratedFile, /Users/vihaanravishankar/Desktop/Turnstile stuff/motor3/Core/Inc/stm32f1xx_it.h_save
2025-01-09 14:29:42,155 [INFO] CodeEngine:279 - Generated code: /Users/vihaanravishankar/Desktop/Turnstile stuff/motor3/Core/Inc/stm32f1xx_it.h
2025-01-09 14:29:42,161 [INFO] CodeEngine:255 - oldGeneratedFile, /Users/vihaanravishankar/Desktop/Turnstile stuff/motor3/Core/Src/stm32f1xx_hal_msp.c_save
2025-01-09 14:29:42,272 [INFO] CodeEngine:279 - Generated code: /Users/vihaanravishankar/Desktop/Turnstile stuff/motor3/Core/Src/stm32f1xx_hal_msp.c
2025-01-09 14:29:42,274 [INFO] CodeEngine:255 - oldGeneratedFile, /Users/vihaanravishankar/Desktop/Turnstile stuff/motor3/MXTmpFiles/system.tmp_save
2025-01-09 14:29:42,345 [INFO] CodeEngine:279 - Generated code: /Users/vihaanravishankar/Desktop/Turnstile stuff/motor3/MXTmpFiles/system.tmp
2025-01-09 14:29:42,350 [INFO] CodeEngine:311 - oldGeneratedFile, /Users/vihaanravishankar/Desktop/Turnstile stuff/motor3/Core/Inc/stm32f1xx_hal_conf.h_save
2025-01-09 14:29:42,437 [INFO] CodeEngine:335 - Generated code: /Users/vihaanravishankar/Desktop/Turnstile stuff/motor3/Core/Inc/stm32f1xx_hal_conf.h
2025-01-09 14:29:42,495 [INFO] CodeEngine:255 - oldGeneratedFile, /Users/vihaanravishankar/Desktop/Turnstile stuff/motor3/Core/Inc/main.h_save
2025-01-09 14:29:42,605 [INFO] CodeEngine:279 - Generated code: /Users/vihaanravishankar/Desktop/Turnstile stuff/motor3/Core/Inc/main.h
2025-01-09 14:29:42,607 [INFO] CodeEngine:255 - oldGeneratedFile, /Users/vihaanravishankar/Desktop/Turnstile stuff/motor3/Core/Src/main.c_save
2025-01-09 14:29:42,726 [INFO] CodeEngine:279 - Generated code: /Users/vihaanravishankar/Desktop/Turnstile stuff/motor3/Core/Src/main.c
2025-01-09 14:29:43,281 [INFO] ProjectBuilder:3249 - Time for Copy HAL[1] : 87mS.
2025-01-09 14:29:43,289 [INFO] ProjectBuilder:4828 - Project Generator version: 4.5.0-B34
2025-01-09 14:29:43,658 [INFO] ConfigFileManager:1531 - The Die is : DIE410
2025-01-09 14:29:48,392 [INFO] ProjectBuilder:5097 - Time for Generating toolchain IDE Files: 5067mS.
2025-01-09 14:29:48,417 [INFO] ProjectBuilder:3107 - Time for Copy CMSIS : 2mS.
2025-01-09 14:29:48,420 [INFO] ProjectBuilder:3107 - Time for Copy CMSIS : 0mS.
2025-01-09 14:31:48,031 [INFO] Gpio:277 - dependency for GPIO [RCC, SYS, TIM4, USART2]
2025-01-09 14:32:05,178 [INFO] Gpio:277 - dependency for GPIO [RCC, SYS, TIM4, USART2]
2025-01-09 14:32:05,551 [INFO] Gpio:277 - dependency for GPIO [RCC, SYS, TIM4, USART2]
2025-01-09 14:32:13,432 [INFO] UtilMem:75 - End SaveConfig() Used Memory: 889378728 Bytes (1073741824)
2025-01-09 14:32:14,726 [INFO] UtilMem:75 - End SaveConfig() Used Memory: 785985568 Bytes (1073741824)
2025-01-09 14:32:15,028 [INFO] BlockDiagram:2766 - set Specific Code input for plugin: NVIC
2025-01-09 14:32:15,029 [INFO] BlockDiagram:2766 - set Specific Code input for plugin: USART
2025-01-09 14:32:15,029 [INFO] BlockDiagram:2766 - set Specific Code input for plugin: TIM1_8F1
2025-01-09 14:32:15,029 [INFO] BlockDiagram:2766 - set Specific Code input for plugin: SYS
2025-01-09 14:32:15,030 [INFO] BlockDiagram:2766 - set Specific Code input for plugin: GPIO
2025-01-09 14:32:15,030 [INFO] BlockDiagram:2766 - set Specific Code input for plugin: RCC
2025-01-09 14:32:15,033 [INFO] CodeGenerator:807 - code generatio: config db path: /Applications/STM32CubeIDE.app/Contents/Eclipse/plugins/com.st.stm32cube.common.mx_6.12.1.202409122256//db/
2025-01-09 14:32:15,259 [INFO] CodeEngine:255 - oldGeneratedFile, /Users/vihaanravishankar/Desktop/Turnstile stuff/motor3/MXTmpFiles/license.tmp_save
2025-01-09 14:32:16,018 [INFO] CodeEngine:279 - Generated code: /Users/vihaanravishankar/Desktop/Turnstile stuff/motor3/MXTmpFiles/license.tmp
2025-01-09 14:32:16,332 [INFO] CodeEngine:255 - oldGeneratedFile, /Users/vihaanravishankar/Desktop/Turnstile stuff/motor3/Core/Src/gpio.c_save
2025-01-09 14:32:16,643 [INFO] CodeEngine:279 - Generated code: /Users/vihaanravishankar/Desktop/Turnstile stuff/motor3/Core/Src/gpio.c
2025-01-09 14:32:16,646 [INFO] CodeEngine:255 - oldGeneratedFile, /Users/vihaanravishankar/Desktop/Turnstile stuff/motor3/Core/Inc/gpio.h_save
2025-01-09 14:32:17,668 [INFO] CodeEngine:279 - Generated code: /Users/vihaanravishankar/Desktop/Turnstile stuff/motor3/Core/Inc/gpio.h
2025-01-09 14:32:18,734 [INFO] CodeEngine:255 - oldGeneratedFile, /Users/vihaanravishankar/Desktop/Turnstile stuff/motor3/Core/Src/tim.c_save
2025-01-09 14:32:18,952 [INFO] CodeEngine:279 - Generated code: /Users/vihaanravishankar/Desktop/Turnstile stuff/motor3/Core/Src/tim.c
2025-01-09 14:32:18,954 [INFO] CodeEngine:255 - oldGeneratedFile, /Users/vihaanravishankar/Desktop/Turnstile stuff/motor3/Core/Inc/tim.h_save
2025-01-09 14:32:19,065 [INFO] CodeEngine:279 - Generated code: /Users/vihaanravishankar/Desktop/Turnstile stuff/motor3/Core/Inc/tim.h
2025-01-09 14:32:19,070 [INFO] CodeEngine:255 - oldGeneratedFile, /Users/vihaanravishankar/Desktop/Turnstile stuff/motor3/Core/Src/usart.c_save
2025-01-09 14:32:19,205 [INFO] CodeEngine:279 - Generated code: /Users/vihaanravishankar/Desktop/Turnstile stuff/motor3/Core/Src/usart.c
2025-01-09 14:32:19,207 [INFO] CodeEngine:255 - oldGeneratedFile, /Users/vihaanravishankar/Desktop/Turnstile stuff/motor3/Core/Inc/usart.h_save
2025-01-09 14:32:19,286 [INFO] CodeEngine:279 - Generated code: /Users/vihaanravishankar/Desktop/Turnstile stuff/motor3/Core/Inc/usart.h
2025-01-09 14:32:19,291 [INFO] CodeEngine:255 - oldGeneratedFile, /Users/vihaanravishankar/Desktop/Turnstile stuff/motor3/Core/Src/stm32f1xx_it.c_save
2025-01-09 14:32:19,399 [INFO] CodeEngine:279 - Generated code: /Users/vihaanravishankar/Desktop/Turnstile stuff/motor3/Core/Src/stm32f1xx_it.c
2025-01-09 14:32:19,401 [INFO] CodeEngine:255 - oldGeneratedFile, /Users/vihaanravishankar/Desktop/Turnstile stuff/motor3/Core/Inc/stm32f1xx_it.h_save
2025-01-09 14:32:19,487 [INFO] CodeEngine:279 - Generated code: /Users/vihaanravishankar/Desktop/Turnstile stuff/motor3/Core/Inc/stm32f1xx_it.h
2025-01-09 14:32:19,498 [INFO] CodeEngine:255 - oldGeneratedFile, /Users/vihaanravishankar/Desktop/Turnstile stuff/motor3/Core/Src/stm32f1xx_hal_msp.c_save
2025-01-09 14:32:19,621 [INFO] CodeEngine:279 - Generated code: /Users/vihaanravishankar/Desktop/Turnstile stuff/motor3/Core/Src/stm32f1xx_hal_msp.c
2025-01-09 14:32:19,623 [INFO] CodeEngine:255 - oldGeneratedFile, /Users/vihaanravishankar/Desktop/Turnstile stuff/motor3/MXTmpFiles/system.tmp_save
2025-01-09 14:32:19,699 [INFO] CodeEngine:279 - Generated code: /Users/vihaanravishankar/Desktop/Turnstile stuff/motor3/MXTmpFiles/system.tmp
2025-01-09 14:32:19,704 [INFO] CodeEngine:311 - oldGeneratedFile, /Users/vihaanravishankar/Desktop/Turnstile stuff/motor3/Core/Inc/stm32f1xx_hal_conf.h_save
2025-01-09 14:32:19,798 [INFO] CodeEngine:335 - Generated code: /Users/vihaanravishankar/Desktop/Turnstile stuff/motor3/Core/Inc/stm32f1xx_hal_conf.h
2025-01-09 14:32:19,863 [INFO] CodeEngine:255 - oldGeneratedFile, /Users/vihaanravishankar/Desktop/Turnstile stuff/motor3/Core/Inc/main.h_save
2025-01-09 14:32:19,952 [INFO] CodeEngine:279 - Generated code: /Users/vihaanravishankar/Desktop/Turnstile stuff/motor3/Core/Inc/main.h
2025-01-09 14:32:19,956 [INFO] CodeEngine:255 - oldGeneratedFile, /Users/vihaanravishankar/Desktop/Turnstile stuff/motor3/Core/Src/main.c_save
2025-01-09 14:32:20,143 [INFO] CodeEngine:279 - Generated code: /Users/vihaanravishankar/Desktop/Turnstile stuff/motor3/Core/Src/main.c
2025-01-09 14:32:21,213 [INFO] ProjectBuilder:3249 - Time for Copy HAL[1] : 283mS.
2025-01-09 14:32:21,234 [INFO] ProjectBuilder:4828 - Project Generator version: 4.5.0-B34
2025-01-09 14:32:21,589 [INFO] ConfigFileManager:1531 - The Die is : DIE410
2025-01-09 14:32:29,266 [INFO] ProjectBuilder:5097 - Time for Generating toolchain IDE Files: 8016mS.
2025-01-09 14:32:29,293 [INFO] ProjectBuilder:3107 - Time for Copy CMSIS : 6mS.
2025-01-09 14:32:29,300 [INFO] ProjectBuilder:3107 - Time for Copy CMSIS : 1mS.
2025-01-09 14:32:40,247 [INFO] Gpio:277 - dependency for GPIO [RCC, SYS, TIM4, USART2]
2025-01-09 14:32:40,408 [INFO] NvicIntPanel:101 - NVIC parent = com.st.microxplorer.plugins.ip.nvic.MultiNvicIntPanel[,0,0,0x0,invalid,layout=javax.swing.BoxLayout,alignmentX=0.0,alignmentY=0.0,border=,flags=9,maximumSize=,minimumSize=,preferredSize=]
2025-01-09 14:32:49,200 [INFO] NvicIntPanel:101 - NVIC parent = com.st.microxplorer.plugins.ip.nvic.MultiNvicIntPanel[,0,0,0x0,invalid,layout=javax.swing.BoxLayout,alignmentX=0.0,alignmentY=0.0,border=,flags=9,maximumSize=,minimumSize=,preferredSize=]
2025-01-09 14:32:53,797 [INFO] NvicIntPanel:101 - NVIC parent = com.st.microxplorer.plugins.ip.nvic.MultiNvicIntPanel[,0,0,0x0,invalid,layout=javax.swing.BoxLayout,alignmentX=0.0,alignmentY=0.0,border=,flags=9,maximumSize=,minimumSize=,preferredSize=]
2025-01-09 14:32:58,199 [INFO] UtilMem:75 - End SaveConfig() Used Memory: 830013920 Bytes (1073741824)
2025-01-09 14:32:59,398 [INFO] UtilMem:75 - End SaveConfig() Used Memory: 921318952 Bytes (1073741824)
2025-01-09 14:32:59,691 [INFO] BlockDiagram:2766 - set Specific Code input for plugin: NVIC
2025-01-09 14:32:59,691 [INFO] BlockDiagram:2766 - set Specific Code input for plugin: USART
2025-01-09 14:32:59,691 [INFO] BlockDiagram:2766 - set Specific Code input for plugin: TIM1_8F1
2025-01-09 14:32:59,691 [INFO] BlockDiagram:2766 - set Specific Code input for plugin: SYS
2025-01-09 14:32:59,691 [INFO] BlockDiagram:2766 - set Specific Code input for plugin: GPIO
2025-01-09 14:32:59,691 [INFO] BlockDiagram:2766 - set Specific Code input for plugin: RCC
2025-01-09 14:32:59,693 [INFO] CodeGenerator:807 - code generatio: config db path: /Applications/STM32CubeIDE.app/Contents/Eclipse/plugins/com.st.stm32cube.common.mx_6.12.1.202409122256//db/
2025-01-09 14:32:59,911 [INFO] CodeEngine:255 - oldGeneratedFile, /Users/vihaanravishankar/Desktop/Turnstile stuff/motor3/MXTmpFiles/license.tmp_save
2025-01-09 14:33:00,158 [INFO] CodeEngine:279 - Generated code: /Users/vihaanravishankar/Desktop/Turnstile stuff/motor3/MXTmpFiles/license.tmp
2025-01-09 14:33:00,402 [INFO] CodeEngine:255 - oldGeneratedFile, /Users/vihaanravishankar/Desktop/Turnstile stuff/motor3/Core/Src/gpio.c_save
2025-01-09 14:33:00,640 [INFO] CodeEngine:279 - Generated code: /Users/vihaanravishankar/Desktop/Turnstile stuff/motor3/Core/Src/gpio.c
2025-01-09 14:33:00,645 [INFO] CodeEngine:255 - oldGeneratedFile, /Users/vihaanravishankar/Desktop/Turnstile stuff/motor3/Core/Inc/gpio.h_save
2025-01-09 14:33:00,777 [INFO] CodeEngine:279 - Generated code: /Users/vihaanravishankar/Desktop/Turnstile stuff/motor3/Core/Inc/gpio.h
2025-01-09 14:33:02,176 [INFO] CodeEngine:255 - oldGeneratedFile, /Users/vihaanravishankar/Desktop/Turnstile stuff/motor3/Core/Src/tim.c_save
2025-01-09 14:33:02,382 [INFO] CodeEngine:279 - Generated code: /Users/vihaanravishankar/Desktop/Turnstile stuff/motor3/Core/Src/tim.c
2025-01-09 14:33:02,385 [INFO] CodeEngine:255 - oldGeneratedFile, /Users/vihaanravishankar/Desktop/Turnstile stuff/motor3/Core/Inc/tim.h_save
2025-01-09 14:33:02,479 [INFO] CodeEngine:279 - Generated code: /Users/vihaanravishankar/Desktop/Turnstile stuff/motor3/Core/Inc/tim.h
2025-01-09 14:33:02,483 [INFO] CodeEngine:255 - oldGeneratedFile, /Users/vihaanravishankar/Desktop/Turnstile stuff/motor3/Core/Src/usart.c_save
2025-01-09 14:33:02,657 [INFO] CodeEngine:279 - Generated code: /Users/vihaanravishankar/Desktop/Turnstile stuff/motor3/Core/Src/usart.c
2025-01-09 14:33:02,659 [INFO] CodeEngine:255 - oldGeneratedFile, /Users/vihaanravishankar/Desktop/Turnstile stuff/motor3/Core/Inc/usart.h_save
2025-01-09 14:33:02,749 [INFO] CodeEngine:279 - Generated code: /Users/vihaanravishankar/Desktop/Turnstile stuff/motor3/Core/Inc/usart.h
2025-01-09 14:33:02,754 [INFO] CodeEngine:255 - oldGeneratedFile, /Users/vihaanravishankar/Desktop/Turnstile stuff/motor3/Core/Src/stm32f1xx_it.c_save
2025-01-09 14:33:03,019 [INFO] CodeEngine:279 - Generated code: /Users/vihaanravishankar/Desktop/Turnstile stuff/motor3/Core/Src/stm32f1xx_it.c
2025-01-09 14:33:03,021 [INFO] CodeEngine:255 - oldGeneratedFile, /Users/vihaanravishankar/Desktop/Turnstile stuff/motor3/Core/Inc/stm32f1xx_it.h_save
2025-01-09 14:33:03,125 [INFO] CodeEngine:279 - Generated code: /Users/vihaanravishankar/Desktop/Turnstile stuff/motor3/Core/Inc/stm32f1xx_it.h
2025-01-09 14:33:03,132 [INFO] CodeEngine:255 - oldGeneratedFile, /Users/vihaanravishankar/Desktop/Turnstile stuff/motor3/Core/Src/stm32f1xx_hal_msp.c_save
2025-01-09 14:33:03,240 [INFO] CodeEngine:279 - Generated code: /Users/vihaanravishankar/Desktop/Turnstile stuff/motor3/Core/Src/stm32f1xx_hal_msp.c
2025-01-09 14:33:03,242 [INFO] CodeEngine:255 - oldGeneratedFile, /Users/vihaanravishankar/Desktop/Turnstile stuff/motor3/MXTmpFiles/system.tmp_save
2025-01-09 14:33:03,312 [INFO] CodeEngine:279 - Generated code: /Users/vihaanravishankar/Desktop/Turnstile stuff/motor3/MXTmpFiles/system.tmp
2025-01-09 14:33:03,321 [INFO] CodeEngine:311 - oldGeneratedFile, /Users/vihaanravishankar/Desktop/Turnstile stuff/motor3/Core/Inc/stm32f1xx_hal_conf.h_save
2025-01-09 14:33:03,406 [INFO] CodeEngine:335 - Generated code: /Users/vihaanravishankar/Desktop/Turnstile stuff/motor3/Core/Inc/stm32f1xx_hal_conf.h
2025-01-09 14:33:03,474 [INFO] CodeEngine:255 - oldGeneratedFile, /Users/vihaanravishankar/Desktop/Turnstile stuff/motor3/Core/Inc/main.h_save
2025-01-09 14:33:03,565 [INFO] CodeEngine:279 - Generated code: /Users/vihaanravishankar/Desktop/Turnstile stuff/motor3/Core/Inc/main.h
2025-01-09 14:33:03,568 [INFO] CodeEngine:255 - oldGeneratedFile, /Users/vihaanravishankar/Desktop/Turnstile stuff/motor3/Core/Src/main.c_save
2025-01-09 14:33:03,691 [INFO] CodeEngine:279 - Generated code: /Users/vihaanravishankar/Desktop/Turnstile stuff/motor3/Core/Src/main.c
2025-01-09 14:33:04,182 [INFO] ProjectBuilder:3249 - Time for Copy HAL[1] : 90mS.
2025-01-09 14:33:04,191 [INFO] ProjectBuilder:4828 - Project Generator version: 4.5.0-B34
2025-01-09 14:33:04,329 [INFO] ConfigFileManager:1531 - The Die is : DIE410
2025-01-09 14:33:07,123 [INFO] ProjectBuilder:5097 - Time for Generating toolchain IDE Files: 2914mS.
2025-01-09 14:33:07,160 [INFO] ProjectBuilder:3107 - Time for Copy CMSIS : 1mS.
2025-01-09 14:33:07,164 [INFO] ProjectBuilder:3107 - Time for Copy CMSIS : 0mS.
2025-01-09 14:41:51,122 [INFO] MainUpdater:2873 - connection check result : 10
2025-01-09 14:41:51,130 [INFO] MainUpdater:2873 - connection check result : 10
2025-01-09 14:41:51,523 [INFO] MicroXplorer:468 - Change Database Path : 
2025-01-09 14:41:51,523 [INFO] MicroXplorer:498 - Change Database Version : DB.6.0.121
2025-01-09 14:41:51,580 [ERROR] ProjectManagerView:394 - 
java.lang.NullPointerException: Cannot invoke "javax.swing.JTextField.getText()" because the return value of "java.util.List.get(int)" is null
	at com.st.microxplorer.plugins.projectmanager.gui.ProjectChoiceTab$10.caretUpdate(ProjectChoiceTab.java:2622) ~[filemanager.jar:?]
	at javax.swing.text.JTextComponent.fireCaretUpdate(JTextComponent.java:412) ~[?:?]
	at javax.swing.text.JTextComponent$MutableCaretEvent.fire(JTextComponent.java:4491) ~[?:?]
	at javax.swing.text.JTextComponent$MutableCaretEvent.stateChanged(JTextComponent.java:4513) ~[?:?]
	at javax.swing.text.DefaultCaret.fireStateChanged(DefaultCaret.java:842) ~[?:?]
	at javax.swing.text.DefaultCaret.changeCaretPosition(DefaultCaret.java:1313) ~[?:?]
	at javax.swing.text.DefaultCaret.handleSetDot(DefaultCaret.java:1212) ~[?:?]
	at javax.swing.text.DefaultCaret.setDot(DefaultCaret.java:1193) ~[?:?]
	at javax.swing.text.DefaultCaret$Handler.insertUpdate(DefaultCaret.java:1789) ~[?:?]
	at javax.swing.text.AbstractDocument.fireInsertUpdate(AbstractDocument.java:226) ~[?:?]
	at javax.swing.text.AbstractDocument.handleInsertString(AbstractDocument.java:780) ~[?:?]
	at javax.swing.text.AbstractDocument.insertString(AbstractDocument.java:739) ~[?:?]
	at javax.swing.text.PlainDocument.insertString(PlainDocument.java:131) ~[?:?]
	at javax.swing.text.AbstractDocument.replace(AbstractDocument.java:698) ~[?:?]
	at javax.swing.text.JTextComponent.setText(JTextComponent.java:1729) ~[?:?]
	at com.st.microxplorer.plugins.projectmanager.gui.ProjectChoiceTab.createHeapStackFields(ProjectChoiceTab.java:972) ~[filemanager.jar:?]
	at com.st.microxplorer.plugins.projectmanager.gui.ProjectChoiceTab.buildLinkSettingsPanel(ProjectChoiceTab.java:3597) ~[filemanager.jar:?]
	at com.st.microxplorer.plugins.projectmanager.gui.ProjectChoiceTab.defineWindowsFields(ProjectChoiceTab.java:1940) ~[filemanager.jar:?]
	at com.st.microxplorer.plugins.projectmanager.gui.ProjectChoiceTab.updateSettings(ProjectChoiceTab.java:550) ~[filemanager.jar:?]
	at com.st.microxplorer.plugins.projectmanager.gui.ProjectSettingsPanel.UpdateDialog(ProjectSettingsPanel.java:245) ~[filemanager.jar:?]
	at com.st.microxplorer.plugins.projectmanager.ProjectManagerView.propertyChange(ProjectManagerView.java:391) ~[filemanager.jar:?]
	at java.beans.PropertyChangeSupport.fire(PropertyChangeSupport.java:343) ~[?:?]
	at java.beans.PropertyChangeSupport.firePropertyChange(PropertyChangeSupport.java:335) ~[?:?]
	at java.beans.PropertyChangeSupport.firePropertyChange(PropertyChangeSupport.java:268) ~[?:?]
	at com.st.microxplorer.util.MXPropertyChangeSupport.firePropertyChange(MXPropertyChangeSupport.java:54) ~[STM32CubeMX.jar:?]
	at com.st.microxplorer.mxsystem.MxSystem.closeConfig(MxSystem.java:900) ~[STM32CubeMX.jar:?]
	at com.st.microxplorer.maingui.MainPanel.closeConfig(MainPanel.java:781) ~[STM32CubeMX.jar:?]
	at com.st.microxplorer.plugins.filemanager.engine.OpenFileManager.loadConfigurationFile(OpenFileManager.java:265) ~[filemanager.jar:?]
	at com.st.microxplorer.plugins.filemanager.engine.MainFileManager.userLoadConfig(MainFileManager.java:352) ~[filemanager.jar:?]
	at com.st.microxplorer.plugins.filemanager.engine.MainFileManager.userLoadConfig(MainFileManager.java:330) ~[filemanager.jar:?]
	at com.st.microxplorer.plugins.filemanager.FileManagerView.getSpecificTask(FileManagerView.java:246) ~[filemanager.jar:?]
	at com.st.stm32cube.common.mx.editor.CubeMxEditor.getMxTabbedPaneInstance(CubeMxEditor.java:1198) ~[com.st.stm32cube.common.mx_6.12.1.202409122256/:?]
	at com.st.stm32cube.common.mx.editor.CubeMxEditor$12$1.createSwingComponent(CubeMxEditor.java:1068) ~[com.st.stm32cube.common.mx_6.12.1.202409122256/:?]
	at com.st.stm32cube.common.mx.oss.core.awtswtbridge.EmbeddedSwingComposite.doComponentCreation(EmbeddedSwingComposite.java:492) ~[com.st.stm32cube.common.mx.oss_6.12.1.202409122256/:?]
	at com.st.stm32cube.common.mx.oss.core.awtswtbridge.EmbeddedSwingComposite$4.run(EmbeddedSwingComposite.java:291) ~[com.st.stm32cube.common.mx.oss_6.12.1.202409122256/:?]
	at com.st.stm32cube.common.mx.oss.core.awtswtbridge.AwtEnvironment$2.run(AwtEnvironment.java:166) ~[com.st.stm32cube.common.mx.oss_6.12.1.202409122256/:?]
	at java.awt.event.InvocationEvent.dispatch(InvocationEvent.java:318) ~[?:?]
	at java.awt.EventQueue.dispatchEventImpl(EventQueue.java:773) ~[?:?]
	at java.awt.EventQueue$4.run(EventQueue.java:720) ~[?:?]
	at java.awt.EventQueue$4.run(EventQueue.java:714) ~[?:?]
	at java.security.AccessController.doPrivileged(AccessController.java:399) ~[?:?]
	at java.security.ProtectionDomain$JavaSecurityAccessImpl.doIntersectionPrivilege(ProtectionDomain.java:86) ~[?:?]
	at java.awt.EventQueue.dispatchEvent(EventQueue.java:742) ~[?:?]
	at java.awt.EventDispatchThread.pumpOneEventForFilters(EventDispatchThread.java:203) ~[?:?]
	at java.awt.EventDispatchThread.pumpEventsForFilter(EventDispatchThread.java:124) ~[?:?]
	at java.awt.EventDispatchThread.pumpEventsForHierarchy(EventDispatchThread.java:113) ~[?:?]
	at java.awt.EventDispatchThread.pumpEvents(EventDispatchThread.java:109) ~[?:?]
	at java.awt.EventDispatchThread.pumpEvents(EventDispatchThread.java:101) ~[?:?]
	at java.awt.EventDispatchThread.run(EventDispatchThread.java:90) ~[?:?]
2025-01-09 14:41:51,587 [WARN] ThirdParty:871 - waiting for thirdparty lock release [close project]
2025-01-09 14:41:51,587 [INFO] ThirdParty:873 - entering critical section [close project]
2025-01-09 14:41:51,587 [INFO] ThirdParty:883 - exiting critical section [close project]
2025-01-09 14:41:51,593 [INFO] PinOutPanel:1561 - setPackage(No Configuration,No Configuration)
2025-01-09 14:41:51,603 [INFO] UtilMem:75 - Begin LoadConfig() Used Memory: 862596704 Bytes (1073741824)
2025-01-09 14:41:51,604 [INFO] MicroXplorer:468 - Change Database Path : 
2025-01-09 14:41:51,605 [INFO] MicroXplorer:498 - Change Database Version : DB.6.0.121
2025-01-09 14:41:51,605 [INFO] OpenFileManager:332 - Change cursor
2025-01-09 14:41:51,711 [INFO] RulesReader:64 - Compatibility file has been processed (297 Rules)
2025-01-09 14:41:51,716 [INFO] Mcu:2032 - Initializing MCU STM32F103R(8-B)Tx STM32F103RBTx STM32F103RBT6
2025-01-09 14:41:52,358 [INFO] Context:742 - Trying to add GPIOservice into a context  which must be forbidden
2025-01-09 14:41:52,683 [INFO] ApiDbMcu:508 - Load IP Config File for NimaLTD.I-CUBE-WS28XX.3.0.1
2025-01-09 14:41:53,217 [INFO] RtosManager:555 - Registered RTOS mode: class=CMSIS, group=RTOS, mode=CMSIS_V1, owner=FREERTOS
2025-01-09 14:41:53,224 [INFO] RtosManager:555 - Registered RTOS mode: class=CMSIS, group=RTOS2, mode=CMSIS_V2, owner=FREERTOS
2025-01-09 14:41:53,224 [INFO] RtosManager:555 - Registered RTOS mode: class=RTOS, group=Core, mode=CMSIS_V1, owner=FREERTOS
2025-01-09 14:41:53,225 [INFO] RtosManager:555 - Registered RTOS mode: class=RTOS, group=Core, mode=CMSIS_V2, owner=FREERTOS
2025-01-09 14:41:53,225 [WARN] ModelIntegratedComponent:184 - Missing modes for component STMicroelectronics:FreeRTOS:0.0.1:STMicroelectronics:RTOS:FreeRTOS:Core:::10.2.0:
2025-01-09 14:41:53,252 [WARN] ModelIntegratedComponent:63 - No mode defined for component null
2025-01-09 14:41:53,252 [WARN] ModelIntegratedComponent:63 - No mode defined for component null
2025-01-09 14:41:53,252 [WARN] ModelIntegratedComponent:63 - No mode defined for component null
2025-01-09 14:41:53,252 [WARN] ModelIntegratedComponent:63 - No mode defined for component null
2025-01-09 14:41:53,252 [WARN] ModelIntegratedComponent:63 - No mode defined for component null
2025-01-09 14:41:53,252 [WARN] ModelIntegratedComponent:63 - No mode defined for component null
2025-01-09 14:41:53,252 [WARN] ModelIntegratedComponent:63 - No mode defined for component null
2025-01-09 14:41:53,252 [WARN] ModelIntegratedComponent:63 - No mode defined for component null
2025-01-09 14:41:53,252 [WARN] ModelIntegratedComponent:63 - No mode defined for component null
2025-01-09 14:41:53,252 [WARN] ModelIntegratedComponent:63 - No mode defined for component null
2025-01-09 14:41:53,252 [WARN] ModelIntegratedComponent:63 - No mode defined for component null
2025-01-09 14:41:53,252 [WARN] ModelIntegratedComponent:63 - No mode defined for component null
2025-01-09 14:41:53,252 [WARN] ModelIntegratedComponent:63 - No mode defined for component null
2025-01-09 14:41:53,252 [WARN] ModelIntegratedComponent:63 - No mode defined for component null
2025-01-09 14:41:53,252 [WARN] ModelIntegratedComponent:63 - No mode defined for component null
2025-01-09 14:41:53,252 [WARN] ModelIntegratedComponent:63 - No mode defined for component null
2025-01-09 14:41:53,252 [WARN] ModelIntegratedComponent:63 - No mode defined for component null
2025-01-09 14:41:53,252 [WARN] ModelIntegratedComponent:63 - No mode defined for component null
2025-01-09 14:41:53,252 [WARN] ModelIntegratedComponent:63 - No mode defined for component null
2025-01-09 14:41:53,252 [WARN] ModelIntegratedComponent:63 - No mode defined for component null
2025-01-09 14:41:53,252 [WARN] ModelIntegratedComponent:63 - No mode defined for component null
2025-01-09 14:41:53,253 [WARN] ModelIntegratedComponent:63 - No mode defined for component null
2025-01-09 14:41:53,253 [WARN] ModelIntegratedComponent:63 - No mode defined for component null
2025-01-09 14:41:53,253 [WARN] ModelIntegratedComponent:63 - No mode defined for component null
2025-01-09 14:41:53,253 [WARN] ModelIntegratedComponent:63 - No mode defined for component null
2025-01-09 14:41:53,253 [WARN] ModelIntegratedComponent:63 - No mode defined for component null
2025-01-09 14:41:53,253 [WARN] ModelIntegratedComponent:63 - No mode defined for component null
2025-01-09 14:41:53,253 [WARN] ModelIntegratedComponent:63 - No mode defined for component null
2025-01-09 14:41:53,253 [WARN] ModelIntegratedComponent:63 - No mode defined for component null
2025-01-09 14:41:53,253 [WARN] ModelIntegratedComponent:63 - No mode defined for component null
2025-01-09 14:41:53,253 [WARN] ModelIntegratedComponent:63 - No mode defined for component null
2025-01-09 14:41:53,253 [WARN] ModelIntegratedComponent:63 - No mode defined for component null
2025-01-09 14:41:53,253 [WARN] ModelIntegratedComponent:63 - No mode defined for component null
2025-01-09 14:41:53,253 [WARN] ModelIntegratedComponent:63 - No mode defined for component null
2025-01-09 14:41:53,253 [WARN] ModelIntegratedComponent:63 - No mode defined for component null
2025-01-09 14:41:53,253 [WARN] ModelPack:524 - Component already loaded: STMicroelectronics:HAL Drivers:0.0.0:STMicroelectronics:Device:STMicro_Driver:XSPI:HAL::0.0.1:HAL_XSPI
2025-01-09 14:41:53,861 [INFO] ThirdPartyModel:298 - Start build external matchings
2025-01-09 14:41:54,415 [INFO] ThirdPartyModel:316 - End build external matchings
2025-01-09 14:41:54,473 [INFO] ImportTextPane:205 - (OptionalMessage_ERROR) IP (DMA) : Parameter (Instance) has Id (TIM3_CH1/TRIG) currently not set
2025-01-09 14:41:54,473 [INFO] ImportTextPane:205 - (OptionalMessage_ERROR) IP (DMA) : Parameter (Direction) has Id (TIM3_CH1/TRIG) currently not set
2025-01-09 14:41:54,474 [INFO] ImportTextPane:205 - (OptionalMessage_ERROR) IP (DMA) : Parameter (PeriphInc) has Id (TIM3_CH1/TRIG) currently not set
2025-01-09 14:41:54,474 [INFO] ImportTextPane:205 - (OptionalMessage_ERROR) IP (DMA) : Parameter (MemInc) has Id (TIM3_CH1/TRIG) currently not set
2025-01-09 14:41:54,474 [INFO] ImportTextPane:205 - (OptionalMessage_ERROR) IP (DMA) : Parameter (PeriphDataAlignment) has Id (TIM3_CH1/TRIG) currently not set
2025-01-09 14:41:54,475 [INFO] ImportTextPane:205 - (OptionalMessage_ERROR) IP (DMA) : Parameter (MemDataAlignment) has Id (TIM3_CH1/TRIG) currently not set
2025-01-09 14:41:54,475 [INFO] ImportTextPane:205 - (OptionalMessage_ERROR) IP (DMA) : Parameter (Mode) has Id (TIM3_CH1/TRIG) currently not set
2025-01-09 14:41:54,475 [INFO] ImportTextPane:205 - (OptionalMessage_ERROR) IP (DMA) : Parameter (Priority) has Id (TIM3_CH1/TRIG) currently not set
2025-01-09 14:41:54,475 [INFO] ImportTextPane:205 - (OptionalMessage_ERROR) IP (DMA) : Parameter (Instance) has Id (TIM2_CH1) currently not set
2025-01-09 14:41:54,475 [INFO] ImportTextPane:205 - (OptionalMessage_ERROR) IP (DMA) : Parameter (Direction) has Id (TIM2_CH1) currently not set
2025-01-09 14:41:54,475 [INFO] ImportTextPane:205 - (OptionalMessage_ERROR) IP (DMA) : Parameter (PeriphInc) has Id (TIM2_CH1) currently not set
2025-01-09 14:41:54,475 [INFO] ImportTextPane:205 - (OptionalMessage_ERROR) IP (DMA) : Parameter (MemInc) has Id (TIM2_CH1) currently not set
2025-01-09 14:41:54,475 [INFO] ImportTextPane:205 - (OptionalMessage_ERROR) IP (DMA) : Parameter (PeriphDataAlignment) has Id (TIM2_CH1) currently not set
2025-01-09 14:41:54,475 [INFO] ImportTextPane:205 - (OptionalMessage_ERROR) IP (DMA) : Parameter (MemDataAlignment) has Id (TIM2_CH1) currently not set
2025-01-09 14:41:54,475 [INFO] ImportTextPane:205 - (OptionalMessage_ERROR) IP (DMA) : Parameter (Mode) has Id (TIM2_CH1) currently not set
2025-01-09 14:41:54,475 [INFO] ImportTextPane:205 - (OptionalMessage_ERROR) IP (DMA) : Parameter (Priority) has Id (TIM2_CH1) currently not set
2025-01-09 14:41:54,479 [INFO] ImportTextPane:205 - (OptionalMessage_ERROR) IP (RCC) : Parameter (ADCFreqValue) has invalid value (36000000)
2025-01-09 14:41:54,480 [INFO] ImportTextPane:205 - (OptionalMessage_ERROR) IP (RCC) : Invalid parameter (FamilyName)
2025-01-09 14:41:54,480 [INFO] ImportTextPane:205 - (OptionalMessage_ERROR) IP (RCC) : Parameter (MCOFreq_Value) has invalid value (72000000)
2025-01-09 14:41:54,482 [INFO] ImportTextPane:205 - (OptionalMessage_ERROR) IP (RCC) : Parameter (USBFreq_Value) has invalid value (72000000)
2025-01-09 14:41:54,754 [INFO] UtilMem:75 - End LoadConfig() Used Memory: 785749912 Bytes (1073741824)
2025-01-09 14:41:54,901 [WARN] ThirdParty:833 - waiting for thirdparty lock release [change project]
2025-01-09 14:41:54,904 [INFO] ThirdParty:835 - entering critical section [change project]
2025-01-09 14:41:54,904 [INFO] ThirdParty:1030 - CMSIS Pack Vendor :STMicroelectronics USBPD 4.1
2025-01-09 14:41:54,904 [INFO] ThirdParty:1030 - CMSIS Pack Vendor :STMicroelectronics X-CUBE-AZRTOS-H7 3.3.0
2025-01-09 14:41:54,904 [INFO] ThirdParty:1030 - CMSIS Pack Vendor :NimaLTD I-CUBE-RBUF 2.2.0
2025-01-09 14:41:54,905 [INFO] ThirdParty:1030 - CMSIS Pack Vendor :STMicroelectronics X-CUBE-NFC9 1.0.0
2025-01-09 14:41:54,905 [INFO] ThirdParty:1030 - CMSIS Pack Vendor :STMicroelectronics USB_HOST 2.0.0
2025-01-09 14:41:54,905 [INFO] ThirdParty:1030 - CMSIS Pack Vendor :STMicroelectronics FP-SNS-MOTENVWB1 1.4.0
2025-01-09 14:41:54,905 [INFO] ThirdParty:1030 - CMSIS Pack Vendor :STMicroelectronics X-CUBE-AZRTOS-F4 1.1.0
2025-01-09 14:41:54,905 [INFO] ThirdParty:1030 - CMSIS Pack Vendor :STMicroelectronics LIBJPEG 8.0.0
2025-01-09 14:41:54,905 [INFO] ThirdParty:1030 - CMSIS Pack Vendor :STMicroelectronics FP-ATR-ASTRA1 2.0.1
2025-01-09 14:41:54,905 [INFO] ThirdParty:1030 - CMSIS Pack Vendor :STMicroelectronics X-CUBE-SMBUS 2.1.0
2025-01-09 14:41:54,905 [INFO] ThirdParty:1030 - CMSIS Pack Vendor :STMicroelectronics X-CUBE-WB05N 1.1.0
2025-01-09 14:41:54,905 [INFO] ThirdParty:1030 - CMSIS Pack Vendor :NimaLTD I-CUBE-SPIF 2.3.2
2025-01-09 14:41:54,905 [INFO] ThirdParty:1030 - CMSIS Pack Vendor :STMicroelectronics USB_DEVICE 3.0.0
2025-01-09 14:41:54,905 [INFO] ThirdParty:1030 - CMSIS Pack Vendor :STMicroelectronics X-CUBE-TCPP 4.1.0
2025-01-09 14:41:54,905 [INFO] ThirdParty:1030 - CMSIS Pack Vendor :STMicroelectronics X-CUBE-ISPU 2.1.0
2025-01-09 14:41:54,905 [INFO] ThirdParty:1030 - CMSIS Pack Vendor :STMicroelectronics X-CUBE-FREERTOS 1.2.0
2025-01-09 14:41:54,905 [INFO] ThirdParty:1030 - CMSIS Pack Vendor :STMicroelectronics X-CUBE-IPS 3.0.0
2025-01-09 14:41:54,905 [INFO] ThirdParty:1030 - CMSIS Pack Vendor :STMicroelectronics X-CUBE-AZRTOS-WB 2.0.0
2025-01-09 14:41:54,905 [INFO] ThirdParty:1030 - CMSIS Pack Vendor :STMicroelectronics X-CUBE-GNSS1 7.0.0
2025-01-09 14:41:54,905 [INFO] ThirdParty:1030 - CMSIS Pack Vendor :STMicroelectronics X-CUBE-GNSS1 7.0.1
2025-01-09 14:41:54,905 [INFO] ThirdParty:1030 - CMSIS Pack Vendor :STMicroelectronics X-CUBE-AZRTOS-F7 1.1.0
2025-01-09 14:41:54,905 [INFO] ThirdParty:1030 - CMSIS Pack Vendor :STMicroelectronics X-CUBE-AZRTOS-L5 2.0.0
2025-01-09 14:41:54,905 [INFO] ThirdParty:1030 - CMSIS Pack Vendor :STMicroelectronics USB_DEVICE 2.0.0
2025-01-09 14:41:54,905 [INFO] ThirdParty:1030 - CMSIS Pack Vendor :STMicroelectronics X-CUBE-NFC6 3.1.0
2025-01-09 14:41:54,905 [INFO] ThirdParty:1030 - CMSIS Pack Vendor :STMicroelectronics FP-SNS-STBOX1 2.0.0
2025-01-09 14:41:54,905 [INFO] ThirdParty:1030 - CMSIS Pack Vendor :STMicroelectronics X-CUBE-MEMS1 11.0.0
2025-01-09 14:41:54,905 [INFO] ThirdParty:1030 - CMSIS Pack Vendor :STMicroelectronics FreeRTOS 0.0.1
2025-01-09 14:41:54,905 [INFO] ThirdParty:1030 - CMSIS Pack Vendor :STMicroelectronics X-CUBE-AZRTOS-G0 1.1.0
2025-01-09 14:41:54,905 [INFO] ThirdParty:1030 - CMSIS Pack Vendor :NimaLTD I-CUBE-WS28XX 3.0.1
2025-01-09 14:41:54,905 [INFO] ThirdParty:1030 - CMSIS Pack Vendor :STMicroelectronics X-CUBE-SAFEA1 1.2.2
2025-01-09 14:41:54,905 [INFO] ThirdParty:1030 - CMSIS Pack Vendor :STMicroelectronics X-CUBE-NFC4 3.0.0
2025-01-09 14:41:54,905 [INFO] ThirdParty:1030 - CMSIS Pack Vendor :STMicroelectronics X-CUBE-DPower 1.2.0
2025-01-09 14:41:54,905 [INFO] ThirdParty:1030 - CMSIS Pack Vendor :STMicroelectronics X-CUBE-SUBG2 5.0.0
2025-01-09 14:41:54,906 [INFO] ThirdParty:1030 - CMSIS Pack Vendor :STMicroelectronics STM32_WPAN 1.0.0
2025-01-09 14:41:54,906 [INFO] ThirdParty:1030 - CMSIS Pack Vendor :EmbeddedOffice I-CUBE-FS-RTOS 1.0.1
2025-01-09 14:41:54,906 [INFO] ThirdParty:1030 - CMSIS Pack Vendor :STMicroelectronics lwIP 2.0.3
2025-01-09 14:41:54,906 [INFO] ThirdParty:1030 - CMSIS Pack Vendor :STMicroelectronics FP-SNS-FLIGHT1 5.0.2
2025-01-09 14:41:54,906 [INFO] ThirdParty:1030 - CMSIS Pack Vendor :Cesanta I-CUBE-Mongoose 7.13.0
2025-01-09 14:41:54,906 [INFO] ThirdParty:1030 - CMSIS Pack Vendor :STMicroelectronics USB_HOST 1.0.0
2025-01-09 14:41:54,906 [INFO] ThirdParty:1030 - CMSIS Pack Vendor :STMicroelectronics X-CUBE-AZRTOS-G4 2.0.0
2025-01-09 14:41:54,906 [INFO] ThirdParty:1030 - CMSIS Pack Vendor :NimaLTD I-CUBE-ATC 4.2.1
2025-01-09 14:41:54,906 [INFO] ThirdParty:1030 - CMSIS Pack Vendor :STMicroelectronics PDM2PCM 3.1.0
2025-01-09 14:41:54,906 [INFO] ThirdParty:1030 - CMSIS Pack Vendor :STMicroelectronics PDM2PCM 3.3.0
2025-01-09 14:41:54,906 [INFO] ThirdParty:1030 - CMSIS Pack Vendor :NimaLTD I-CUBE-EE24 3.2.0
2025-01-09 14:41:54,906 [INFO] ThirdParty:1030 - CMSIS Pack Vendor :STMicroelectronics X-CUBE-DISPLAY 3.0.0
2025-01-09 14:41:54,906 [INFO] ThirdParty:1030 - CMSIS Pack Vendor :RealThread X-CUBE-RT-Thread_Nano 4.1.1
2025-01-09 14:41:54,906 [INFO] ThirdParty:1030 - CMSIS Pack Vendor :STMicroelectronics X-CUBE-BLE1 7.0.0
2025-01-09 14:41:54,906 [INFO] ThirdParty:1030 - CMSIS Pack Vendor :STMicroelectronics FP-ATR-SIGFOX1 3.2.0
2025-01-09 14:41:54,906 [INFO] ThirdParty:1030 - CMSIS Pack Vendor :STMicroelectronics X-CUBE-NFC10 1.0.0
2025-01-09 14:41:54,906 [INFO] ThirdParty:1030 - CMSIS Pack Vendor :wolfSSL I-CUBE-wolfSSL 5.7.2
2025-01-09 14:41:54,906 [INFO] ThirdParty:1030 - CMSIS Pack Vendor :quantropi X-CUBE-qispace-sdk-base 1.9.3
2025-01-09 14:41:54,906 [INFO] ThirdParty:1030 - CMSIS Pack Vendor :NimaLTD I-CUBE-EE 3.2.1
2025-01-09 14:41:54,906 [INFO] ThirdParty:1030 - CMSIS Pack Vendor :STMicroelectronics X-CUBE-BLEMGR 4.0.0
2025-01-09 14:41:54,906 [INFO] ThirdParty:1030 - CMSIS Pack Vendor :STMicroelectronics X-CUBE-EEPRMA1 5.1.0
2025-01-09 14:41:54,906 [INFO] ThirdParty:1030 - CMSIS Pack Vendor :STMicroelectronics HAL Drivers 0.0.0
2025-01-09 14:41:54,906 [INFO] ThirdParty:1030 - CMSIS Pack Vendor :STMicroelectronics MBEDTLS 2.16.2
2025-01-09 14:41:54,906 [INFO] ThirdParty:1030 - CMSIS Pack Vendor :STMicroelectronics X-CUBE-ALS 1.0.2
2025-01-09 14:41:54,906 [INFO] ThirdParty:1030 - CMSIS Pack Vendor :emotas I-CUBE-CANOPEN 1.3.0
2025-01-09 14:41:54,906 [INFO] ThirdParty:1030 - CMSIS Pack Vendor :STMicroelectronics X-CUBE-FREERTOS 1.3.0
2025-01-09 14:41:54,906 [INFO] ThirdParty:1030 - CMSIS Pack Vendor :STMicroelectronics X-CUBE-NFC7 1.0.1
2025-01-09 14:41:54,906 [INFO] ThirdParty:1030 - CMSIS Pack Vendor :STMicroelectronics MBEDTLS 2.14.1
2025-01-09 14:41:54,906 [INFO] ThirdParty:1030 - CMSIS Pack Vendor :ITTIA_DB I-CUBE-ITTIADB 8.9.0
2025-01-09 14:41:54,906 [INFO] ThirdParty:1030 - CMSIS Pack Vendor :STMicroelectronics X-CUBE-TOUCHGFX 4.24.1
2025-01-09 14:41:54,906 [INFO] ThirdParty:1030 - CMSIS Pack Vendor :wolfSSL I-CUBE-wolfTPM 3.4.0
2025-01-09 14:41:54,906 [INFO] ThirdParty:1030 - CMSIS Pack Vendor :portGmbH I-Cube-SoM-uGOAL 1.1.0
2025-01-09 14:41:54,906 [INFO] ThirdParty:1030 - CMSIS Pack Vendor :STMicroelectronics X-CUBE-BLEMGR 3.1.0
2025-01-09 14:41:54,907 [INFO] ThirdParty:1030 - CMSIS Pack Vendor :STMicroelectronics ThreadX 1.0.0
2025-01-09 14:41:54,907 [INFO] ThirdParty:1030 - CMSIS Pack Vendor :STMicroelectronics FP-SNS-SMARTAG2 1.2.0
2025-01-09 14:41:54,907 [INFO] ThirdParty:1030 - CMSIS Pack Vendor :STMicroelectronics X-CUBE-MEMS1 11.1.0
2025-01-09 14:41:54,907 [INFO] ThirdParty:1030 - CMSIS Pack Vendor :STMicroelectronics X-CUBE-AZRTOS-WL 2.0.0
2025-01-09 14:41:54,907 [INFO] ThirdParty:1030 - CMSIS Pack Vendor :SEGGER I-CUBE-embOS 1.3.1
2025-01-09 14:41:54,907 [INFO] ThirdParty:1030 - CMSIS Pack Vendor :STMicroelectronics X-CUBE-ALGOBUILD 1.4.0
2025-01-09 14:41:54,907 [INFO] ThirdParty:1030 - CMSIS Pack Vendor :STMicroelectronics FP-SNS-MOTENV1 5.0.0
2025-01-09 14:41:54,907 [INFO] ThirdParty:1030 - CMSIS Pack Vendor :STMicroelectronics USB_DEVICE 1.0.0
2025-01-09 14:41:54,907 [INFO] ThirdParty:1030 - CMSIS Pack Vendor :STMicroelectronics X-CUBE-AZRTOS-H7RS 1.0.0
2025-01-09 14:41:54,907 [INFO] ThirdParty:1030 - CMSIS Pack Vendor :wolfSSL I-CUBE-wolfMQTT 1.19.0
2025-01-09 14:41:54,907 [INFO] ThirdParty:1030 - CMSIS Pack Vendor :STMicroelectronics X-CUBE-AZRTOS-L4 2.0.0
2025-01-09 14:41:54,907 [INFO] ThirdParty:1030 - CMSIS Pack Vendor :STMicroelectronics ThreadX 0.0.2
2025-01-09 14:41:54,907 [INFO] ThirdParty:1030 - CMSIS Pack Vendor :WES I-CUBE-Cesium 1.3.0
2025-01-09 14:41:54,907 [INFO] ThirdParty:1030 - CMSIS Pack Vendor :STMicroelectronics FP-ATR-ASTRA1 2.0.0
2025-01-09 14:41:54,907 [INFO] ThirdParty:1030 - CMSIS Pack Vendor :STMicroelectronics lwIP 2.1.2
2025-01-09 14:41:54,907 [INFO] ThirdParty:1030 - CMSIS Pack Vendor :STMicroelectronics X-CUBE-SFXS2LP1 4.0.0
2025-01-09 14:41:54,907 [INFO] ThirdParty:1030 - CMSIS Pack Vendor :STMicroelectronics X-CUBE-BLE2 3.3.0
2025-01-09 14:41:54,907 [INFO] ThirdParty:1030 - CMSIS Pack Vendor :STMicroelectronics X-CUBE-TOF1 3.4.2
2025-01-09 14:41:54,907 [INFO] ThirdParty:1030 - CMSIS Pack Vendor :STMicroelectronics X-CUBE-AI 9.1.0
2025-01-09 14:41:54,907 [INFO] ThirdParty:1030 - CMSIS Pack Vendor :Infineon AIROC-Wi-Fi-Bluetooth-STM32 1.6.1
2025-01-09 14:41:54,907 [INFO] ThirdParty:1030 - CMSIS Pack Vendor :STMicroelectronics PDM2PCM 3.2.0
2025-01-09 14:41:54,907 [INFO] ThirdParty:1030 - CMSIS Pack Vendor :wolfSSL I-CUBE-wolfSSH 1.4.17
2025-01-09 14:41:54,909 [INFO] ThirdParty:841 - exiting critical section [change project]
2025-01-09 14:41:55,151 [INFO] PinOutPanel:1561 - setPackage(No Configuration,No Configuration)
2025-01-09 14:41:55,161 [INFO] PinOutPanel:1561 - setPackage(STM32F103RBTx,LQFP64)
2025-01-09 14:41:55,497 [INFO] UtilMem:75 - Before build in PCC Used Memory: 815775224 Bytes (1073741824)
2025-01-09 14:41:55,855 [INFO] UtilMem:75 - After build in PCC Used Memory: 857196024 Bytes (1073741824)
2025-01-09 14:41:55,909 [INFO] IPUIPlugin:80 - create IPUIPlugin
2025-01-09 14:41:55,909 [INFO] IPUIPlugin:80 - create IPUIPlugin
2025-01-09 14:41:55,909 [INFO] IPUIPlugin:80 - create IPUIPlugin
2025-01-09 14:41:55,910 [INFO] IPUIPlugin:80 - create IPUIPlugin
2025-01-09 14:41:55,910 [INFO] IPUIPlugin:80 - create IPUIPlugin
2025-01-09 14:41:55,910 [INFO] IPUIPlugin:80 - create IPUIPlugin
2025-01-09 14:41:55,910 [INFO] IPUIPlugin:80 - create IPUIPlugin
2025-01-09 14:41:55,910 [INFO] IPUIPlugin:80 - create IPUIPlugin
2025-01-09 14:41:55,910 [INFO] IPUIPlugin:80 - create IPUIPlugin
2025-01-09 14:41:55,911 [INFO] IPUIPlugin:80 - create IPUIPlugin
2025-01-09 14:41:55,911 [INFO] IPUIPlugin:80 - create IPUIPlugin
2025-01-09 14:41:55,911 [INFO] IPUIPlugin:80 - create IPUIPlugin
2025-01-09 14:41:55,911 [INFO] IPUIPlugin:80 - create IPUIPlugin
2025-01-09 14:41:55,912 [INFO] IPUIPlugin:80 - create IPUIPlugin
2025-01-09 14:41:55,912 [INFO] IPUIPlugin:80 - create IPUIPlugin
2025-01-09 14:41:55,912 [INFO] IPUIPlugin:80 - create IPUIPlugin
2025-01-09 14:41:55,912 [INFO] IPUIPlugin:80 - create IPUIPlugin
2025-01-09 14:41:55,912 [INFO] IPUIPlugin:80 - create IPUIPlugin
2025-01-09 14:41:55,912 [INFO] IPUIPlugin:80 - create IPUIPlugin
2025-01-09 14:41:55,912 [INFO] IPUIPlugin:80 - create IPUIPlugin
2025-01-09 14:41:55,913 [INFO] IPUIPlugin:80 - create IPUIPlugin
2025-01-09 14:41:55,913 [INFO] IPUIPlugin:80 - create IPUIPlugin
2025-01-09 14:41:55,913 [INFO] IPUIPlugin:80 - create IPUIPlugin
2025-01-09 14:41:55,913 [INFO] IPUIPlugin:80 - create IPUIPlugin
2025-01-09 14:41:55,913 [INFO] IPUIPlugin:80 - create IPUIPlugin
2025-01-09 14:41:55,913 [INFO] IPUIPlugin:80 - create IPUIPlugin
2025-01-09 14:41:55,914 [INFO] IPUIPlugin:80 - create IPUIPlugin
2025-01-09 14:41:55,914 [INFO] IPUIPlugin:80 - create IPUIPlugin
2025-01-09 14:41:56,367 [INFO] CADModel:165 - CPN selected for project levelSTM32F103RBT6
2025-01-09 14:41:56,374 [INFO] CADModel:114 - Register for checkConnection events
2025-01-09 14:41:56,432 [INFO] OpenFileManager:363 - Restore cursor
2025-01-09 14:42:18,457 [INFO] NvicIntPanel:101 - NVIC parent = com.st.microxplorer.plugins.ip.nvic.MultiNvicIntPanel[,0,0,0x0,invalid,layout=javax.swing.BoxLayout,alignmentX=0.0,alignmentY=0.0,border=,flags=9,maximumSize=,minimumSize=,preferredSize=]
2025-01-09 14:42:22,490 [INFO] NvicIntPanel:101 - NVIC parent = com.st.microxplorer.plugins.ip.nvic.MultiNvicIntPanel[,0,0,0x0,invalid,layout=javax.swing.BoxLayout,alignmentX=0.0,alignmentY=0.0,border=,flags=9,maximumSize=,minimumSize=,preferredSize=]
2025-01-09 14:42:34,315 [INFO] UtilMem:75 - End SaveConfig() Used Memory: 907770184 Bytes (1073741824)
2025-01-09 14:42:36,513 [INFO] UtilMem:75 - End SaveConfig() Used Memory: 798267776 Bytes (1073741824)
2025-01-09 14:42:37,101 [INFO] BlockDiagram:2766 - set Specific Code input for plugin: NVIC
2025-01-09 14:42:37,102 [INFO] BlockDiagram:2766 - set Specific Code input for plugin: USART
2025-01-09 14:42:37,102 [INFO] BlockDiagram:2766 - set Specific Code input for plugin: USART
2025-01-09 14:42:37,102 [INFO] BlockDiagram:2766 - set Specific Code input for plugin: USART
2025-01-09 14:42:37,102 [INFO] BlockDiagram:2766 - set Specific Code input for plugin: DMA
2025-01-09 14:42:37,102 [INFO] BlockDiagram:2766 - set Specific Code input for plugin: TIM1_8F1
2025-01-09 14:42:37,102 [INFO] BlockDiagram:2766 - set Specific Code input for plugin: TIM1_8F1
2025-01-09 14:42:37,102 [INFO] BlockDiagram:2766 - set Specific Code input for plugin: TIM1_8F1
2025-01-09 14:42:37,103 [INFO] BlockDiagram:2766 - set Specific Code input for plugin: SYS
2025-01-09 14:42:37,103 [INFO] BlockDiagram:2766 - set Specific Code input for plugin: NimaLTD.I-CUBE-WS28XX.3.0.1
2025-01-09 14:42:37,104 [INFO] BlockDiagram:2766 - set Specific Code input for plugin: GPIO
2025-01-09 14:42:37,104 [INFO] BlockDiagram:2766 - set Specific Code input for plugin: RCC
2025-01-09 14:42:37,299 [INFO] CodeGenerator:807 - code generatio: config db path: /Applications/STM32CubeIDE.app/Contents/Eclipse/plugins/com.st.stm32cube.common.mx_6.12.1.202409122256//db/
2025-01-09 14:42:37,776 [INFO] IP:3366 - RTE template : default_conf.ftl
2025-01-09 14:42:37,841 [INFO] CodeEngine:255 - oldGeneratedFile, /Users/vihaanravishankar/Desktop/Turnstile stuff/turnstile_stm_program/MXTmpFiles/license.tmp_save
2025-01-09 14:42:38,346 [INFO] CodeEngine:279 - Generated code: /Users/vihaanravishankar/Desktop/Turnstile stuff/turnstile_stm_program/MXTmpFiles/license.tmp
2025-01-09 14:42:39,657 [INFO] CodeEngine:255 - oldGeneratedFile, /Users/vihaanravishankar/Desktop/Turnstile stuff/turnstile_stm_program/Core/Src/gpio.c_save
2025-01-09 14:42:40,240 [INFO] CodeEngine:279 - Generated code: /Users/vihaanravishankar/Desktop/Turnstile stuff/turnstile_stm_program/Core/Src/gpio.c
2025-01-09 14:42:40,250 [INFO] CodeEngine:255 - oldGeneratedFile, /Users/vihaanravishankar/Desktop/Turnstile stuff/turnstile_stm_program/Core/Inc/gpio.h_save
2025-01-09 14:42:40,397 [INFO] CodeEngine:279 - Generated code: /Users/vihaanravishankar/Desktop/Turnstile stuff/turnstile_stm_program/Core/Inc/gpio.h
2025-01-09 14:42:41,807 [INFO] Middleware:1439 - No code input for Bsp Dependency
2025-01-09 14:42:41,863 [INFO] CodeEngine:255 - oldGeneratedFile, /Users/vihaanravishankar/Desktop/Turnstile stuff/turnstile_stm_program/Core/Src/dma.c_save
2025-01-09 14:42:42,028 [INFO] CodeEngine:279 - Generated code: /Users/vihaanravishankar/Desktop/Turnstile stuff/turnstile_stm_program/Core/Src/dma.c
2025-01-09 14:42:42,032 [INFO] CodeEngine:255 - oldGeneratedFile, /Users/vihaanravishankar/Desktop/Turnstile stuff/turnstile_stm_program/Core/Inc/dma.h_save
2025-01-09 14:42:42,217 [INFO] CodeEngine:279 - Generated code: /Users/vihaanravishankar/Desktop/Turnstile stuff/turnstile_stm_program/Core/Inc/dma.h
2025-01-09 14:42:42,220 [INFO] Middleware:1439 - No code input for Bsp Dependency
2025-01-09 14:42:42,236 [INFO] CodeEngine:255 - oldGeneratedFile, /Users/vihaanravishankar/Desktop/Turnstile stuff/turnstile_stm_program/I-CUBE-WS28XX/./NimaLTD.I-CUBE-WS28XX_conf.h_save
2025-01-09 14:42:42,814 [INFO] CodeEngine:279 - Generated code: /Users/vihaanravishankar/Desktop/Turnstile stuff/turnstile_stm_program/I-CUBE-WS28XX/./NimaLTD.I-CUBE-WS28XX_conf.h
2025-01-09 14:42:42,949 [INFO] CodeEngine:255 - oldGeneratedFile, /Users/vihaanravishankar/Desktop/Turnstile stuff/turnstile_stm_program/Core/Src/tim.c_save
2025-01-09 14:42:44,018 [INFO] CodeEngine:279 - Generated code: /Users/vihaanravishankar/Desktop/Turnstile stuff/turnstile_stm_program/Core/Src/tim.c
2025-01-09 14:42:44,113 [INFO] CodeEngine:255 - oldGeneratedFile, /Users/vihaanravishankar/Desktop/Turnstile stuff/turnstile_stm_program/Core/Inc/tim.h_save
2025-01-09 14:42:44,316 [INFO] CodeEngine:279 - Generated code: /Users/vihaanravishankar/Desktop/Turnstile stuff/turnstile_stm_program/Core/Inc/tim.h
2025-01-09 14:42:44,347 [INFO] CodeEngine:255 - oldGeneratedFile, /Users/vihaanravishankar/Desktop/Turnstile stuff/turnstile_stm_program/Core/Src/usart.c_save
2025-01-09 14:42:44,602 [INFO] CodeEngine:279 - Generated code: /Users/vihaanravishankar/Desktop/Turnstile stuff/turnstile_stm_program/Core/Src/usart.c
2025-01-09 14:42:44,605 [INFO] CodeEngine:255 - oldGeneratedFile, /Users/vihaanravishankar/Desktop/Turnstile stuff/turnstile_stm_program/Core/Inc/usart.h_save
2025-01-09 14:42:44,754 [INFO] CodeEngine:279 - Generated code: /Users/vihaanravishankar/Desktop/Turnstile stuff/turnstile_stm_program/Core/Inc/usart.h
2025-01-09 14:42:44,800 [INFO] CodeEngine:255 - oldGeneratedFile, /Users/vihaanravishankar/Desktop/Turnstile stuff/turnstile_stm_program/Core/Src/stm32f1xx_it.c_save
2025-01-09 14:42:45,350 [INFO] CodeEngine:279 - Generated code: /Users/vihaanravishankar/Desktop/Turnstile stuff/turnstile_stm_program/Core/Src/stm32f1xx_it.c
2025-01-09 14:42:45,355 [INFO] CodeEngine:255 - oldGeneratedFile, /Users/vihaanravishankar/Desktop/Turnstile stuff/turnstile_stm_program/Core/Inc/stm32f1xx_it.h_save
2025-01-09 14:42:45,444 [INFO] CodeEngine:279 - Generated code: /Users/vihaanravishankar/Desktop/Turnstile stuff/turnstile_stm_program/Core/Inc/stm32f1xx_it.h
2025-01-09 14:42:45,472 [INFO] CodeEngine:255 - oldGeneratedFile, /Users/vihaanravishankar/Desktop/Turnstile stuff/turnstile_stm_program/Core/Src/stm32f1xx_hal_msp.c_save
2025-01-09 14:42:45,600 [INFO] CodeEngine:279 - Generated code: /Users/vihaanravishankar/Desktop/Turnstile stuff/turnstile_stm_program/Core/Src/stm32f1xx_hal_msp.c
2025-01-09 14:42:45,602 [INFO] CodeEngine:255 - oldGeneratedFile, /Users/vihaanravishankar/Desktop/Turnstile stuff/turnstile_stm_program/MXTmpFiles/system.tmp_save
2025-01-09 14:42:45,682 [INFO] CodeEngine:279 - Generated code: /Users/vihaanravishankar/Desktop/Turnstile stuff/turnstile_stm_program/MXTmpFiles/system.tmp
2025-01-09 14:42:45,689 [INFO] CodeEngine:311 - oldGeneratedFile, /Users/vihaanravishankar/Desktop/Turnstile stuff/turnstile_stm_program/Core/Inc/stm32f1xx_hal_conf.h_save
2025-01-09 14:42:45,970 [INFO] CodeEngine:335 - Generated code: /Users/vihaanravishankar/Desktop/Turnstile stuff/turnstile_stm_program/Core/Inc/stm32f1xx_hal_conf.h
2025-01-09 14:42:46,239 [INFO] CodeEngine:255 - oldGeneratedFile, /Users/vihaanravishankar/Desktop/Turnstile stuff/turnstile_stm_program/Core/Inc/main.h_save
2025-01-09 14:42:46,748 [INFO] CodeEngine:279 - Generated code: /Users/vihaanravishankar/Desktop/Turnstile stuff/turnstile_stm_program/Core/Inc/main.h
2025-01-09 14:42:46,765 [INFO] CodeEngine:255 - oldGeneratedFile, /Users/vihaanravishankar/Desktop/Turnstile stuff/turnstile_stm_program/Core/Src/main.c_save
2025-01-09 14:42:47,119 [INFO] CodeEngine:279 - Generated code: /Users/vihaanravishankar/Desktop/Turnstile stuff/turnstile_stm_program/Core/Src/main.c
2025-01-09 14:42:48,907 [INFO] ProjectBuilder:3249 - Time for Copy HAL[1] : 458mS.
2025-01-09 14:42:49,105 [ERROR] Middleware:2969 - Invalid RefComponent list
2025-01-09 14:42:49,107 [ERROR] Middleware:2969 - Invalid RefComponent list
2025-01-09 14:42:49,107 [ERROR] Middleware:2969 - Invalid RefComponent list
2025-01-09 14:42:49,107 [ERROR] Middleware:2969 - Invalid RefComponent list
2025-01-09 14:42:49,109 [ERROR] Middleware:2969 - Invalid RefComponent list
2025-01-09 14:42:49,109 [ERROR] Middleware:2969 - Invalid RefComponent list
2025-01-09 14:42:49,109 [ERROR] Middleware:2969 - Invalid RefComponent list
2025-01-09 14:42:49,111 [ERROR] Middleware:2969 - Invalid RefComponent list
2025-01-09 14:42:49,111 [ERROR] Middleware:2969 - Invalid RefComponent list
2025-01-09 14:42:49,112 [ERROR] Middleware:2969 - Invalid RefComponent list
2025-01-09 14:42:49,112 [ERROR] Middleware:2969 - Invalid RefComponent list
2025-01-09 14:42:49,112 [ERROR] Middleware:2969 - Invalid RefComponent list
2025-01-09 14:42:49,112 [ERROR] Middleware:2969 - Invalid RefComponent list
2025-01-09 14:42:49,112 [ERROR] Middleware:2969 - Invalid RefComponent list
2025-01-09 14:42:49,207 [INFO] ProjectBuilder:9026 - Time for Copy ThirdParty[1] : 11mS.
2025-01-09 14:42:49,249 [INFO] ProjectBuilder:4828 - Project Generator version: 4.5.0-B34
2025-01-09 14:42:49,715 [INFO] ConfigFileManager:1531 - The Die is : DIE410
2025-01-09 14:42:49,827 [INFO] ApiDbMcu:508 - Load IP Config File for FATFS
2025-01-09 14:42:50,182 [INFO] ApiDbMcu:508 - Load IP Config File for FREERTOS
2025-01-09 14:42:50,445 [INFO] ApiDbMcu:508 - Load IP Config File for USB_DEVICE
2025-01-09 14:42:56,905 [INFO] ProjectBuilder:5097 - Time for Generating toolchain IDE Files: 7643mS.
2025-01-09 14:42:56,928 [INFO] ProjectBuilder:3107 - Time for Copy CMSIS : 8mS.
2025-01-09 14:42:56,933 [INFO] ProjectBuilder:3107 - Time for Copy CMSIS : 0mS.
2025-01-09 18:34:34,373 [INFO] WebApp:189 - Connection lost
2025-01-09 19:26:50,014 [INFO] WebApp:186 - Connection restablished
