2024-10-27 09:12:10,691 [INFO] WebApp:189 - Connection lost
2024-10-27 09:56:20,349 [INFO] WebApp:186 - Connection restablished
2024-10-27 10:11:24,207 [INFO] WebApp:189 - Connection lost
2024-10-27 10:12:42,007 [INFO] WebApp:186 - Connection restablished
2024-10-27 10:26:34,916 [INFO] WebApp:189 - Connection lost
2024-10-27 10:39:12,863 [INFO] WebApp:186 - Connection restablished
2024-10-27 11:52:35,148 [INFO] UtilMem:75 - End SaveConfig() Used Memory: 408752112 Bytes (954204160)
2024-10-27 11:52:35,405 [INFO] BlockDiagram:2766 - set Specific Code input for plugin: NVIC
2024-10-27 11:52:35,405 [INFO] BlockDiagram:2766 - set Specific Code input for plugin: USART
2024-10-27 11:52:35,405 [INFO] BlockDiagram:2766 - set Specific Code input for plugin: USART
2024-10-27 11:52:35,405 [INFO] BlockDiagram:2766 - set Specific Code input for plugin: USART
2024-10-27 11:52:35,405 [INFO] BlockDiagram:2766 - set Specific Code input for plugin: DMA
2024-10-27 11:52:35,405 [INFO] BlockDiagram:2766 - set Specific Code input for plugin: TIM1_8F1
2024-10-27 11:52:35,405 [INFO] BlockDiagram:2766 - set Specific Code input for plugin: TIM1_8F1
2024-10-27 11:52:35,405 [INFO] BlockDiagram:2766 - set Specific Code input for plugin: SYS
2024-10-27 11:52:35,405 [INFO] BlockDiagram:2766 - set Specific Code input for plugin: GPIO
2024-10-27 11:52:35,405 [INFO] BlockDiagram:2766 - set Specific Code input for plugin: RCC
2024-10-27 11:52:35,406 [INFO] CodeGenerator:807 - code generatio: config db path: /Applications/STM32CubeIDE.app/Contents/Eclipse/plugins/com.st.stm32cube.common.mx_6.12.1.202409122256//db/
2024-10-27 11:52:35,515 [INFO] CodeEngine:255 - oldGeneratedFile, /Users/vihaanravishankar/Desktop/Turnstile stuff/turnstile_stm_program/MXTmpFiles/license.tmp_save
2024-10-27 11:52:35,654 [INFO] CodeEngine:279 - Generated code: /Users/vihaanravishankar/Desktop/Turnstile stuff/turnstile_stm_program/MXTmpFiles/license.tmp
2024-10-27 11:52:35,723 [INFO] CodeEngine:255 - oldGeneratedFile, /Users/vihaanravishankar/Desktop/Turnstile stuff/turnstile_stm_program/Core/Src/gpio.c_save
2024-10-27 11:52:35,825 [INFO] CodeEngine:279 - Generated code: /Users/vihaanravishankar/Desktop/Turnstile stuff/turnstile_stm_program/Core/Src/gpio.c
2024-10-27 11:52:35,826 [INFO] CodeEngine:255 - oldGeneratedFile, /Users/vihaanravishankar/Desktop/Turnstile stuff/turnstile_stm_program/Core/Inc/gpio.h_save
2024-10-27 11:52:35,886 [INFO] CodeEngine:279 - Generated code: /Users/vihaanravishankar/Desktop/Turnstile stuff/turnstile_stm_program/Core/Inc/gpio.h
2024-10-27 11:52:36,235 [INFO] CodeEngine:255 - oldGeneratedFile, /Users/vihaanravishankar/Desktop/Turnstile stuff/turnstile_stm_program/Core/Src/dma.c_save
2024-10-27 11:52:36,329 [INFO] CodeEngine:279 - Generated code: /Users/vihaanravishankar/Desktop/Turnstile stuff/turnstile_stm_program/Core/Src/dma.c
2024-10-27 11:52:36,337 [INFO] CodeEngine:255 - oldGeneratedFile, /Users/vihaanravishankar/Desktop/Turnstile stuff/turnstile_stm_program/Core/Inc/dma.h_save
2024-10-27 11:52:36,405 [INFO] CodeEngine:279 - Generated code: /Users/vihaanravishankar/Desktop/Turnstile stuff/turnstile_stm_program/Core/Inc/dma.h
2024-10-27 11:52:36,418 [INFO] CodeEngine:255 - oldGeneratedFile, /Users/vihaanravishankar/Desktop/Turnstile stuff/turnstile_stm_program/Core/Src/tim.c_save
2024-10-27 11:52:36,549 [INFO] CodeEngine:279 - Generated code: /Users/vihaanravishankar/Desktop/Turnstile stuff/turnstile_stm_program/Core/Src/tim.c
2024-10-27 11:52:36,551 [INFO] CodeEngine:255 - oldGeneratedFile, /Users/vihaanravishankar/Desktop/Turnstile stuff/turnstile_stm_program/Core/Inc/tim.h_save
2024-10-27 11:52:36,606 [INFO] CodeEngine:279 - Generated code: /Users/vihaanravishankar/Desktop/Turnstile stuff/turnstile_stm_program/Core/Inc/tim.h
2024-10-27 11:52:36,613 [INFO] CodeEngine:255 - oldGeneratedFile, /Users/vihaanravishankar/Desktop/Turnstile stuff/turnstile_stm_program/Core/Src/usart.c_save
2024-10-27 11:52:36,696 [INFO] CodeEngine:279 - Generated code: /Users/vihaanravishankar/Desktop/Turnstile stuff/turnstile_stm_program/Core/Src/usart.c
2024-10-27 11:52:36,699 [INFO] CodeEngine:255 - oldGeneratedFile, /Users/vihaanravishankar/Desktop/Turnstile stuff/turnstile_stm_program/Core/Inc/usart.h_save
2024-10-27 11:52:36,753 [INFO] CodeEngine:279 - Generated code: /Users/vihaanravishankar/Desktop/Turnstile stuff/turnstile_stm_program/Core/Inc/usart.h
2024-10-27 11:52:36,758 [INFO] CodeEngine:255 - oldGeneratedFile, /Users/vihaanravishankar/Desktop/Turnstile stuff/turnstile_stm_program/Core/Src/stm32f1xx_it.c_save
2024-10-27 11:52:36,947 [INFO] CodeEngine:279 - Generated code: /Users/vihaanravishankar/Desktop/Turnstile stuff/turnstile_stm_program/Core/Src/stm32f1xx_it.c
2024-10-27 11:52:36,949 [INFO] CodeEngine:255 - oldGeneratedFile, /Users/vihaanravishankar/Desktop/Turnstile stuff/turnstile_stm_program/Core/Inc/stm32f1xx_it.h_save
2024-10-27 11:52:37,003 [INFO] CodeEngine:279 - Generated code: /Users/vihaanravishankar/Desktop/Turnstile stuff/turnstile_stm_program/Core/Inc/stm32f1xx_it.h
2024-10-27 11:52:37,012 [INFO] CodeEngine:255 - oldGeneratedFile, /Users/vihaanravishankar/Desktop/Turnstile stuff/turnstile_stm_program/Core/Src/stm32f1xx_hal_msp.c_save
2024-10-27 11:52:37,175 [INFO] CodeEngine:279 - Generated code: /Users/vihaanravishankar/Desktop/Turnstile stuff/turnstile_stm_program/Core/Src/stm32f1xx_hal_msp.c
2024-10-27 11:52:37,178 [INFO] CodeEngine:255 - oldGeneratedFile, /Users/vihaanravishankar/Desktop/Turnstile stuff/turnstile_stm_program/MXTmpFiles/system.tmp_save
2024-10-27 11:52:37,230 [INFO] CodeEngine:279 - Generated code: /Users/vihaanravishankar/Desktop/Turnstile stuff/turnstile_stm_program/MXTmpFiles/system.tmp
2024-10-27 11:52:37,234 [INFO] CodeEngine:311 - oldGeneratedFile, /Users/vihaanravishankar/Desktop/Turnstile stuff/turnstile_stm_program/Core/Inc/stm32f1xx_hal_conf.h_save
2024-10-27 11:52:37,298 [INFO] CodeEngine:335 - Generated code: /Users/vihaanravishankar/Desktop/Turnstile stuff/turnstile_stm_program/Core/Inc/stm32f1xx_hal_conf.h
2024-10-27 11:52:37,331 [INFO] CodeEngine:255 - oldGeneratedFile, /Users/vihaanravishankar/Desktop/Turnstile stuff/turnstile_stm_program/Core/Inc/main.h_save
2024-10-27 11:52:37,456 [INFO] CodeEngine:279 - Generated code: /Users/vihaanravishankar/Desktop/Turnstile stuff/turnstile_stm_program/Core/Inc/main.h
2024-10-27 11:52:37,465 [INFO] CodeEngine:255 - oldGeneratedFile, /Users/vihaanravishankar/Desktop/Turnstile stuff/turnstile_stm_program/Core/Src/main.c_save
2024-10-27 11:52:37,559 [INFO] CodeEngine:279 - Generated code: /Users/vihaanravishankar/Desktop/Turnstile stuff/turnstile_stm_program/Core/Src/main.c
2024-10-27 11:52:37,825 [INFO] ProjectBuilder:3249 - Time for Copy HAL[1] : 76mS.
2024-10-27 11:52:37,832 [INFO] ProjectBuilder:4828 - Project Generator version: 4.5.0-B34
2024-10-27 11:52:37,899 [INFO] ConfigFileManager:1531 - The Die is : DIE410
2024-10-27 11:52:39,223 [INFO] ProjectBuilder:5097 - Time for Generating toolchain IDE Files: 1392mS.
2024-10-27 11:52:39,224 [INFO] ProjectBuilder:3107 - Time for Copy CMSIS : 0mS.
2024-10-27 11:52:39,225 [INFO] ProjectBuilder:3107 - Time for Copy CMSIS : 0mS.
2024-10-27 17:23:54,779 [INFO] WebApp:189 - Connection lost
2024-10-27 18:13:38,537 [INFO] WebApp:186 - Connection restablished
