2025-01-07 06:49:15,205 [INFO] WebApp:189 - Connection lost
2025-01-07 06:49:24,614 [INFO] WebApp:186 - Connection restablished
2025-01-07 08:54:16,026 [INFO] WebApp:189 - Connection lost
2025-01-07 08:55:41,454 [INFO] WebApp:186 - Connection restablished
2025-01-07 08:55:43,109 [INFO] WebApp:189 - Connection lost
2025-01-07 09:37:17,859 [INFO] WebApp:186 - Connection restablished
2025-01-07 10:12:04,190 [INFO] MainUpdater:2873 - connection check result : 10
2025-01-07 10:12:04,199 [INFO] MainUpdater:2873 - connection check result : 10
2025-01-07 10:12:04,813 [INFO] MicroXplorer:468 - Change Database Path : 
2025-01-07 10:12:04,817 [INFO] MicroXplorer:498 - Change Database Version : DB.6.0.121
2025-01-07 10:12:04,934 [ERROR] ProjectManagerView:394 - 
java.lang.NullPointerException: Cannot invoke "javax.swing.JTextField.getText()" because the return value of "java.util.List.get(int)" is null
	at com.st.microxplorer.plugins.projectmanager.gui.ProjectChoiceTab$10.caretUpdate(ProjectChoiceTab.java:2622) ~[filemanager.jar:?]
	at javax.swing.text.JTextComponent.fireCaretUpdate(JTextComponent.java:412) ~[?:?]
	at javax.swing.text.JTextComponent$MutableCaretEvent.fire(JTextComponent.java:4491) ~[?:?]
	at javax.swing.text.JTextComponent$MutableCaretEvent.stateChanged(JTextComponent.java:4513) ~[?:?]
	at javax.swing.text.DefaultCaret.fireStateChanged(DefaultCaret.java:842) ~[?:?]
	at javax.swing.text.DefaultCaret.changeCaretPosition(DefaultCaret.java:1313) ~[?:?]
	at javax.swing.text.DefaultCaret.handleSetDot(DefaultCaret.java:1212) ~[?:?]
	at javax.swing.text.DefaultCaret.setDot(DefaultCaret.java:1193) ~[?:?]
	at javax.swing.text.DefaultCaret$Handler.insertUpdate(DefaultCaret.java:1789) ~[?:?]
	at javax.swing.text.AbstractDocument.fireInsertUpdate(AbstractDocument.java:226) ~[?:?]
	at javax.swing.text.AbstractDocument.handleInsertString(AbstractDocument.java:780) ~[?:?]
	at javax.swing.text.AbstractDocument.insertString(AbstractDocument.java:739) ~[?:?]
	at javax.swing.text.PlainDocument.insertString(PlainDocument.java:131) ~[?:?]
	at javax.swing.text.AbstractDocument.replace(AbstractDocument.java:698) ~[?:?]
	at javax.swing.text.JTextComponent.setText(JTextComponent.java:1729) ~[?:?]
	at com.st.microxplorer.plugins.projectmanager.gui.ProjectChoiceTab.createHeapStackFields(ProjectChoiceTab.java:972) ~[filemanager.jar:?]
	at com.st.microxplorer.plugins.projectmanager.gui.ProjectChoiceTab.buildLinkSettingsPanel(ProjectChoiceTab.java:3597) ~[filemanager.jar:?]
	at com.st.microxplorer.plugins.projectmanager.gui.ProjectChoiceTab.defineWindowsFields(ProjectChoiceTab.java:1940) ~[filemanager.jar:?]
	at com.st.microxplorer.plugins.projectmanager.gui.ProjectChoiceTab.updateSettings(ProjectChoiceTab.java:550) ~[filemanager.jar:?]
	at com.st.microxplorer.plugins.projectmanager.gui.ProjectSettingsPanel.UpdateDialog(ProjectSettingsPanel.java:245) ~[filemanager.jar:?]
	at com.st.microxplorer.plugins.projectmanager.ProjectManagerView.propertyChange(ProjectManagerView.java:391) ~[filemanager.jar:?]
	at java.beans.PropertyChangeSupport.fire(PropertyChangeSupport.java:343) ~[?:?]
	at java.beans.PropertyChangeSupport.firePropertyChange(PropertyChangeSupport.java:335) ~[?:?]
	at java.beans.PropertyChangeSupport.firePropertyChange(PropertyChangeSupport.java:268) ~[?:?]
	at com.st.microxplorer.util.MXPropertyChangeSupport.firePropertyChange(MXPropertyChangeSupport.java:54) ~[STM32CubeMX.jar:?]
	at com.st.microxplorer.mxsystem.MxSystem.closeConfig(MxSystem.java:900) ~[STM32CubeMX.jar:?]
	at com.st.microxplorer.maingui.MainPanel.closeConfig(MainPanel.java:781) ~[STM32CubeMX.jar:?]
	at com.st.microxplorer.plugins.filemanager.engine.OpenFileManager.loadConfigurationFile(OpenFileManager.java:265) ~[filemanager.jar:?]
	at com.st.microxplorer.plugins.filemanager.engine.MainFileManager.userLoadConfig(MainFileManager.java:352) ~[filemanager.jar:?]
	at com.st.microxplorer.plugins.filemanager.engine.MainFileManager.userLoadConfig(MainFileManager.java:330) ~[filemanager.jar:?]
	at com.st.microxplorer.plugins.filemanager.FileManagerView.getSpecificTask(FileManagerView.java:246) ~[filemanager.jar:?]
	at com.st.stm32cube.common.mx.editor.CubeMxEditor.getMxTabbedPaneInstance(CubeMxEditor.java:1198) ~[com.st.stm32cube.common.mx_6.12.1.202409122256/:?]
	at com.st.stm32cube.common.mx.editor.CubeMxEditor$12$1.createSwingComponent(CubeMxEditor.java:1068) ~[com.st.stm32cube.common.mx_6.12.1.202409122256/:?]
	at com.st.stm32cube.common.mx.oss.core.awtswtbridge.EmbeddedSwingComposite.doComponentCreation(EmbeddedSwingComposite.java:492) ~[com.st.stm32cube.common.mx.oss_6.12.1.202409122256/:?]
	at com.st.stm32cube.common.mx.oss.core.awtswtbridge.EmbeddedSwingComposite$4.run(EmbeddedSwingComposite.java:291) ~[com.st.stm32cube.common.mx.oss_6.12.1.202409122256/:?]
	at com.st.stm32cube.common.mx.oss.core.awtswtbridge.AwtEnvironment$2.run(AwtEnvironment.java:166) ~[com.st.stm32cube.common.mx.oss_6.12.1.202409122256/:?]
	at java.awt.event.InvocationEvent.dispatch(InvocationEvent.java:318) ~[?:?]
	at java.awt.EventQueue.dispatchEventImpl(EventQueue.java:773) ~[?:?]
	at java.awt.EventQueue$4.run(EventQueue.java:720) ~[?:?]
	at java.awt.EventQueue$4.run(EventQueue.java:714) ~[?:?]
	at java.security.AccessController.doPrivileged(AccessController.java:399) ~[?:?]
	at java.security.ProtectionDomain$JavaSecurityAccessImpl.doIntersectionPrivilege(ProtectionDomain.java:86) ~[?:?]
	at java.awt.EventQueue.dispatchEvent(EventQueue.java:742) ~[?:?]
	at java.awt.EventDispatchThread.pumpOneEventForFilters(EventDispatchThread.java:203) ~[?:?]
	at java.awt.EventDispatchThread.pumpEventsForFilter(EventDispatchThread.java:124) ~[?:?]
	at java.awt.EventDispatchThread.pumpEventsForHierarchy(EventDispatchThread.java:113) ~[?:?]
	at java.awt.EventDispatchThread.pumpEvents(EventDispatchThread.java:109) ~[?:?]
	at java.awt.EventDispatchThread.pumpEvents(EventDispatchThread.java:101) ~[?:?]
	at java.awt.EventDispatchThread.run(EventDispatchThread.java:90) ~[?:?]
2025-01-07 10:12:04,938 [WARN] ThirdParty:871 - waiting for thirdparty lock release [close project]
2025-01-07 10:12:04,939 [INFO] ThirdParty:873 - entering critical section [close project]
2025-01-07 10:12:04,939 [INFO] ThirdParty:883 - exiting critical section [close project]
2025-01-07 10:12:04,946 [INFO] PinOutPanel:1561 - setPackage(No Configuration,No Configuration)
2025-01-07 10:12:04,965 [INFO] UtilMem:75 - Begin LoadConfig() Used Memory: 726820376 Bytes (1073741824)
2025-01-07 10:12:04,969 [INFO] MicroXplorer:468 - Change Database Path : 
2025-01-07 10:12:04,971 [INFO] MicroXplorer:498 - Change Database Version : DB.6.0.121
2025-01-07 10:12:04,972 [INFO] OpenFileManager:332 - Change cursor
2025-01-07 10:12:05,026 [INFO] RulesReader:64 - Compatibility file has been processed (297 Rules)
2025-01-07 10:12:05,059 [INFO] Mcu:2032 - Initializing MCU STM32F103R(8-B)Tx STM32F103RBTx STM32F103RBT6
2025-01-07 10:12:05,685 [INFO] Context:742 - Trying to add GPIOservice into a context  which must be forbidden
2025-01-07 10:12:06,236 [INFO] RtosManager:555 - Registered RTOS mode: class=CMSIS, group=RTOS, mode=CMSIS_V1, owner=FREERTOS
2025-01-07 10:12:06,236 [INFO] RtosManager:555 - Registered RTOS mode: class=CMSIS, group=RTOS2, mode=CMSIS_V2, owner=FREERTOS
2025-01-07 10:12:06,236 [INFO] RtosManager:555 - Registered RTOS mode: class=RTOS, group=Core, mode=CMSIS_V1, owner=FREERTOS
2025-01-07 10:12:06,236 [INFO] RtosManager:555 - Registered RTOS mode: class=RTOS, group=Core, mode=CMSIS_V2, owner=FREERTOS
2025-01-07 10:12:06,236 [WARN] ModelIntegratedComponent:184 - Missing modes for component STMicroelectronics:FreeRTOS:0.0.1:STMicroelectronics:RTOS:FreeRTOS:Core:::10.2.0:
2025-01-07 10:12:06,256 [WARN] ModelIntegratedComponent:63 - No mode defined for component null
2025-01-07 10:12:06,256 [WARN] ModelIntegratedComponent:63 - No mode defined for component null
2025-01-07 10:12:06,256 [WARN] ModelIntegratedComponent:63 - No mode defined for component null
2025-01-07 10:12:06,256 [WARN] ModelIntegratedComponent:63 - No mode defined for component null
2025-01-07 10:12:06,256 [WARN] ModelIntegratedComponent:63 - No mode defined for component null
2025-01-07 10:12:06,256 [WARN] ModelIntegratedComponent:63 - No mode defined for component null
2025-01-07 10:12:06,256 [WARN] ModelIntegratedComponent:63 - No mode defined for component null
2025-01-07 10:12:06,256 [WARN] ModelIntegratedComponent:63 - No mode defined for component null
2025-01-07 10:12:06,256 [WARN] ModelIntegratedComponent:63 - No mode defined for component null
2025-01-07 10:12:06,256 [WARN] ModelIntegratedComponent:63 - No mode defined for component null
2025-01-07 10:12:06,256 [WARN] ModelIntegratedComponent:63 - No mode defined for component null
2025-01-07 10:12:06,256 [WARN] ModelIntegratedComponent:63 - No mode defined for component null
2025-01-07 10:12:06,256 [WARN] ModelIntegratedComponent:63 - No mode defined for component null
2025-01-07 10:12:06,256 [WARN] ModelIntegratedComponent:63 - No mode defined for component null
2025-01-07 10:12:06,256 [WARN] ModelIntegratedComponent:63 - No mode defined for component null
2025-01-07 10:12:06,256 [WARN] ModelIntegratedComponent:63 - No mode defined for component null
2025-01-07 10:12:06,256 [WARN] ModelIntegratedComponent:63 - No mode defined for component null
2025-01-07 10:12:06,257 [WARN] ModelIntegratedComponent:63 - No mode defined for component null
2025-01-07 10:12:06,257 [WARN] ModelIntegratedComponent:63 - No mode defined for component null
2025-01-07 10:12:06,257 [WARN] ModelIntegratedComponent:63 - No mode defined for component null
2025-01-07 10:12:06,257 [WARN] ModelIntegratedComponent:63 - No mode defined for component null
2025-01-07 10:12:06,257 [WARN] ModelIntegratedComponent:63 - No mode defined for component null
2025-01-07 10:12:06,257 [WARN] ModelIntegratedComponent:63 - No mode defined for component null
2025-01-07 10:12:06,257 [WARN] ModelIntegratedComponent:63 - No mode defined for component null
2025-01-07 10:12:06,257 [WARN] ModelIntegratedComponent:63 - No mode defined for component null
2025-01-07 10:12:06,257 [WARN] ModelIntegratedComponent:63 - No mode defined for component null
2025-01-07 10:12:06,257 [WARN] ModelIntegratedComponent:63 - No mode defined for component null
2025-01-07 10:12:06,257 [WARN] ModelIntegratedComponent:63 - No mode defined for component null
2025-01-07 10:12:06,257 [WARN] ModelIntegratedComponent:63 - No mode defined for component null
2025-01-07 10:12:06,257 [WARN] ModelIntegratedComponent:63 - No mode defined for component null
2025-01-07 10:12:06,257 [WARN] ModelIntegratedComponent:63 - No mode defined for component null
2025-01-07 10:12:06,257 [WARN] ModelIntegratedComponent:63 - No mode defined for component null
2025-01-07 10:12:06,257 [WARN] ModelIntegratedComponent:63 - No mode defined for component null
2025-01-07 10:12:06,257 [WARN] ModelIntegratedComponent:63 - No mode defined for component null
2025-01-07 10:12:06,257 [WARN] ModelIntegratedComponent:63 - No mode defined for component null
2025-01-07 10:12:06,257 [WARN] ModelPack:524 - Component already loaded: STMicroelectronics:HAL Drivers:0.0.0:STMicroelectronics:Device:STMicro_Driver:XSPI:HAL::0.0.1:HAL_XSPI
2025-01-07 10:12:06,348 [INFO] ThirdPartyModel:298 - Start build external matchings
2025-01-07 10:12:06,978 [INFO] ThirdPartyModel:316 - End build external matchings
2025-01-07 10:12:07,026 [INFO] ImportTextPane:205 - (OptionalMessage_ERROR) IP (RCC) : Parameter (ADCFreqValue) has invalid value (32000000)
2025-01-07 10:12:07,029 [INFO] ImportTextPane:205 - (OptionalMessage_ERROR) IP (RCC) : Invalid parameter (FamilyName)
2025-01-07 10:12:07,029 [INFO] ImportTextPane:205 - (OptionalMessage_ERROR) IP (RCC) : Parameter (MCOFreq_Value) has invalid value (64000000)
2025-01-07 10:12:07,032 [INFO] ImportTextPane:205 - (OptionalMessage_ERROR) IP (RCC) : Parameter (USBFreq_Value) has invalid value (64000000)
2025-01-07 10:12:07,269 [INFO] UtilMem:75 - End LoadConfig() Used Memory: 775732824 Bytes (1073741824)
2025-01-07 10:12:07,439 [WARN] ThirdParty:833 - waiting for thirdparty lock release [change project]
2025-01-07 10:12:07,448 [INFO] ThirdParty:835 - entering critical section [change project]
2025-01-07 10:12:07,451 [INFO] ThirdParty:1030 - CMSIS Pack Vendor :STMicroelectronics USBPD 4.1
2025-01-07 10:12:07,452 [INFO] ThirdParty:1030 - CMSIS Pack Vendor :STMicroelectronics X-CUBE-AZRTOS-H7 3.3.0
2025-01-07 10:12:07,452 [INFO] ThirdParty:1030 - CMSIS Pack Vendor :NimaLTD I-CUBE-RBUF 2.2.0
2025-01-07 10:12:07,452 [INFO] ThirdParty:1030 - CMSIS Pack Vendor :STMicroelectronics X-CUBE-NFC9 1.0.0
2025-01-07 10:12:07,452 [INFO] ThirdParty:1030 - CMSIS Pack Vendor :STMicroelectronics USB_HOST 2.0.0
2025-01-07 10:12:07,452 [INFO] ThirdParty:1030 - CMSIS Pack Vendor :STMicroelectronics FP-SNS-MOTENVWB1 1.4.0
2025-01-07 10:12:07,452 [INFO] ThirdParty:1030 - CMSIS Pack Vendor :STMicroelectronics X-CUBE-AZRTOS-F4 1.1.0
2025-01-07 10:12:07,452 [INFO] ThirdParty:1030 - CMSIS Pack Vendor :STMicroelectronics LIBJPEG 8.0.0
2025-01-07 10:12:07,452 [INFO] ThirdParty:1030 - CMSIS Pack Vendor :STMicroelectronics FP-ATR-ASTRA1 2.0.1
2025-01-07 10:12:07,452 [INFO] ThirdParty:1030 - CMSIS Pack Vendor :STMicroelectronics X-CUBE-SMBUS 2.1.0
2025-01-07 10:12:07,452 [INFO] ThirdParty:1030 - CMSIS Pack Vendor :STMicroelectronics X-CUBE-WB05N 1.1.0
2025-01-07 10:12:07,452 [INFO] ThirdParty:1030 - CMSIS Pack Vendor :NimaLTD I-CUBE-SPIF 2.3.2
2025-01-07 10:12:07,452 [INFO] ThirdParty:1030 - CMSIS Pack Vendor :STMicroelectronics USB_DEVICE 3.0.0
2025-01-07 10:12:07,452 [INFO] ThirdParty:1030 - CMSIS Pack Vendor :STMicroelectronics X-CUBE-TCPP 4.1.0
2025-01-07 10:12:07,452 [INFO] ThirdParty:1030 - CMSIS Pack Vendor :STMicroelectronics X-CUBE-ISPU 2.1.0
2025-01-07 10:12:07,452 [INFO] ThirdParty:1030 - CMSIS Pack Vendor :STMicroelectronics X-CUBE-FREERTOS 1.2.0
2025-01-07 10:12:07,452 [INFO] ThirdParty:1030 - CMSIS Pack Vendor :STMicroelectronics X-CUBE-IPS 3.0.0
2025-01-07 10:12:07,452 [INFO] ThirdParty:1030 - CMSIS Pack Vendor :STMicroelectronics X-CUBE-AZRTOS-WB 2.0.0
2025-01-07 10:12:07,452 [INFO] ThirdParty:1030 - CMSIS Pack Vendor :STMicroelectronics X-CUBE-GNSS1 7.0.0
2025-01-07 10:12:07,452 [INFO] ThirdParty:1030 - CMSIS Pack Vendor :STMicroelectronics X-CUBE-GNSS1 7.0.1
2025-01-07 10:12:07,452 [INFO] ThirdParty:1030 - CMSIS Pack Vendor :STMicroelectronics X-CUBE-AZRTOS-F7 1.1.0
2025-01-07 10:12:07,452 [INFO] ThirdParty:1030 - CMSIS Pack Vendor :STMicroelectronics X-CUBE-AZRTOS-L5 2.0.0
2025-01-07 10:12:07,452 [INFO] ThirdParty:1030 - CMSIS Pack Vendor :STMicroelectronics USB_DEVICE 2.0.0
2025-01-07 10:12:07,452 [INFO] ThirdParty:1030 - CMSIS Pack Vendor :STMicroelectronics X-CUBE-NFC6 3.1.0
2025-01-07 10:12:07,452 [INFO] ThirdParty:1030 - CMSIS Pack Vendor :STMicroelectronics FP-SNS-STBOX1 2.0.0
2025-01-07 10:12:07,452 [INFO] ThirdParty:1030 - CMSIS Pack Vendor :STMicroelectronics X-CUBE-MEMS1 11.0.0
2025-01-07 10:12:07,452 [INFO] ThirdParty:1030 - CMSIS Pack Vendor :STMicroelectronics FreeRTOS 0.0.1
2025-01-07 10:12:07,452 [INFO] ThirdParty:1030 - CMSIS Pack Vendor :STMicroelectronics X-CUBE-AZRTOS-G0 1.1.0
2025-01-07 10:12:07,452 [INFO] ThirdParty:1030 - CMSIS Pack Vendor :NimaLTD I-CUBE-WS28XX 3.0.1
2025-01-07 10:12:07,452 [INFO] ThirdParty:1030 - CMSIS Pack Vendor :STMicroelectronics X-CUBE-SAFEA1 1.2.2
2025-01-07 10:12:07,452 [INFO] ThirdParty:1030 - CMSIS Pack Vendor :STMicroelectronics X-CUBE-NFC4 3.0.0
2025-01-07 10:12:07,452 [INFO] ThirdParty:1030 - CMSIS Pack Vendor :STMicroelectronics X-CUBE-DPower 1.2.0
2025-01-07 10:12:07,452 [INFO] ThirdParty:1030 - CMSIS Pack Vendor :STMicroelectronics X-CUBE-SUBG2 5.0.0
2025-01-07 10:12:07,452 [INFO] ThirdParty:1030 - CMSIS Pack Vendor :STMicroelectronics STM32_WPAN 1.0.0
2025-01-07 10:12:07,452 [INFO] ThirdParty:1030 - CMSIS Pack Vendor :EmbeddedOffice I-CUBE-FS-RTOS 1.0.1
2025-01-07 10:12:07,452 [INFO] ThirdParty:1030 - CMSIS Pack Vendor :STMicroelectronics lwIP 2.0.3
2025-01-07 10:12:07,452 [INFO] ThirdParty:1030 - CMSIS Pack Vendor :STMicroelectronics FP-SNS-FLIGHT1 5.0.2
2025-01-07 10:12:07,452 [INFO] ThirdParty:1030 - CMSIS Pack Vendor :Cesanta I-CUBE-Mongoose 7.13.0
2025-01-07 10:12:07,452 [INFO] ThirdParty:1030 - CMSIS Pack Vendor :STMicroelectronics USB_HOST 1.0.0
2025-01-07 10:12:07,453 [INFO] ThirdParty:1030 - CMSIS Pack Vendor :STMicroelectronics X-CUBE-AZRTOS-G4 2.0.0
2025-01-07 10:12:07,453 [INFO] ThirdParty:1030 - CMSIS Pack Vendor :NimaLTD I-CUBE-ATC 4.2.1
2025-01-07 10:12:07,453 [INFO] ThirdParty:1030 - CMSIS Pack Vendor :STMicroelectronics PDM2PCM 3.1.0
2025-01-07 10:12:07,453 [INFO] ThirdParty:1030 - CMSIS Pack Vendor :STMicroelectronics PDM2PCM 3.3.0
2025-01-07 10:12:07,453 [INFO] ThirdParty:1030 - CMSIS Pack Vendor :NimaLTD I-CUBE-EE24 3.2.0
2025-01-07 10:12:07,453 [INFO] ThirdParty:1030 - CMSIS Pack Vendor :STMicroelectronics X-CUBE-DISPLAY 3.0.0
2025-01-07 10:12:07,453 [INFO] ThirdParty:1030 - CMSIS Pack Vendor :RealThread X-CUBE-RT-Thread_Nano 4.1.1
2025-01-07 10:12:07,453 [INFO] ThirdParty:1030 - CMSIS Pack Vendor :STMicroelectronics X-CUBE-BLE1 7.0.0
2025-01-07 10:12:07,453 [INFO] ThirdParty:1030 - CMSIS Pack Vendor :STMicroelectronics FP-ATR-SIGFOX1 3.2.0
2025-01-07 10:12:07,453 [INFO] ThirdParty:1030 - CMSIS Pack Vendor :STMicroelectronics X-CUBE-NFC10 1.0.0
2025-01-07 10:12:07,453 [INFO] ThirdParty:1030 - CMSIS Pack Vendor :wolfSSL I-CUBE-wolfSSL 5.7.2
2025-01-07 10:12:07,453 [INFO] ThirdParty:1030 - CMSIS Pack Vendor :quantropi X-CUBE-qispace-sdk-base 1.9.3
2025-01-07 10:12:07,453 [INFO] ThirdParty:1030 - CMSIS Pack Vendor :NimaLTD I-CUBE-EE 3.2.1
2025-01-07 10:12:07,453 [INFO] ThirdParty:1030 - CMSIS Pack Vendor :STMicroelectronics X-CUBE-BLEMGR 4.0.0
2025-01-07 10:12:07,453 [INFO] ThirdParty:1030 - CMSIS Pack Vendor :STMicroelectronics X-CUBE-EEPRMA1 5.1.0
2025-01-07 10:12:07,453 [INFO] ThirdParty:1030 - CMSIS Pack Vendor :STMicroelectronics HAL Drivers 0.0.0
2025-01-07 10:12:07,453 [INFO] ThirdParty:1030 - CMSIS Pack Vendor :STMicroelectronics MBEDTLS 2.16.2
2025-01-07 10:12:07,453 [INFO] ThirdParty:1030 - CMSIS Pack Vendor :STMicroelectronics X-CUBE-ALS 1.0.2
2025-01-07 10:12:07,453 [INFO] ThirdParty:1030 - CMSIS Pack Vendor :emotas I-CUBE-CANOPEN 1.3.0
2025-01-07 10:12:07,453 [INFO] ThirdParty:1030 - CMSIS Pack Vendor :STMicroelectronics X-CUBE-FREERTOS 1.3.0
2025-01-07 10:12:07,453 [INFO] ThirdParty:1030 - CMSIS Pack Vendor :STMicroelectronics X-CUBE-NFC7 1.0.1
2025-01-07 10:12:07,453 [INFO] ThirdParty:1030 - CMSIS Pack Vendor :STMicroelectronics MBEDTLS 2.14.1
2025-01-07 10:12:07,453 [INFO] ThirdParty:1030 - CMSIS Pack Vendor :ITTIA_DB I-CUBE-ITTIADB 8.9.0
2025-01-07 10:12:07,453 [INFO] ThirdParty:1030 - CMSIS Pack Vendor :STMicroelectronics X-CUBE-TOUCHGFX 4.24.1
2025-01-07 10:12:07,453 [INFO] ThirdParty:1030 - CMSIS Pack Vendor :wolfSSL I-CUBE-wolfTPM 3.4.0
2025-01-07 10:12:07,453 [INFO] ThirdParty:1030 - CMSIS Pack Vendor :portGmbH I-Cube-SoM-uGOAL 1.1.0
2025-01-07 10:12:07,453 [INFO] ThirdParty:1030 - CMSIS Pack Vendor :STMicroelectronics X-CUBE-BLEMGR 3.1.0
2025-01-07 10:12:07,453 [INFO] ThirdParty:1030 - CMSIS Pack Vendor :STMicroelectronics ThreadX 1.0.0
2025-01-07 10:12:07,453 [INFO] ThirdParty:1030 - CMSIS Pack Vendor :STMicroelectronics FP-SNS-SMARTAG2 1.2.0
2025-01-07 10:12:07,453 [INFO] ThirdParty:1030 - CMSIS Pack Vendor :STMicroelectronics X-CUBE-MEMS1 11.1.0
2025-01-07 10:12:07,453 [INFO] ThirdParty:1030 - CMSIS Pack Vendor :STMicroelectronics X-CUBE-AZRTOS-WL 2.0.0
2025-01-07 10:12:07,453 [INFO] ThirdParty:1030 - CMSIS Pack Vendor :SEGGER I-CUBE-embOS 1.3.1
2025-01-07 10:12:07,453 [INFO] ThirdParty:1030 - CMSIS Pack Vendor :STMicroelectronics X-CUBE-ALGOBUILD 1.4.0
2025-01-07 10:12:07,453 [INFO] ThirdParty:1030 - CMSIS Pack Vendor :STMicroelectronics FP-SNS-MOTENV1 5.0.0
2025-01-07 10:12:07,453 [INFO] ThirdParty:1030 - CMSIS Pack Vendor :STMicroelectronics USB_DEVICE 1.0.0
2025-01-07 10:12:07,453 [INFO] ThirdParty:1030 - CMSIS Pack Vendor :STMicroelectronics X-CUBE-AZRTOS-H7RS 1.0.0
2025-01-07 10:12:07,453 [INFO] ThirdParty:1030 - CMSIS Pack Vendor :wolfSSL I-CUBE-wolfMQTT 1.19.0
2025-01-07 10:12:07,454 [INFO] ThirdParty:1030 - CMSIS Pack Vendor :STMicroelectronics X-CUBE-AZRTOS-L4 2.0.0
2025-01-07 10:12:07,454 [INFO] ThirdParty:1030 - CMSIS Pack Vendor :STMicroelectronics ThreadX 0.0.2
2025-01-07 10:12:07,454 [INFO] ThirdParty:1030 - CMSIS Pack Vendor :WES I-CUBE-Cesium 1.3.0
2025-01-07 10:12:07,454 [INFO] ThirdParty:1030 - CMSIS Pack Vendor :STMicroelectronics FP-ATR-ASTRA1 2.0.0
2025-01-07 10:12:07,454 [INFO] ThirdParty:1030 - CMSIS Pack Vendor :STMicroelectronics lwIP 2.1.2
2025-01-07 10:12:07,454 [INFO] ThirdParty:1030 - CMSIS Pack Vendor :STMicroelectronics X-CUBE-SFXS2LP1 4.0.0
2025-01-07 10:12:07,454 [INFO] ThirdParty:1030 - CMSIS Pack Vendor :STMicroelectronics X-CUBE-BLE2 3.3.0
2025-01-07 10:12:07,454 [INFO] ThirdParty:1030 - CMSIS Pack Vendor :STMicroelectronics X-CUBE-TOF1 3.4.2
2025-01-07 10:12:07,454 [INFO] ThirdParty:1030 - CMSIS Pack Vendor :STMicroelectronics X-CUBE-AI 9.1.0
2025-01-07 10:12:07,454 [INFO] ThirdParty:1030 - CMSIS Pack Vendor :Infineon AIROC-Wi-Fi-Bluetooth-STM32 1.6.1
2025-01-07 10:12:07,454 [INFO] ThirdParty:1030 - CMSIS Pack Vendor :STMicroelectronics PDM2PCM 3.2.0
2025-01-07 10:12:07,454 [INFO] ThirdParty:1030 - CMSIS Pack Vendor :wolfSSL I-CUBE-wolfSSH 1.4.17
2025-01-07 10:12:07,458 [INFO] ThirdParty:841 - exiting critical section [change project]
2025-01-07 10:12:07,860 [INFO] PinOutPanel:1561 - setPackage(No Configuration,No Configuration)
2025-01-07 10:12:07,867 [INFO] PinOutPanel:1561 - setPackage(STM32F103RBTx,LQFP64)
2025-01-07 10:12:08,302 [INFO] UtilMem:75 - Before build in PCC Used Memory: 859115696 Bytes (1073741824)
2025-01-07 10:12:08,671 [INFO] UtilMem:75 - After build in PCC Used Memory: 900315952 Bytes (1073741824)
2025-01-07 10:12:08,719 [INFO] IPUIPlugin:80 - create IPUIPlugin
2025-01-07 10:12:08,719 [INFO] IPUIPlugin:80 - create IPUIPlugin
2025-01-07 10:12:08,720 [INFO] IPUIPlugin:80 - create IPUIPlugin
2025-01-07 10:12:08,720 [INFO] IPUIPlugin:80 - create IPUIPlugin
2025-01-07 10:12:08,720 [INFO] IPUIPlugin:80 - create IPUIPlugin
2025-01-07 10:12:08,720 [INFO] IPUIPlugin:80 - create IPUIPlugin
2025-01-07 10:12:08,721 [INFO] IPUIPlugin:80 - create IPUIPlugin
2025-01-07 10:12:08,721 [INFO] IPUIPlugin:80 - create IPUIPlugin
2025-01-07 10:12:08,721 [INFO] IPUIPlugin:80 - create IPUIPlugin
2025-01-07 10:12:08,721 [INFO] IPUIPlugin:80 - create IPUIPlugin
2025-01-07 10:12:08,722 [INFO] IPUIPlugin:80 - create IPUIPlugin
2025-01-07 10:12:08,722 [INFO] IPUIPlugin:80 - create IPUIPlugin
2025-01-07 10:12:08,722 [INFO] IPUIPlugin:80 - create IPUIPlugin
2025-01-07 10:12:08,722 [INFO] IPUIPlugin:80 - create IPUIPlugin
2025-01-07 10:12:08,723 [INFO] IPUIPlugin:80 - create IPUIPlugin
2025-01-07 10:12:08,723 [INFO] IPUIPlugin:80 - create IPUIPlugin
2025-01-07 10:12:08,723 [INFO] IPUIPlugin:80 - create IPUIPlugin
2025-01-07 10:12:08,723 [INFO] IPUIPlugin:80 - create IPUIPlugin
2025-01-07 10:12:08,723 [INFO] IPUIPlugin:80 - create IPUIPlugin
2025-01-07 10:12:08,723 [INFO] IPUIPlugin:80 - create IPUIPlugin
2025-01-07 10:12:08,723 [INFO] IPUIPlugin:80 - create IPUIPlugin
2025-01-07 10:12:08,724 [INFO] IPUIPlugin:80 - create IPUIPlugin
2025-01-07 10:12:08,724 [INFO] IPUIPlugin:80 - create IPUIPlugin
2025-01-07 10:12:08,724 [INFO] IPUIPlugin:80 - create IPUIPlugin
2025-01-07 10:12:08,725 [INFO] IPUIPlugin:80 - create IPUIPlugin
2025-01-07 10:12:08,725 [INFO] IPUIPlugin:80 - create IPUIPlugin
2025-01-07 10:12:08,725 [INFO] IPUIPlugin:80 - create IPUIPlugin
2025-01-07 10:12:08,862 [INFO] CADModel:165 - CPN selected for project levelSTM32F103RBT6
2025-01-07 10:12:08,862 [INFO] CADModel:114 - Register for checkConnection events
2025-01-07 10:12:08,912 [INFO] OpenFileManager:363 - Restore cursor
2025-01-07 10:12:43,452 [INFO] UtilMem:75 - End SaveConfig() Used Memory: 911813496 Bytes (1073741824)
2025-01-07 10:12:46,280 [INFO] UtilMem:75 - End SaveConfig() Used Memory: 704028832 Bytes (1073741824)
2025-01-07 10:12:46,810 [INFO] BlockDiagram:2766 - set Specific Code input for plugin: NVIC
2025-01-07 10:12:46,811 [INFO] BlockDiagram:2766 - set Specific Code input for plugin: USART
2025-01-07 10:12:46,811 [INFO] BlockDiagram:2766 - set Specific Code input for plugin: TIM1_8F1
2025-01-07 10:12:46,811 [INFO] BlockDiagram:2766 - set Specific Code input for plugin: SYS
2025-01-07 10:12:46,813 [INFO] BlockDiagram:2766 - set Specific Code input for plugin: GPIO
2025-01-07 10:12:46,813 [INFO] BlockDiagram:2766 - set Specific Code input for plugin: RCC
2025-01-07 10:12:46,815 [INFO] CodeGenerator:807 - code generatio: config db path: /Applications/STM32CubeIDE.app/Contents/Eclipse/plugins/com.st.stm32cube.common.mx_6.12.1.202409122256//db/
2025-01-07 10:12:47,030 [INFO] CodeEngine:255 - oldGeneratedFile, /Users/vihaanravishankar/Desktop/Turnstile stuff/motor3/MXTmpFiles/license.tmp_save
2025-01-07 10:12:47,275 [INFO] CodeEngine:279 - Generated code: /Users/vihaanravishankar/Desktop/Turnstile stuff/motor3/MXTmpFiles/license.tmp
2025-01-07 10:12:47,395 [INFO] CodeEngine:255 - oldGeneratedFile, /Users/vihaanravishankar/Desktop/Turnstile stuff/motor3/Core/Src/gpio.c_save
2025-01-07 10:12:47,529 [INFO] CodeEngine:279 - Generated code: /Users/vihaanravishankar/Desktop/Turnstile stuff/motor3/Core/Src/gpio.c
2025-01-07 10:12:47,532 [INFO] CodeEngine:255 - oldGeneratedFile, /Users/vihaanravishankar/Desktop/Turnstile stuff/motor3/Core/Inc/gpio.h_save
2025-01-07 10:12:47,639 [INFO] CodeEngine:279 - Generated code: /Users/vihaanravishankar/Desktop/Turnstile stuff/motor3/Core/Inc/gpio.h
2025-01-07 10:12:48,398 [INFO] CodeEngine:255 - oldGeneratedFile, /Users/vihaanravishankar/Desktop/Turnstile stuff/motor3/Core/Src/tim.c_save
2025-01-07 10:12:48,576 [INFO] CodeEngine:279 - Generated code: /Users/vihaanravishankar/Desktop/Turnstile stuff/motor3/Core/Src/tim.c
2025-01-07 10:12:48,579 [INFO] CodeEngine:255 - oldGeneratedFile, /Users/vihaanravishankar/Desktop/Turnstile stuff/motor3/Core/Inc/tim.h_save
2025-01-07 10:12:48,688 [INFO] CodeEngine:279 - Generated code: /Users/vihaanravishankar/Desktop/Turnstile stuff/motor3/Core/Inc/tim.h
2025-01-07 10:12:48,692 [INFO] CodeEngine:255 - oldGeneratedFile, /Users/vihaanravishankar/Desktop/Turnstile stuff/motor3/Core/Src/usart.c_save
2025-01-07 10:12:48,858 [INFO] CodeEngine:279 - Generated code: /Users/vihaanravishankar/Desktop/Turnstile stuff/motor3/Core/Src/usart.c
2025-01-07 10:12:48,860 [INFO] CodeEngine:255 - oldGeneratedFile, /Users/vihaanravishankar/Desktop/Turnstile stuff/motor3/Core/Inc/usart.h_save
2025-01-07 10:12:48,956 [INFO] CodeEngine:279 - Generated code: /Users/vihaanravishankar/Desktop/Turnstile stuff/motor3/Core/Inc/usart.h
2025-01-07 10:12:48,962 [INFO] CodeEngine:255 - oldGeneratedFile, /Users/vihaanravishankar/Desktop/Turnstile stuff/motor3/Core/Src/stm32f1xx_it.c_save
2025-01-07 10:12:49,522 [INFO] CodeEngine:279 - Generated code: /Users/vihaanravishankar/Desktop/Turnstile stuff/motor3/Core/Src/stm32f1xx_it.c
2025-01-07 10:12:49,527 [INFO] CodeEngine:255 - oldGeneratedFile, /Users/vihaanravishankar/Desktop/Turnstile stuff/motor3/Core/Inc/stm32f1xx_it.h_save
2025-01-07 10:12:49,672 [INFO] CodeEngine:279 - Generated code: /Users/vihaanravishankar/Desktop/Turnstile stuff/motor3/Core/Inc/stm32f1xx_it.h
2025-01-07 10:12:49,690 [INFO] CodeEngine:255 - oldGeneratedFile, /Users/vihaanravishankar/Desktop/Turnstile stuff/motor3/Core/Src/stm32f1xx_hal_msp.c_save
2025-01-07 10:12:49,911 [INFO] CodeEngine:279 - Generated code: /Users/vihaanravishankar/Desktop/Turnstile stuff/motor3/Core/Src/stm32f1xx_hal_msp.c
2025-01-07 10:12:49,915 [INFO] CodeEngine:255 - oldGeneratedFile, /Users/vihaanravishankar/Desktop/Turnstile stuff/motor3/MXTmpFiles/system.tmp_save
2025-01-07 10:12:50,054 [INFO] CodeEngine:279 - Generated code: /Users/vihaanravishankar/Desktop/Turnstile stuff/motor3/MXTmpFiles/system.tmp
2025-01-07 10:12:50,071 [INFO] CodeEngine:311 - oldGeneratedFile, /Users/vihaanravishankar/Desktop/Turnstile stuff/motor3/Core/Inc/stm32f1xx_hal_conf.h_save
2025-01-07 10:12:50,186 [INFO] CodeEngine:335 - Generated code: /Users/vihaanravishankar/Desktop/Turnstile stuff/motor3/Core/Inc/stm32f1xx_hal_conf.h
2025-01-07 10:12:50,300 [INFO] CodeEngine:255 - oldGeneratedFile, /Users/vihaanravishankar/Desktop/Turnstile stuff/motor3/Core/Inc/main.h_save
2025-01-07 10:12:50,453 [INFO] CodeEngine:279 - Generated code: /Users/vihaanravishankar/Desktop/Turnstile stuff/motor3/Core/Inc/main.h
2025-01-07 10:12:50,460 [INFO] CodeEngine:255 - oldGeneratedFile, /Users/vihaanravishankar/Desktop/Turnstile stuff/motor3/Core/Src/main.c_save
2025-01-07 10:12:50,601 [INFO] CodeEngine:279 - Generated code: /Users/vihaanravishankar/Desktop/Turnstile stuff/motor3/Core/Src/main.c
2025-01-07 10:12:51,213 [INFO] ProjectBuilder:3249 - Time for Copy HAL[1] : 91mS.
2025-01-07 10:12:51,220 [INFO] ProjectBuilder:4828 - Project Generator version: 4.5.0-B34
2025-01-07 10:12:51,438 [INFO] ConfigFileManager:1531 - The Die is : DIE410
2025-01-07 10:12:51,582 [INFO] ApiDbMcu:508 - Load IP Config File for FATFS
2025-01-07 10:12:52,050 [INFO] ApiDbMcu:508 - Load IP Config File for FREERTOS
2025-01-07 10:12:52,373 [INFO] ApiDbMcu:508 - Load IP Config File for USB_DEVICE
2025-01-07 10:12:57,117 [INFO] ProjectBuilder:5097 - Time for Generating toolchain IDE Files: 5883mS.
2025-01-07 10:12:57,136 [INFO] ProjectBuilder:3107 - Time for Copy CMSIS : 3mS.
2025-01-07 10:12:57,140 [INFO] ProjectBuilder:3107 - Time for Copy CMSIS : 0mS.
2025-01-07 10:42:22,013 [INFO] WebApp:189 - Connection lost
2025-01-07 10:45:07,905 [INFO] WebApp:186 - Connection restablished
2025-01-07 11:48:33,095 [INFO] WebApp:189 - Connection lost
2025-01-07 11:48:34,462 [INFO] WebApp:186 - Connection restablished
2025-01-07 12:53:06,790 [INFO] WebApp:189 - Connection lost
2025-01-07 12:56:05,392 [INFO] WebApp:186 - Connection restablished
2025-01-07 14:23:39,536 [INFO] WebApp:189 - Connection lost
2025-01-07 14:24:06,418 [INFO] WebApp:186 - Connection restablished
2025-01-07 15:25:48,767 [INFO] WebApp:189 - Connection lost
2025-01-07 15:25:53,293 [INFO] WebApp:186 - Connection restablished
2025-01-07 17:36:56,677 [INFO] WebApp:189 - Connection lost
2025-01-07 17:39:29,515 [INFO] WebApp:186 - Connection restablished
2025-01-07 17:46:15,649 [INFO] WebApp:189 - Connection lost
2025-01-07 18:50:22,661 [INFO] WebApp:186 - Connection restablished
