2024-10-18 08:37:50,388 [INFO] WebApp:189 - Connection lost
2024-10-18 09:20:13,528 [INFO] WebApp:186 - Connection restablished
2024-10-18 09:59:48,936 [INFO] WebApp:189 - Connection lost
2024-10-18 10:04:34,375 [INFO] WebApp:186 - Connection restablished
2024-10-18 10:05:06,619 [INFO] WebApp:189 - Connection lost
2024-10-18 10:05:14,131 [INFO] WebApp:186 - Connection restablished
2024-10-18 10:14:18,624 [INFO] WebApp:189 - Connection lost
2024-10-18 10:14:22,991 [INFO] WebApp:186 - Connection restablished
2024-10-18 10:14:30,522 [INFO] WebApp:189 - Connection lost
2024-10-18 10:15:19,418 [INFO] WebApp:186 - Connection restablished
2024-10-18 10:28:49,365 [INFO] Gpio:277 - dependency for GPIO [RCC, SYS, USART1, USART2]
2024-10-18 10:28:57,966 [INFO] NvicIntPanel:101 - NVIC parent = com.st.microxplorer.plugins.ip.nvic.MultiNvicIntPanel[,0,0,0x0,invalid,layout=javax.swing.BoxLayout,alignmentX=0.0,alignmentY=0.0,border=,flags=9,maximumSize=,minimumSize=,preferredSize=]
2024-10-18 10:29:04,132 [INFO] UtilMem:75 - End SaveConfig() Used Memory: 359073000 Bytes (678428672)
2024-10-18 10:29:05,788 [INFO] UtilMem:75 - End SaveConfig() Used Memory: 424298040 Bytes (678428672)
2024-10-18 10:29:06,322 [INFO] BlockDiagram:2766 - set Specific Code input for plugin: NVIC
2024-10-18 10:29:06,322 [INFO] BlockDiagram:2766 - set Specific Code input for plugin: USART
2024-10-18 10:29:06,322 [INFO] BlockDiagram:2766 - set Specific Code input for plugin: USART
2024-10-18 10:29:06,322 [INFO] BlockDiagram:2766 - set Specific Code input for plugin: SYS
2024-10-18 10:29:06,322 [INFO] BlockDiagram:2766 - set Specific Code input for plugin: GPIO
2024-10-18 10:29:06,322 [INFO] BlockDiagram:2766 - set Specific Code input for plugin: RCC
2024-10-18 10:29:06,323 [INFO] CodeGenerator:807 - code generatio: config db path: /Applications/STM32CubeIDE.app/Contents/Eclipse/plugins/com.st.stm32cube.common.mx_6.12.1.202409122256//db/
2024-10-18 10:29:06,449 [INFO] CodeEngine:255 - oldGeneratedFile, /Users/vihaanravishankar/Desktop/Turnstile stuff/rfid/MXTmpFiles/license.tmp_save
2024-10-18 10:29:06,689 [INFO] CodeEngine:279 - Generated code: /Users/vihaanravishankar/Desktop/Turnstile stuff/rfid/MXTmpFiles/license.tmp
2024-10-18 10:29:06,767 [INFO] CodeEngine:255 - oldGeneratedFile, /Users/vihaanravishankar/Desktop/Turnstile stuff/rfid/Core/Src/gpio.c_save
2024-10-18 10:29:06,886 [INFO] CodeEngine:279 - Generated code: /Users/vihaanravishankar/Desktop/Turnstile stuff/rfid/Core/Src/gpio.c
2024-10-18 10:29:06,888 [INFO] CodeEngine:255 - oldGeneratedFile, /Users/vihaanravishankar/Desktop/Turnstile stuff/rfid/Core/Inc/gpio.h_save
2024-10-18 10:29:06,952 [INFO] CodeEngine:279 - Generated code: /Users/vihaanravishankar/Desktop/Turnstile stuff/rfid/Core/Inc/gpio.h
2024-10-18 10:29:07,103 [INFO] CodeEngine:255 - oldGeneratedFile, /Users/vihaanravishankar/Desktop/Turnstile stuff/rfid/Core/Src/usart.c_save
2024-10-18 10:29:07,283 [INFO] CodeEngine:279 - Generated code: /Users/vihaanravishankar/Desktop/Turnstile stuff/rfid/Core/Src/usart.c
2024-10-18 10:29:07,286 [INFO] CodeEngine:255 - oldGeneratedFile, /Users/vihaanravishankar/Desktop/Turnstile stuff/rfid/Core/Inc/usart.h_save
2024-10-18 10:29:07,362 [INFO] CodeEngine:279 - Generated code: /Users/vihaanravishankar/Desktop/Turnstile stuff/rfid/Core/Inc/usart.h
2024-10-18 10:29:07,368 [INFO] CodeEngine:255 - oldGeneratedFile, /Users/vihaanravishankar/Desktop/Turnstile stuff/rfid/Core/Src/stm32f1xx_it.c_save
2024-10-18 10:29:07,774 [INFO] CodeEngine:279 - Generated code: /Users/vihaanravishankar/Desktop/Turnstile stuff/rfid/Core/Src/stm32f1xx_it.c
2024-10-18 10:29:07,790 [INFO] CodeEngine:255 - oldGeneratedFile, /Users/vihaanravishankar/Desktop/Turnstile stuff/rfid/Core/Inc/stm32f1xx_it.h_save
2024-10-18 10:29:07,909 [INFO] CodeEngine:279 - Generated code: /Users/vihaanravishankar/Desktop/Turnstile stuff/rfid/Core/Inc/stm32f1xx_it.h
2024-10-18 10:29:07,955 [INFO] CodeEngine:255 - oldGeneratedFile, /Users/vihaanravishankar/Desktop/Turnstile stuff/rfid/Core/Src/stm32f1xx_hal_msp.c_save
2024-10-18 10:29:08,080 [INFO] CodeEngine:279 - Generated code: /Users/vihaanravishankar/Desktop/Turnstile stuff/rfid/Core/Src/stm32f1xx_hal_msp.c
2024-10-18 10:29:08,083 [INFO] CodeEngine:255 - oldGeneratedFile, /Users/vihaanravishankar/Desktop/Turnstile stuff/rfid/MXTmpFiles/system.tmp_save
2024-10-18 10:29:08,153 [INFO] CodeEngine:279 - Generated code: /Users/vihaanravishankar/Desktop/Turnstile stuff/rfid/MXTmpFiles/system.tmp
2024-10-18 10:29:08,178 [INFO] CodeEngine:311 - oldGeneratedFile, /Users/vihaanravishankar/Desktop/Turnstile stuff/rfid/Core/Inc/stm32f1xx_hal_conf.h_save
2024-10-18 10:29:08,242 [INFO] CodeEngine:335 - Generated code: /Users/vihaanravishankar/Desktop/Turnstile stuff/rfid/Core/Inc/stm32f1xx_hal_conf.h
2024-10-18 10:29:08,301 [INFO] CodeEngine:255 - oldGeneratedFile, /Users/vihaanravishankar/Desktop/Turnstile stuff/rfid/Core/Inc/main.h_save
2024-10-18 10:29:08,403 [INFO] CodeEngine:279 - Generated code: /Users/vihaanravishankar/Desktop/Turnstile stuff/rfid/Core/Inc/main.h
2024-10-18 10:29:08,408 [INFO] CodeEngine:255 - oldGeneratedFile, /Users/vihaanravishankar/Desktop/Turnstile stuff/rfid/Core/Src/main.c_save
2024-10-18 10:29:08,577 [INFO] CodeEngine:279 - Generated code: /Users/vihaanravishankar/Desktop/Turnstile stuff/rfid/Core/Src/main.c
2024-10-18 10:29:08,919 [INFO] ProjectBuilder:3249 - Time for Copy HAL[1] : 73mS.
2024-10-18 10:29:08,931 [INFO] ProjectBuilder:4828 - Project Generator version: 4.5.0-B34
2024-10-18 10:29:09,110 [INFO] ConfigFileManager:1531 - The Die is : DIE410
2024-10-18 10:29:09,143 [INFO] ApiDbMcu:508 - Load IP Config File for FATFS
2024-10-18 10:29:09,217 [INFO] ApiDbMcu:508 - Load IP Config File for FREERTOS
2024-10-18 10:29:09,271 [INFO] ApiDbMcu:508 - Load IP Config File for USB_DEVICE
2024-10-18 10:29:11,327 [INFO] ProjectBuilder:5097 - Time for Generating toolchain IDE Files: 2396mS.
2024-10-18 10:29:11,329 [INFO] ProjectBuilder:3107 - Time for Copy CMSIS : 1mS.
2024-10-18 10:29:11,331 [INFO] ProjectBuilder:3107 - Time for Copy CMSIS : 0mS.
2024-10-18 11:22:28,476 [INFO] WebApp:189 - Connection lost
2024-10-18 11:24:32,488 [INFO] WebApp:186 - Connection restablished
2024-10-18 11:32:03,638 [INFO] WebApp:189 - Connection lost
2024-10-18 11:32:38,413 [INFO] WebApp:186 - Connection restablished
2024-10-18 11:58:17,180 [INFO] UtilMem:75 - End SaveConfig() Used Memory: 289838952 Bytes (678428672)
2024-10-18 11:58:22,356 [INFO] UtilMem:75 - End SaveConfig() Used Memory: 329684840 Bytes (678428672)
2024-10-18 11:58:22,937 [INFO] UtilMem:75 - End SaveConfig() Used Memory: 360615784 Bytes (678428672)
2024-10-18 11:58:23,198 [INFO] BlockDiagram:2766 - set Specific Code input for plugin: NVIC
2024-10-18 11:58:23,198 [INFO] BlockDiagram:2766 - set Specific Code input for plugin: USART
2024-10-18 11:58:23,198 [INFO] BlockDiagram:2766 - set Specific Code input for plugin: USART
2024-10-18 11:58:23,198 [INFO] BlockDiagram:2766 - set Specific Code input for plugin: SYS
2024-10-18 11:58:23,198 [INFO] BlockDiagram:2766 - set Specific Code input for plugin: GPIO
2024-10-18 11:58:23,198 [INFO] BlockDiagram:2766 - set Specific Code input for plugin: RCC
2024-10-18 11:58:23,199 [INFO] CodeGenerator:807 - code generatio: config db path: /Applications/STM32CubeIDE.app/Contents/Eclipse/plugins/com.st.stm32cube.common.mx_6.12.1.202409122256//db/
2024-10-18 11:58:23,580 [INFO] CodeEngine:255 - oldGeneratedFile, /Users/vihaanravishankar/Desktop/Turnstile stuff/rfid/MXTmpFiles/license.tmp_save
2024-10-18 11:58:23,757 [INFO] CodeEngine:279 - Generated code: /Users/vihaanravishankar/Desktop/Turnstile stuff/rfid/MXTmpFiles/license.tmp
2024-10-18 11:58:23,793 [INFO] CodeEngine:255 - oldGeneratedFile, /Users/vihaanravishankar/Desktop/Turnstile stuff/rfid/Core/Src/gpio.c_save
2024-10-18 11:58:23,874 [INFO] CodeEngine:279 - Generated code: /Users/vihaanravishankar/Desktop/Turnstile stuff/rfid/Core/Src/gpio.c
2024-10-18 11:58:23,876 [INFO] CodeEngine:255 - oldGeneratedFile, /Users/vihaanravishankar/Desktop/Turnstile stuff/rfid/Core/Inc/gpio.h_save
2024-10-18 11:58:23,925 [INFO] CodeEngine:279 - Generated code: /Users/vihaanravishankar/Desktop/Turnstile stuff/rfid/Core/Inc/gpio.h
2024-10-18 11:58:24,021 [INFO] CodeEngine:255 - oldGeneratedFile, /Users/vihaanravishankar/Desktop/Turnstile stuff/rfid/Core/Src/usart.c_save
2024-10-18 11:58:24,140 [INFO] CodeEngine:279 - Generated code: /Users/vihaanravishankar/Desktop/Turnstile stuff/rfid/Core/Src/usart.c
2024-10-18 11:58:24,143 [INFO] CodeEngine:255 - oldGeneratedFile, /Users/vihaanravishankar/Desktop/Turnstile stuff/rfid/Core/Inc/usart.h_save
2024-10-18 11:58:24,210 [INFO] CodeEngine:279 - Generated code: /Users/vihaanravishankar/Desktop/Turnstile stuff/rfid/Core/Inc/usart.h
2024-10-18 11:58:24,221 [INFO] CodeEngine:255 - oldGeneratedFile, /Users/vihaanravishankar/Desktop/Turnstile stuff/rfid/Core/Src/stm32f1xx_it.c_save
2024-10-18 11:58:24,367 [INFO] CodeEngine:279 - Generated code: /Users/vihaanravishankar/Desktop/Turnstile stuff/rfid/Core/Src/stm32f1xx_it.c
2024-10-18 11:58:24,370 [INFO] CodeEngine:255 - oldGeneratedFile, /Users/vihaanravishankar/Desktop/Turnstile stuff/rfid/Core/Inc/stm32f1xx_it.h_save
2024-10-18 11:58:24,417 [INFO] CodeEngine:279 - Generated code: /Users/vihaanravishankar/Desktop/Turnstile stuff/rfid/Core/Inc/stm32f1xx_it.h
2024-10-18 11:58:24,426 [INFO] CodeEngine:255 - oldGeneratedFile, /Users/vihaanravishankar/Desktop/Turnstile stuff/rfid/Core/Src/stm32f1xx_hal_msp.c_save
2024-10-18 11:58:24,505 [INFO] CodeEngine:279 - Generated code: /Users/vihaanravishankar/Desktop/Turnstile stuff/rfid/Core/Src/stm32f1xx_hal_msp.c
2024-10-18 11:58:24,506 [INFO] CodeEngine:255 - oldGeneratedFile, /Users/vihaanravishankar/Desktop/Turnstile stuff/rfid/MXTmpFiles/system.tmp_save
2024-10-18 11:58:24,556 [INFO] CodeEngine:279 - Generated code: /Users/vihaanravishankar/Desktop/Turnstile stuff/rfid/MXTmpFiles/system.tmp
2024-10-18 11:58:24,560 [INFO] CodeEngine:311 - oldGeneratedFile, /Users/vihaanravishankar/Desktop/Turnstile stuff/rfid/Core/Inc/stm32f1xx_hal_conf.h_save
2024-10-18 11:58:24,617 [INFO] CodeEngine:335 - Generated code: /Users/vihaanravishankar/Desktop/Turnstile stuff/rfid/Core/Inc/stm32f1xx_hal_conf.h
2024-10-18 11:58:24,653 [INFO] CodeEngine:255 - oldGeneratedFile, /Users/vihaanravishankar/Desktop/Turnstile stuff/rfid/Core/Inc/main.h_save
2024-10-18 11:58:24,763 [INFO] CodeEngine:279 - Generated code: /Users/vihaanravishankar/Desktop/Turnstile stuff/rfid/Core/Inc/main.h
2024-10-18 11:58:24,767 [INFO] CodeEngine:255 - oldGeneratedFile, /Users/vihaanravishankar/Desktop/Turnstile stuff/rfid/Core/Src/main.c_save
2024-10-18 11:58:24,872 [INFO] CodeEngine:279 - Generated code: /Users/vihaanravishankar/Desktop/Turnstile stuff/rfid/Core/Src/main.c
2024-10-18 11:58:25,111 [INFO] ProjectBuilder:3249 - Time for Copy HAL[1] : 58mS.
2024-10-18 11:58:25,114 [INFO] ProjectBuilder:4828 - Project Generator version: 4.5.0-B34
2024-10-18 11:58:25,186 [INFO] ConfigFileManager:1531 - The Die is : DIE410
2024-10-18 11:58:26,577 [INFO] ProjectBuilder:5097 - Time for Generating toolchain IDE Files: 1458mS.
2024-10-18 11:58:26,583 [INFO] ProjectBuilder:3107 - Time for Copy CMSIS : 1mS.
2024-10-18 11:58:26,586 [INFO] ProjectBuilder:3107 - Time for Copy CMSIS : 0mS.
2024-10-18 12:05:29,196 [INFO] NvicIntPanel:101 - NVIC parent = com.st.microxplorer.plugins.ip.nvic.MultiNvicIntPanel[,0,0,0x0,invalid,layout=javax.swing.BoxLayout,alignmentX=0.0,alignmentY=0.0,border=,flags=9,maximumSize=,minimumSize=,preferredSize=]
2024-10-18 12:06:25,451 [INFO] NvicIntPanel:101 - NVIC parent = com.st.microxplorer.plugins.ip.nvic.MultiNvicIntPanel[,0,0,597x246,layout=javax.swing.BoxLayout,alignmentX=0.0,alignmentY=0.0,border=,flags=9,maximumSize=,minimumSize=,preferredSize=]
2024-10-18 12:06:29,124 [INFO] NvicIntPanel:101 - NVIC parent = com.st.microxplorer.plugins.ip.nvic.MultiNvicIntPanel[,0,0,0x0,invalid,layout=javax.swing.BoxLayout,alignmentX=0.0,alignmentY=0.0,border=,flags=9,maximumSize=,minimumSize=,preferredSize=]
2024-10-18 12:06:46,134 [INFO] UtilMem:75 - End SaveConfig() Used Memory: 515533984 Bytes (678428672)
2024-10-18 12:06:47,039 [INFO] UtilMem:75 - End SaveConfig() Used Memory: 568601400 Bytes (678428672)
2024-10-18 12:06:47,300 [INFO] BlockDiagram:2766 - set Specific Code input for plugin: NVIC
2024-10-18 12:06:47,300 [INFO] BlockDiagram:2766 - set Specific Code input for plugin: USART
2024-10-18 12:06:47,300 [INFO] BlockDiagram:2766 - set Specific Code input for plugin: USART
2024-10-18 12:06:47,300 [INFO] BlockDiagram:2766 - set Specific Code input for plugin: SYS
2024-10-18 12:06:47,301 [INFO] BlockDiagram:2766 - set Specific Code input for plugin: GPIO
2024-10-18 12:06:47,301 [INFO] BlockDiagram:2766 - set Specific Code input for plugin: RCC
2024-10-18 12:06:47,302 [INFO] CodeGenerator:807 - code generatio: config db path: /Applications/STM32CubeIDE.app/Contents/Eclipse/plugins/com.st.stm32cube.common.mx_6.12.1.202409122256//db/
2024-10-18 12:06:47,387 [INFO] CodeEngine:255 - oldGeneratedFile, /Users/vihaanravishankar/Desktop/Turnstile stuff/rfid/MXTmpFiles/license.tmp_save
2024-10-18 12:06:47,646 [INFO] CodeEngine:279 - Generated code: /Users/vihaanravishankar/Desktop/Turnstile stuff/rfid/MXTmpFiles/license.tmp
2024-10-18 12:06:47,747 [INFO] CodeEngine:255 - oldGeneratedFile, /Users/vihaanravishankar/Desktop/Turnstile stuff/rfid/Core/Src/gpio.c_save
2024-10-18 12:06:47,844 [INFO] CodeEngine:279 - Generated code: /Users/vihaanravishankar/Desktop/Turnstile stuff/rfid/Core/Src/gpio.c
2024-10-18 12:06:47,847 [INFO] CodeEngine:255 - oldGeneratedFile, /Users/vihaanravishankar/Desktop/Turnstile stuff/rfid/Core/Inc/gpio.h_save
2024-10-18 12:06:47,902 [INFO] CodeEngine:279 - Generated code: /Users/vihaanravishankar/Desktop/Turnstile stuff/rfid/Core/Inc/gpio.h
2024-10-18 12:06:47,992 [INFO] CodeEngine:255 - oldGeneratedFile, /Users/vihaanravishankar/Desktop/Turnstile stuff/rfid/Core/Src/usart.c_save
2024-10-18 12:06:48,096 [INFO] CodeEngine:279 - Generated code: /Users/vihaanravishankar/Desktop/Turnstile stuff/rfid/Core/Src/usart.c
2024-10-18 12:06:48,097 [INFO] CodeEngine:255 - oldGeneratedFile, /Users/vihaanravishankar/Desktop/Turnstile stuff/rfid/Core/Inc/usart.h_save
2024-10-18 12:06:48,153 [INFO] CodeEngine:279 - Generated code: /Users/vihaanravishankar/Desktop/Turnstile stuff/rfid/Core/Inc/usart.h
2024-10-18 12:06:48,159 [INFO] CodeEngine:255 - oldGeneratedFile, /Users/vihaanravishankar/Desktop/Turnstile stuff/rfid/Core/Src/stm32f1xx_it.c_save
2024-10-18 12:06:48,230 [INFO] CodeEngine:279 - Generated code: /Users/vihaanravishankar/Desktop/Turnstile stuff/rfid/Core/Src/stm32f1xx_it.c
2024-10-18 12:06:48,234 [INFO] CodeEngine:255 - oldGeneratedFile, /Users/vihaanravishankar/Desktop/Turnstile stuff/rfid/Core/Inc/stm32f1xx_it.h_save
2024-10-18 12:06:48,290 [INFO] CodeEngine:279 - Generated code: /Users/vihaanravishankar/Desktop/Turnstile stuff/rfid/Core/Inc/stm32f1xx_it.h
2024-10-18 12:06:48,297 [INFO] CodeEngine:255 - oldGeneratedFile, /Users/vihaanravishankar/Desktop/Turnstile stuff/rfid/Core/Src/stm32f1xx_hal_msp.c_save
2024-10-18 12:06:48,371 [INFO] CodeEngine:279 - Generated code: /Users/vihaanravishankar/Desktop/Turnstile stuff/rfid/Core/Src/stm32f1xx_hal_msp.c
2024-10-18 12:06:48,374 [INFO] CodeEngine:255 - oldGeneratedFile, /Users/vihaanravishankar/Desktop/Turnstile stuff/rfid/MXTmpFiles/system.tmp_save
2024-10-18 12:06:48,426 [INFO] CodeEngine:279 - Generated code: /Users/vihaanravishankar/Desktop/Turnstile stuff/rfid/MXTmpFiles/system.tmp
2024-10-18 12:06:48,432 [INFO] CodeEngine:311 - oldGeneratedFile, /Users/vihaanravishankar/Desktop/Turnstile stuff/rfid/Core/Inc/stm32f1xx_hal_conf.h_save
2024-10-18 12:06:48,490 [INFO] CodeEngine:335 - Generated code: /Users/vihaanravishankar/Desktop/Turnstile stuff/rfid/Core/Inc/stm32f1xx_hal_conf.h
2024-10-18 12:06:48,526 [INFO] CodeEngine:255 - oldGeneratedFile, /Users/vihaanravishankar/Desktop/Turnstile stuff/rfid/Core/Inc/main.h_save
2024-10-18 12:06:48,582 [INFO] CodeEngine:279 - Generated code: /Users/vihaanravishankar/Desktop/Turnstile stuff/rfid/Core/Inc/main.h
2024-10-18 12:06:48,583 [INFO] CodeEngine:255 - oldGeneratedFile, /Users/vihaanravishankar/Desktop/Turnstile stuff/rfid/Core/Src/main.c_save
2024-10-18 12:06:48,655 [INFO] CodeEngine:279 - Generated code: /Users/vihaanravishankar/Desktop/Turnstile stuff/rfid/Core/Src/main.c
2024-10-18 12:06:48,925 [INFO] ProjectBuilder:3249 - Time for Copy HAL[1] : 62mS.
2024-10-18 12:06:48,929 [INFO] ProjectBuilder:4828 - Project Generator version: 4.5.0-B34
2024-10-18 12:06:48,993 [INFO] ConfigFileManager:1531 - The Die is : DIE410
2024-10-18 12:06:50,863 [INFO] ProjectBuilder:5097 - Time for Generating toolchain IDE Files: 1920mS.
2024-10-18 12:06:50,879 [INFO] ProjectBuilder:3107 - Time for Copy CMSIS : 5mS.
2024-10-18 12:06:50,892 [INFO] ProjectBuilder:3107 - Time for Copy CMSIS : 0mS.
2024-10-18 12:34:47,541 [INFO] NvicIntPanel:101 - NVIC parent = com.st.microxplorer.plugins.ip.nvic.MultiNvicIntPanel[,0,0,0x0,invalid,layout=javax.swing.BoxLayout,alignmentX=0.0,alignmentY=0.0,border=,flags=9,maximumSize=,minimumSize=,preferredSize=]
2024-10-18 12:35:06,341 [INFO] UtilMem:75 - End SaveConfig() Used Memory: 329028272 Bytes (678428672)
2024-10-18 12:35:06,547 [INFO] UtilMem:75 - End SaveConfig() Used Memory: 344342184 Bytes (678428672)
2024-10-18 12:35:07,250 [INFO] UtilMem:75 - End SaveConfig() Used Memory: 398289080 Bytes (678428672)
2024-10-18 12:35:07,909 [INFO] BlockDiagram:2766 - set Specific Code input for plugin: NVIC
2024-10-18 12:35:07,912 [INFO] BlockDiagram:2766 - set Specific Code input for plugin: USART
2024-10-18 12:35:07,912 [INFO] BlockDiagram:2766 - set Specific Code input for plugin: USART
2024-10-18 12:35:07,912 [INFO] BlockDiagram:2766 - set Specific Code input for plugin: SYS
2024-10-18 12:35:07,916 [INFO] BlockDiagram:2766 - set Specific Code input for plugin: GPIO
2024-10-18 12:35:07,916 [INFO] BlockDiagram:2766 - set Specific Code input for plugin: RCC
2024-10-18 12:35:07,918 [INFO] CodeGenerator:807 - code generatio: config db path: /Applications/STM32CubeIDE.app/Contents/Eclipse/plugins/com.st.stm32cube.common.mx_6.12.1.202409122256//db/
2024-10-18 12:35:08,030 [INFO] CodeEngine:255 - oldGeneratedFile, /Users/vihaanravishankar/Desktop/Turnstile stuff/rfid/MXTmpFiles/license.tmp_save
2024-10-18 12:35:08,157 [INFO] CodeEngine:279 - Generated code: /Users/vihaanravishankar/Desktop/Turnstile stuff/rfid/MXTmpFiles/license.tmp
2024-10-18 12:35:08,197 [INFO] CodeEngine:255 - oldGeneratedFile, /Users/vihaanravishankar/Desktop/Turnstile stuff/rfid/Core/Src/gpio.c_save
2024-10-18 12:35:08,271 [INFO] CodeEngine:279 - Generated code: /Users/vihaanravishankar/Desktop/Turnstile stuff/rfid/Core/Src/gpio.c
2024-10-18 12:35:08,272 [INFO] CodeEngine:255 - oldGeneratedFile, /Users/vihaanravishankar/Desktop/Turnstile stuff/rfid/Core/Inc/gpio.h_save
2024-10-18 12:35:08,320 [INFO] CodeEngine:279 - Generated code: /Users/vihaanravishankar/Desktop/Turnstile stuff/rfid/Core/Inc/gpio.h
2024-10-18 12:35:08,415 [INFO] CodeEngine:255 - oldGeneratedFile, /Users/vihaanravishankar/Desktop/Turnstile stuff/rfid/Core/Src/usart.c_save
2024-10-18 12:35:08,526 [INFO] CodeEngine:279 - Generated code: /Users/vihaanravishankar/Desktop/Turnstile stuff/rfid/Core/Src/usart.c
2024-10-18 12:35:08,527 [INFO] CodeEngine:255 - oldGeneratedFile, /Users/vihaanravishankar/Desktop/Turnstile stuff/rfid/Core/Inc/usart.h_save
2024-10-18 12:35:08,583 [INFO] CodeEngine:279 - Generated code: /Users/vihaanravishankar/Desktop/Turnstile stuff/rfid/Core/Inc/usart.h
2024-10-18 12:35:08,588 [INFO] CodeEngine:255 - oldGeneratedFile, /Users/vihaanravishankar/Desktop/Turnstile stuff/rfid/Core/Src/stm32f1xx_it.c_save
2024-10-18 12:35:08,734 [INFO] CodeEngine:279 - Generated code: /Users/vihaanravishankar/Desktop/Turnstile stuff/rfid/Core/Src/stm32f1xx_it.c
2024-10-18 12:35:08,736 [INFO] CodeEngine:255 - oldGeneratedFile, /Users/vihaanravishankar/Desktop/Turnstile stuff/rfid/Core/Inc/stm32f1xx_it.h_save
2024-10-18 12:35:08,787 [INFO] CodeEngine:279 - Generated code: /Users/vihaanravishankar/Desktop/Turnstile stuff/rfid/Core/Inc/stm32f1xx_it.h
2024-10-18 12:35:08,793 [INFO] CodeEngine:255 - oldGeneratedFile, /Users/vihaanravishankar/Desktop/Turnstile stuff/rfid/Core/Src/stm32f1xx_hal_msp.c_save
2024-10-18 12:35:08,867 [INFO] CodeEngine:279 - Generated code: /Users/vihaanravishankar/Desktop/Turnstile stuff/rfid/Core/Src/stm32f1xx_hal_msp.c
2024-10-18 12:35:08,869 [INFO] CodeEngine:255 - oldGeneratedFile, /Users/vihaanravishankar/Desktop/Turnstile stuff/rfid/MXTmpFiles/system.tmp_save
2024-10-18 12:35:08,919 [INFO] CodeEngine:279 - Generated code: /Users/vihaanravishankar/Desktop/Turnstile stuff/rfid/MXTmpFiles/system.tmp
2024-10-18 12:35:08,924 [INFO] CodeEngine:311 - oldGeneratedFile, /Users/vihaanravishankar/Desktop/Turnstile stuff/rfid/Core/Inc/stm32f1xx_hal_conf.h_save
2024-10-18 12:35:08,987 [INFO] CodeEngine:335 - Generated code: /Users/vihaanravishankar/Desktop/Turnstile stuff/rfid/Core/Inc/stm32f1xx_hal_conf.h
2024-10-18 12:35:09,018 [INFO] CodeEngine:255 - oldGeneratedFile, /Users/vihaanravishankar/Desktop/Turnstile stuff/rfid/Core/Inc/main.h_save
2024-10-18 12:35:09,112 [INFO] CodeEngine:279 - Generated code: /Users/vihaanravishankar/Desktop/Turnstile stuff/rfid/Core/Inc/main.h
2024-10-18 12:35:09,114 [INFO] CodeEngine:255 - oldGeneratedFile, /Users/vihaanravishankar/Desktop/Turnstile stuff/rfid/Core/Src/main.c_save
2024-10-18 12:35:09,215 [INFO] CodeEngine:279 - Generated code: /Users/vihaanravishankar/Desktop/Turnstile stuff/rfid/Core/Src/main.c
2024-10-18 12:35:09,407 [INFO] ProjectBuilder:3249 - Time for Copy HAL[1] : 56mS.
2024-10-18 12:35:09,410 [INFO] ProjectBuilder:4828 - Project Generator version: 4.5.0-B34
2024-10-18 12:35:09,478 [INFO] ConfigFileManager:1531 - The Die is : DIE410
2024-10-18 12:35:10,525 [INFO] ProjectBuilder:5097 - Time for Generating toolchain IDE Files: 1115mS.
2024-10-18 12:35:10,526 [INFO] ProjectBuilder:3107 - Time for Copy CMSIS : 0mS.
2024-10-18 12:35:10,527 [INFO] ProjectBuilder:3107 - Time for Copy CMSIS : 0mS.
2024-10-18 12:36:46,150 [INFO] MainUpdater:2873 - connection check result : 10
2024-10-18 12:36:46,162 [INFO] MainUpdater:2873 - connection check result : 10
2024-10-18 12:36:46,408 [INFO] MicroXplorer:468 - Change Database Path : 
2024-10-18 12:36:46,410 [INFO] MicroXplorer:498 - Change Database Version : DB.6.0.121
2024-10-18 12:36:46,459 [ERROR] ProjectManagerView:394 - 
java.lang.NullPointerException: Cannot invoke "javax.swing.JTextField.getText()" because the return value of "java.util.List.get(int)" is null
	at com.st.microxplorer.plugins.projectmanager.gui.ProjectChoiceTab$10.caretUpdate(ProjectChoiceTab.java:2622) ~[filemanager.jar:?]
	at javax.swing.text.JTextComponent.fireCaretUpdate(JTextComponent.java:412) ~[?:?]
	at javax.swing.text.JTextComponent$MutableCaretEvent.fire(JTextComponent.java:4491) ~[?:?]
	at javax.swing.text.JTextComponent$MutableCaretEvent.stateChanged(JTextComponent.java:4513) ~[?:?]
	at javax.swing.text.DefaultCaret.fireStateChanged(DefaultCaret.java:842) ~[?:?]
	at javax.swing.text.DefaultCaret.changeCaretPosition(DefaultCaret.java:1313) ~[?:?]
	at javax.swing.text.DefaultCaret.handleSetDot(DefaultCaret.java:1212) ~[?:?]
	at javax.swing.text.DefaultCaret.setDot(DefaultCaret.java:1193) ~[?:?]
	at javax.swing.text.DefaultCaret$Handler.insertUpdate(DefaultCaret.java:1789) ~[?:?]
	at javax.swing.text.AbstractDocument.fireInsertUpdate(AbstractDocument.java:226) ~[?:?]
	at javax.swing.text.AbstractDocument.handleInsertString(AbstractDocument.java:780) ~[?:?]
	at javax.swing.text.AbstractDocument.insertString(AbstractDocument.java:739) ~[?:?]
	at javax.swing.text.PlainDocument.insertString(PlainDocument.java:131) ~[?:?]
	at javax.swing.text.AbstractDocument.replace(AbstractDocument.java:698) ~[?:?]
	at javax.swing.text.JTextComponent.setText(JTextComponent.java:1729) ~[?:?]
	at com.st.microxplorer.plugins.projectmanager.gui.ProjectChoiceTab.createHeapStackFields(ProjectChoiceTab.java:972) ~[filemanager.jar:?]
	at com.st.microxplorer.plugins.projectmanager.gui.ProjectChoiceTab.buildLinkSettingsPanel(ProjectChoiceTab.java:3597) ~[filemanager.jar:?]
	at com.st.microxplorer.plugins.projectmanager.gui.ProjectChoiceTab.defineWindowsFields(ProjectChoiceTab.java:1940) ~[filemanager.jar:?]
	at com.st.microxplorer.plugins.projectmanager.gui.ProjectChoiceTab.updateSettings(ProjectChoiceTab.java:550) ~[filemanager.jar:?]
	at com.st.microxplorer.plugins.projectmanager.gui.ProjectSettingsPanel.UpdateDialog(ProjectSettingsPanel.java:245) ~[filemanager.jar:?]
	at com.st.microxplorer.plugins.projectmanager.ProjectManagerView.propertyChange(ProjectManagerView.java:391) ~[filemanager.jar:?]
	at java.beans.PropertyChangeSupport.fire(PropertyChangeSupport.java:343) ~[?:?]
	at java.beans.PropertyChangeSupport.firePropertyChange(PropertyChangeSupport.java:335) ~[?:?]
	at java.beans.PropertyChangeSupport.firePropertyChange(PropertyChangeSupport.java:268) ~[?:?]
	at com.st.microxplorer.util.MXPropertyChangeSupport.firePropertyChange(MXPropertyChangeSupport.java:54) ~[STM32CubeMX.jar:?]
	at com.st.microxplorer.mxsystem.MxSystem.closeConfig(MxSystem.java:900) ~[STM32CubeMX.jar:?]
	at com.st.microxplorer.maingui.MainPanel.closeConfig(MainPanel.java:781) ~[STM32CubeMX.jar:?]
	at com.st.microxplorer.plugins.filemanager.engine.OpenFileManager.loadConfigurationFile(OpenFileManager.java:265) ~[filemanager.jar:?]
	at com.st.microxplorer.plugins.filemanager.engine.MainFileManager.userLoadConfig(MainFileManager.java:352) ~[filemanager.jar:?]
	at com.st.microxplorer.plugins.filemanager.engine.MainFileManager.userLoadConfig(MainFileManager.java:330) ~[filemanager.jar:?]
	at com.st.microxplorer.plugins.filemanager.FileManagerView.getSpecificTask(FileManagerView.java:246) ~[filemanager.jar:?]
	at com.st.stm32cube.common.mx.editor.CubeMxEditor.getMxTabbedPaneInstance(CubeMxEditor.java:1198) ~[com.st.stm32cube.common.mx_6.12.1.202409122256/:?]
	at com.st.stm32cube.common.mx.editor.CubeMxEditor$12$1.createSwingComponent(CubeMxEditor.java:1068) ~[com.st.stm32cube.common.mx_6.12.1.202409122256/:?]
	at com.st.stm32cube.common.mx.oss.core.awtswtbridge.EmbeddedSwingComposite.doComponentCreation(EmbeddedSwingComposite.java:492) ~[com.st.stm32cube.common.mx.oss_6.12.1.202409122256/:?]
	at com.st.stm32cube.common.mx.oss.core.awtswtbridge.EmbeddedSwingComposite$4.run(EmbeddedSwingComposite.java:291) ~[com.st.stm32cube.common.mx.oss_6.12.1.202409122256/:?]
	at com.st.stm32cube.common.mx.oss.core.awtswtbridge.AwtEnvironment$2.run(AwtEnvironment.java:166) ~[com.st.stm32cube.common.mx.oss_6.12.1.202409122256/:?]
	at java.awt.event.InvocationEvent.dispatch(InvocationEvent.java:318) ~[?:?]
	at java.awt.EventQueue.dispatchEventImpl(EventQueue.java:773) ~[?:?]
	at java.awt.EventQueue$4.run(EventQueue.java:720) ~[?:?]
	at java.awt.EventQueue$4.run(EventQueue.java:714) ~[?:?]
	at java.security.AccessController.doPrivileged(AccessController.java:399) ~[?:?]
	at java.security.ProtectionDomain$JavaSecurityAccessImpl.doIntersectionPrivilege(ProtectionDomain.java:86) ~[?:?]
	at java.awt.EventQueue.dispatchEvent(EventQueue.java:742) ~[?:?]
	at java.awt.EventDispatchThread.pumpOneEventForFilters(EventDispatchThread.java:203) ~[?:?]
	at java.awt.EventDispatchThread.pumpEventsForFilter(EventDispatchThread.java:124) ~[?:?]
	at java.awt.EventDispatchThread.pumpEventsForHierarchy(EventDispatchThread.java:113) ~[?:?]
	at java.awt.EventDispatchThread.pumpEvents(EventDispatchThread.java:109) ~[?:?]
	at java.awt.EventDispatchThread.pumpEvents(EventDispatchThread.java:101) ~[?:?]
	at java.awt.EventDispatchThread.run(EventDispatchThread.java:90) ~[?:?]
2024-10-18 12:36:46,461 [WARN] ThirdParty:871 - waiting for thirdparty lock release [close project]
2024-10-18 12:36:46,462 [INFO] ThirdParty:873 - entering critical section [close project]
2024-10-18 12:36:46,462 [INFO] ThirdParty:883 - exiting critical section [close project]
2024-10-18 12:36:46,466 [INFO] PinOutPanel:1561 - setPackage(No Configuration,No Configuration)
2024-10-18 12:36:46,482 [INFO] UtilMem:75 - Begin LoadConfig() Used Memory: 334385768 Bytes (678428672)
2024-10-18 12:36:46,484 [INFO] MicroXplorer:468 - Change Database Path : 
2024-10-18 12:36:46,486 [INFO] MicroXplorer:498 - Change Database Version : DB.6.0.121
2024-10-18 12:36:46,486 [INFO] OpenFileManager:332 - Change cursor
2024-10-18 12:36:46,520 [INFO] RulesReader:64 - Compatibility file has been processed (297 Rules)
2024-10-18 12:36:46,528 [INFO] Mcu:2032 - Initializing MCU STM32F103R(8-B)Tx STM32F103RBTx STM32F103RBT6
2024-10-18 12:36:46,963 [INFO] Context:742 - Trying to add GPIOservice into a context  which must be forbidden
2024-10-18 12:36:47,442 [INFO] RtosManager:555 - Registered RTOS mode: class=CMSIS, group=RTOS, mode=CMSIS_V1, owner=FREERTOS
2024-10-18 12:36:47,446 [INFO] RtosManager:555 - Registered RTOS mode: class=CMSIS, group=RTOS2, mode=CMSIS_V2, owner=FREERTOS
2024-10-18 12:36:47,446 [INFO] RtosManager:555 - Registered RTOS mode: class=RTOS, group=Core, mode=CMSIS_V1, owner=FREERTOS
2024-10-18 12:36:47,446 [INFO] RtosManager:555 - Registered RTOS mode: class=RTOS, group=Core, mode=CMSIS_V2, owner=FREERTOS
2024-10-18 12:36:47,446 [WARN] ModelIntegratedComponent:184 - Missing modes for component STMicroelectronics:FreeRTOS:0.0.1:STMicroelectronics:RTOS:FreeRTOS:Core:::10.2.0:
2024-10-18 12:36:47,449 [WARN] ModelIntegratedComponent:63 - No mode defined for component null
2024-10-18 12:36:47,449 [WARN] ModelIntegratedComponent:63 - No mode defined for component null
2024-10-18 12:36:47,449 [WARN] ModelIntegratedComponent:63 - No mode defined for component null
2024-10-18 12:36:47,449 [WARN] ModelIntegratedComponent:63 - No mode defined for component null
2024-10-18 12:36:47,449 [WARN] ModelIntegratedComponent:63 - No mode defined for component null
2024-10-18 12:36:47,449 [WARN] ModelIntegratedComponent:63 - No mode defined for component null
2024-10-18 12:36:47,449 [WARN] ModelIntegratedComponent:63 - No mode defined for component null
2024-10-18 12:36:47,449 [WARN] ModelIntegratedComponent:63 - No mode defined for component null
2024-10-18 12:36:47,449 [WARN] ModelIntegratedComponent:63 - No mode defined for component null
2024-10-18 12:36:47,449 [WARN] ModelIntegratedComponent:63 - No mode defined for component null
2024-10-18 12:36:47,449 [WARN] ModelIntegratedComponent:63 - No mode defined for component null
2024-10-18 12:36:47,449 [WARN] ModelIntegratedComponent:63 - No mode defined for component null
2024-10-18 12:36:47,449 [WARN] ModelIntegratedComponent:63 - No mode defined for component null
2024-10-18 12:36:47,449 [WARN] ModelIntegratedComponent:63 - No mode defined for component null
2024-10-18 12:36:47,449 [WARN] ModelIntegratedComponent:63 - No mode defined for component null
2024-10-18 12:36:47,450 [WARN] ModelIntegratedComponent:63 - No mode defined for component null
2024-10-18 12:36:47,450 [WARN] ModelIntegratedComponent:63 - No mode defined for component null
2024-10-18 12:36:47,450 [WARN] ModelIntegratedComponent:63 - No mode defined for component null
2024-10-18 12:36:47,450 [WARN] ModelIntegratedComponent:63 - No mode defined for component null
2024-10-18 12:36:47,450 [WARN] ModelIntegratedComponent:63 - No mode defined for component null
2024-10-18 12:36:47,450 [WARN] ModelIntegratedComponent:63 - No mode defined for component null
2024-10-18 12:36:47,450 [WARN] ModelIntegratedComponent:63 - No mode defined for component null
2024-10-18 12:36:47,450 [WARN] ModelIntegratedComponent:63 - No mode defined for component null
2024-10-18 12:36:47,450 [WARN] ModelIntegratedComponent:63 - No mode defined for component null
2024-10-18 12:36:47,450 [WARN] ModelIntegratedComponent:63 - No mode defined for component null
2024-10-18 12:36:47,450 [WARN] ModelIntegratedComponent:63 - No mode defined for component null
2024-10-18 12:36:47,450 [WARN] ModelIntegratedComponent:63 - No mode defined for component null
2024-10-18 12:36:47,450 [WARN] ModelIntegratedComponent:63 - No mode defined for component null
2024-10-18 12:36:47,450 [WARN] ModelIntegratedComponent:63 - No mode defined for component null
2024-10-18 12:36:47,450 [WARN] ModelIntegratedComponent:63 - No mode defined for component null
2024-10-18 12:36:47,450 [WARN] ModelIntegratedComponent:63 - No mode defined for component null
2024-10-18 12:36:47,450 [WARN] ModelIntegratedComponent:63 - No mode defined for component null
2024-10-18 12:36:47,450 [WARN] ModelIntegratedComponent:63 - No mode defined for component null
2024-10-18 12:36:47,450 [WARN] ModelIntegratedComponent:63 - No mode defined for component null
2024-10-18 12:36:47,450 [WARN] ModelIntegratedComponent:63 - No mode defined for component null
2024-10-18 12:36:47,450 [WARN] ModelPack:524 - Component already loaded: STMicroelectronics:HAL Drivers:0.0.0:STMicroelectronics:Device:STMicro_Driver:XSPI:HAL::0.0.1:HAL_XSPI
2024-10-18 12:36:47,478 [INFO] ThirdPartyModel:298 - Start build external matchings
2024-10-18 12:36:47,660 [INFO] ThirdPartyModel:316 - End build external matchings
2024-10-18 12:36:47,677 [INFO] ImportTextPane:205 - (OptionalMessage_ERROR) IP (RCC) : Parameter (ADCFreqValue) has invalid value (32000000)
2024-10-18 12:36:47,678 [INFO] ImportTextPane:205 - (OptionalMessage_ERROR) IP (RCC) : Invalid parameter (FamilyName)
2024-10-18 12:36:47,678 [INFO] ImportTextPane:205 - (OptionalMessage_ERROR) IP (RCC) : Parameter (MCOFreq_Value) has invalid value (64000000)
2024-10-18 12:36:47,678 [INFO] ImportTextPane:205 - (OptionalMessage_ERROR) IP (RCC) : Parameter (USBFreq_Value) has invalid value (64000000)
2024-10-18 12:36:47,806 [INFO] UtilMem:75 - End LoadConfig() Used Memory: 457618216 Bytes (678428672)
2024-10-18 12:36:47,886 [WARN] ThirdParty:833 - waiting for thirdparty lock release [change project]
2024-10-18 12:36:47,888 [INFO] ThirdParty:835 - entering critical section [change project]
2024-10-18 12:36:47,889 [INFO] ThirdParty:1030 - CMSIS Pack Vendor :STMicroelectronics USBPD 4.1
2024-10-18 12:36:47,889 [INFO] ThirdParty:1030 - CMSIS Pack Vendor :STMicroelectronics X-CUBE-AZRTOS-H7 3.3.0
2024-10-18 12:36:47,889 [INFO] ThirdParty:1030 - CMSIS Pack Vendor :STMicroelectronics X-CUBE-NFC9 1.0.0
2024-10-18 12:36:47,889 [INFO] ThirdParty:1030 - CMSIS Pack Vendor :STMicroelectronics USB_HOST 2.0.0
2024-10-18 12:36:47,889 [INFO] ThirdParty:1030 - CMSIS Pack Vendor :STMicroelectronics FP-SNS-MOTENVWB1 1.4.0
2024-10-18 12:36:47,889 [INFO] ThirdParty:1030 - CMSIS Pack Vendor :STMicroelectronics X-CUBE-AZRTOS-F4 1.1.0
2024-10-18 12:36:47,889 [INFO] ThirdParty:1030 - CMSIS Pack Vendor :STMicroelectronics LIBJPEG 8.0.0
2024-10-18 12:36:47,889 [INFO] ThirdParty:1030 - CMSIS Pack Vendor :STMicroelectronics X-CUBE-SMBUS 2.1.0
2024-10-18 12:36:47,889 [INFO] ThirdParty:1030 - CMSIS Pack Vendor :STMicroelectronics X-CUBE-WB05N 1.1.0
2024-10-18 12:36:47,889 [INFO] ThirdParty:1030 - CMSIS Pack Vendor :STMicroelectronics USB_DEVICE 3.0.0
2024-10-18 12:36:47,889 [INFO] ThirdParty:1030 - CMSIS Pack Vendor :STMicroelectronics X-CUBE-TCPP 4.1.0
2024-10-18 12:36:47,889 [INFO] ThirdParty:1030 - CMSIS Pack Vendor :STMicroelectronics X-CUBE-ISPU 2.1.0
2024-10-18 12:36:47,889 [INFO] ThirdParty:1030 - CMSIS Pack Vendor :STMicroelectronics X-CUBE-FREERTOS 1.2.0
2024-10-18 12:36:47,889 [INFO] ThirdParty:1030 - CMSIS Pack Vendor :STMicroelectronics X-CUBE-IPS 3.0.0
2024-10-18 12:36:47,889 [INFO] ThirdParty:1030 - CMSIS Pack Vendor :STMicroelectronics X-CUBE-AZRTOS-WB 2.0.0
2024-10-18 12:36:47,889 [INFO] ThirdParty:1030 - CMSIS Pack Vendor :STMicroelectronics X-CUBE-GNSS1 7.0.0
2024-10-18 12:36:47,889 [INFO] ThirdParty:1030 - CMSIS Pack Vendor :STMicroelectronics X-CUBE-AZRTOS-F7 1.1.0
2024-10-18 12:36:47,889 [INFO] ThirdParty:1030 - CMSIS Pack Vendor :STMicroelectronics X-CUBE-AZRTOS-L5 2.0.0
2024-10-18 12:36:47,889 [INFO] ThirdParty:1030 - CMSIS Pack Vendor :STMicroelectronics USB_DEVICE 2.0.0
2024-10-18 12:36:47,889 [INFO] ThirdParty:1030 - CMSIS Pack Vendor :STMicroelectronics X-CUBE-NFC6 3.1.0
2024-10-18 12:36:47,889 [INFO] ThirdParty:1030 - CMSIS Pack Vendor :STMicroelectronics FP-SNS-STBOX1 2.0.0
2024-10-18 12:36:47,889 [INFO] ThirdParty:1030 - CMSIS Pack Vendor :STMicroelectronics X-CUBE-MEMS1 11.0.0
2024-10-18 12:36:47,889 [INFO] ThirdParty:1030 - CMSIS Pack Vendor :STMicroelectronics FreeRTOS 0.0.1
2024-10-18 12:36:47,889 [INFO] ThirdParty:1030 - CMSIS Pack Vendor :STMicroelectronics X-CUBE-AZRTOS-G0 1.1.0
2024-10-18 12:36:47,889 [INFO] ThirdParty:1030 - CMSIS Pack Vendor :STMicroelectronics X-CUBE-SAFEA1 1.2.2
2024-10-18 12:36:47,889 [INFO] ThirdParty:1030 - CMSIS Pack Vendor :STMicroelectronics X-CUBE-NFC4 3.0.0
2024-10-18 12:36:47,889 [INFO] ThirdParty:1030 - CMSIS Pack Vendor :STMicroelectronics X-CUBE-DPower 1.2.0
2024-10-18 12:36:47,889 [INFO] ThirdParty:1030 - CMSIS Pack Vendor :STMicroelectronics X-CUBE-SUBG2 5.0.0
2024-10-18 12:36:47,889 [INFO] ThirdParty:1030 - CMSIS Pack Vendor :STMicroelectronics STM32_WPAN 1.0.0
2024-10-18 12:36:47,889 [INFO] ThirdParty:1030 - CMSIS Pack Vendor :EmbeddedOffice I-CUBE-FS-RTOS 1.0.1
2024-10-18 12:36:47,889 [INFO] ThirdParty:1030 - CMSIS Pack Vendor :STMicroelectronics lwIP 2.0.3
2024-10-18 12:36:47,889 [INFO] ThirdParty:1030 - CMSIS Pack Vendor :STMicroelectronics FP-SNS-FLIGHT1 5.0.2
2024-10-18 12:36:47,889 [INFO] ThirdParty:1030 - CMSIS Pack Vendor :Cesanta I-CUBE-Mongoose 7.13.0
2024-10-18 12:36:47,889 [INFO] ThirdParty:1030 - CMSIS Pack Vendor :STMicroelectronics USB_HOST 1.0.0
2024-10-18 12:36:47,889 [INFO] ThirdParty:1030 - CMSIS Pack Vendor :STMicroelectronics X-CUBE-AZRTOS-G4 2.0.0
2024-10-18 12:36:47,889 [INFO] ThirdParty:1030 - CMSIS Pack Vendor :STMicroelectronics PDM2PCM 3.1.0
2024-10-18 12:36:47,889 [INFO] ThirdParty:1030 - CMSIS Pack Vendor :STMicroelectronics PDM2PCM 3.3.0
2024-10-18 12:36:47,889 [INFO] ThirdParty:1030 - CMSIS Pack Vendor :STMicroelectronics X-CUBE-DISPLAY 3.0.0
2024-10-18 12:36:47,889 [INFO] ThirdParty:1030 - CMSIS Pack Vendor :RealThread X-CUBE-RT-Thread_Nano 4.1.1
2024-10-18 12:36:47,889 [INFO] ThirdParty:1030 - CMSIS Pack Vendor :STMicroelectronics X-CUBE-BLE1 7.0.0
2024-10-18 12:36:47,889 [INFO] ThirdParty:1030 - CMSIS Pack Vendor :STMicroelectronics FP-ATR-SIGFOX1 3.2.0
2024-10-18 12:36:47,889 [INFO] ThirdParty:1030 - CMSIS Pack Vendor :STMicroelectronics X-CUBE-NFC10 1.0.0
2024-10-18 12:36:47,889 [INFO] ThirdParty:1030 - CMSIS Pack Vendor :wolfSSL I-CUBE-wolfSSL 5.7.2
2024-10-18 12:36:47,889 [INFO] ThirdParty:1030 - CMSIS Pack Vendor :STMicroelectronics X-CUBE-EEPRMA1 5.1.0
2024-10-18 12:36:47,889 [INFO] ThirdParty:1030 - CMSIS Pack Vendor :STMicroelectronics HAL Drivers 0.0.0
2024-10-18 12:36:47,889 [INFO] ThirdParty:1030 - CMSIS Pack Vendor :STMicroelectronics MBEDTLS 2.16.2
2024-10-18 12:36:47,889 [INFO] ThirdParty:1030 - CMSIS Pack Vendor :STMicroelectronics X-CUBE-ALS 1.0.2
2024-10-18 12:36:47,889 [INFO] ThirdParty:1030 - CMSIS Pack Vendor :emotas I-CUBE-CANOPEN 1.3.0
2024-10-18 12:36:47,889 [INFO] ThirdParty:1030 - CMSIS Pack Vendor :STMicroelectronics X-CUBE-NFC7 1.0.1
2024-10-18 12:36:47,889 [INFO] ThirdParty:1030 - CMSIS Pack Vendor :STMicroelectronics MBEDTLS 2.14.1
2024-10-18 12:36:47,889 [INFO] ThirdParty:1030 - CMSIS Pack Vendor :ITTIA_DB I-CUBE-ITTIADB 8.9.0
2024-10-18 12:36:47,889 [INFO] ThirdParty:1030 - CMSIS Pack Vendor :STMicroelectronics X-CUBE-TOUCHGFX 4.24.1
2024-10-18 12:36:47,889 [INFO] ThirdParty:1030 - CMSIS Pack Vendor :wolfSSL I-CUBE-wolfTPM 3.4.0
2024-10-18 12:36:47,889 [INFO] ThirdParty:1030 - CMSIS Pack Vendor :portGmbH I-Cube-SoM-uGOAL 1.1.0
2024-10-18 12:36:47,889 [INFO] ThirdParty:1030 - CMSIS Pack Vendor :STMicroelectronics X-CUBE-BLEMGR 3.1.0
2024-10-18 12:36:47,889 [INFO] ThirdParty:1030 - CMSIS Pack Vendor :STMicroelectronics ThreadX 1.0.0
2024-10-18 12:36:47,889 [INFO] ThirdParty:1030 - CMSIS Pack Vendor :STMicroelectronics FP-SNS-SMARTAG2 1.2.0
2024-10-18 12:36:47,889 [INFO] ThirdParty:1030 - CMSIS Pack Vendor :STMicroelectronics X-CUBE-AZRTOS-WL 2.0.0
2024-10-18 12:36:47,889 [INFO] ThirdParty:1030 - CMSIS Pack Vendor :SEGGER I-CUBE-embOS 1.3.1
2024-10-18 12:36:47,889 [INFO] ThirdParty:1030 - CMSIS Pack Vendor :STMicroelectronics X-CUBE-ALGOBUILD 1.4.0
2024-10-18 12:36:47,889 [INFO] ThirdParty:1030 - CMSIS Pack Vendor :STMicroelectronics FP-SNS-MOTENV1 5.0.0
2024-10-18 12:36:47,889 [INFO] ThirdParty:1030 - CMSIS Pack Vendor :STMicroelectronics USB_DEVICE 1.0.0
2024-10-18 12:36:47,889 [INFO] ThirdParty:1030 - CMSIS Pack Vendor :STMicroelectronics X-CUBE-AZRTOS-H7RS 1.0.0
2024-10-18 12:36:47,889 [INFO] ThirdParty:1030 - CMSIS Pack Vendor :wolfSSL I-CUBE-wolfMQTT 1.19.0
2024-10-18 12:36:47,889 [INFO] ThirdParty:1030 - CMSIS Pack Vendor :STMicroelectronics X-CUBE-AZRTOS-L4 2.0.0
2024-10-18 12:36:47,889 [INFO] ThirdParty:1030 - CMSIS Pack Vendor :STMicroelectronics ThreadX 0.0.2
2024-10-18 12:36:47,889 [INFO] ThirdParty:1030 - CMSIS Pack Vendor :WES I-CUBE-Cesium 1.3.0
2024-10-18 12:36:47,889 [INFO] ThirdParty:1030 - CMSIS Pack Vendor :STMicroelectronics FP-ATR-ASTRA1 2.0.0
2024-10-18 12:36:47,889 [INFO] ThirdParty:1030 - CMSIS Pack Vendor :STMicroelectronics lwIP 2.1.2
2024-10-18 12:36:47,890 [INFO] ThirdParty:1030 - CMSIS Pack Vendor :STMicroelectronics X-CUBE-SFXS2LP1 4.0.0
2024-10-18 12:36:47,890 [INFO] ThirdParty:1030 - CMSIS Pack Vendor :STMicroelectronics X-CUBE-BLE2 3.3.0
2024-10-18 12:36:47,890 [INFO] ThirdParty:1030 - CMSIS Pack Vendor :STMicroelectronics X-CUBE-TOF1 3.4.2
2024-10-18 12:36:47,890 [INFO] ThirdParty:1030 - CMSIS Pack Vendor :STMicroelectronics X-CUBE-AI 9.1.0
2024-10-18 12:36:47,890 [INFO] ThirdParty:1030 - CMSIS Pack Vendor :Infineon AIROC-Wi-Fi-Bluetooth-STM32 1.6.1
2024-10-18 12:36:47,890 [INFO] ThirdParty:1030 - CMSIS Pack Vendor :STMicroelectronics PDM2PCM 3.2.0
2024-10-18 12:36:47,890 [INFO] ThirdParty:1030 - CMSIS Pack Vendor :wolfSSL I-CUBE-wolfSSH 1.4.17
2024-10-18 12:36:47,890 [INFO] ThirdParty:841 - exiting critical section [change project]
2024-10-18 12:36:48,096 [INFO] PinOutPanel:1561 - setPackage(No Configuration,No Configuration)
2024-10-18 12:36:48,098 [INFO] PinOutPanel:1561 - setPackage(STM32F103RBTx,LQFP64)
2024-10-18 12:36:48,325 [INFO] UtilMem:75 - Before build in PCC Used Memory: 543030656 Bytes (678428672)
2024-10-18 12:36:48,695 [INFO] UtilMem:75 - After build in PCC Used Memory: 274639464 Bytes (678428672)
2024-10-18 12:36:48,755 [INFO] IPUIPlugin:80 - create IPUIPlugin
2024-10-18 12:36:48,758 [INFO] IPUIPlugin:80 - create IPUIPlugin
2024-10-18 12:36:48,759 [INFO] IPUIPlugin:80 - create IPUIPlugin
2024-10-18 12:36:48,759 [INFO] IPUIPlugin:80 - create IPUIPlugin
2024-10-18 12:36:48,759 [INFO] IPUIPlugin:80 - create IPUIPlugin
2024-10-18 12:36:48,759 [INFO] IPUIPlugin:80 - create IPUIPlugin
2024-10-18 12:36:48,759 [INFO] IPUIPlugin:80 - create IPUIPlugin
2024-10-18 12:36:48,760 [INFO] IPUIPlugin:80 - create IPUIPlugin
2024-10-18 12:36:48,760 [INFO] IPUIPlugin:80 - create IPUIPlugin
2024-10-18 12:36:48,760 [INFO] IPUIPlugin:80 - create IPUIPlugin
2024-10-18 12:36:48,760 [INFO] IPUIPlugin:80 - create IPUIPlugin
2024-10-18 12:36:48,760 [INFO] IPUIPlugin:80 - create IPUIPlugin
2024-10-18 12:36:48,761 [INFO] IPUIPlugin:80 - create IPUIPlugin
2024-10-18 12:36:48,761 [INFO] IPUIPlugin:80 - create IPUIPlugin
2024-10-18 12:36:48,761 [INFO] IPUIPlugin:80 - create IPUIPlugin
2024-10-18 12:36:48,761 [INFO] IPUIPlugin:80 - create IPUIPlugin
2024-10-18 12:36:48,761 [INFO] IPUIPlugin:80 - create IPUIPlugin
2024-10-18 12:36:48,761 [INFO] IPUIPlugin:80 - create IPUIPlugin
2024-10-18 12:36:48,761 [INFO] IPUIPlugin:80 - create IPUIPlugin
2024-10-18 12:36:48,761 [INFO] IPUIPlugin:80 - create IPUIPlugin
2024-10-18 12:36:48,761 [INFO] IPUIPlugin:80 - create IPUIPlugin
2024-10-18 12:36:48,761 [INFO] IPUIPlugin:80 - create IPUIPlugin
2024-10-18 12:36:48,761 [INFO] IPUIPlugin:80 - create IPUIPlugin
2024-10-18 12:36:48,761 [INFO] IPUIPlugin:80 - create IPUIPlugin
2024-10-18 12:36:48,762 [INFO] IPUIPlugin:80 - create IPUIPlugin
2024-10-18 12:36:48,762 [INFO] IPUIPlugin:80 - create IPUIPlugin
2024-10-18 12:36:48,762 [INFO] IPUIPlugin:80 - create IPUIPlugin
2024-10-18 12:36:48,900 [INFO] CADModel:165 - CPN selected for project levelSTM32F103RBT6
2024-10-18 12:36:48,902 [INFO] CADModel:114 - Register for checkConnection events
2024-10-18 12:36:48,950 [INFO] OpenFileManager:363 - Restore cursor
2024-10-18 12:37:32,786 [INFO] UtilMem:75 - End SaveConfig() Used Memory: 484536768 Bytes (678428672)
2024-10-18 12:37:32,934 [INFO] UtilMem:75 - End SaveConfig() Used Memory: 499556968 Bytes (678428672)
2024-10-18 12:37:33,568 [INFO] UtilMem:75 - End SaveConfig() Used Memory: 557228648 Bytes (678428672)
2024-10-18 12:37:33,762 [INFO] BlockDiagram:2766 - set Specific Code input for plugin: NVIC
2024-10-18 12:37:33,762 [INFO] BlockDiagram:2766 - set Specific Code input for plugin: USART
2024-10-18 12:37:33,763 [INFO] BlockDiagram:2766 - set Specific Code input for plugin: USART
2024-10-18 12:37:33,763 [INFO] BlockDiagram:2766 - set Specific Code input for plugin: SYS
2024-10-18 12:37:33,763 [INFO] BlockDiagram:2766 - set Specific Code input for plugin: GPIO
2024-10-18 12:37:33,763 [INFO] BlockDiagram:2766 - set Specific Code input for plugin: RCC
2024-10-18 12:37:33,765 [INFO] CodeGenerator:807 - code generatio: config db path: /Applications/STM32CubeIDE.app/Contents/Eclipse/plugins/com.st.stm32cube.common.mx_6.12.1.202409122256//db/
2024-10-18 12:37:34,236 [INFO] CodeEngine:255 - oldGeneratedFile, /Users/vihaanravishankar/Desktop/Turnstile stuff/rfid/MXTmpFiles/license.tmp_save
2024-10-18 12:37:34,307 [INFO] CodeEngine:279 - Generated code: /Users/vihaanravishankar/Desktop/Turnstile stuff/rfid/MXTmpFiles/license.tmp
2024-10-18 12:37:34,351 [INFO] CodeEngine:255 - oldGeneratedFile, /Users/vihaanravishankar/Desktop/Turnstile stuff/rfid/Core/Src/gpio.c_save
2024-10-18 12:37:34,426 [INFO] CodeEngine:279 - Generated code: /Users/vihaanravishankar/Desktop/Turnstile stuff/rfid/Core/Src/gpio.c
2024-10-18 12:37:34,427 [INFO] CodeEngine:255 - oldGeneratedFile, /Users/vihaanravishankar/Desktop/Turnstile stuff/rfid/Core/Inc/gpio.h_save
2024-10-18 12:37:34,474 [INFO] CodeEngine:279 - Generated code: /Users/vihaanravishankar/Desktop/Turnstile stuff/rfid/Core/Inc/gpio.h
2024-10-18 12:37:34,726 [INFO] CodeEngine:255 - oldGeneratedFile, /Users/vihaanravishankar/Desktop/Turnstile stuff/rfid/Core/Src/usart.c_save
2024-10-18 12:37:34,830 [INFO] CodeEngine:279 - Generated code: /Users/vihaanravishankar/Desktop/Turnstile stuff/rfid/Core/Src/usart.c
2024-10-18 12:37:34,833 [INFO] CodeEngine:255 - oldGeneratedFile, /Users/vihaanravishankar/Desktop/Turnstile stuff/rfid/Core/Inc/usart.h_save
2024-10-18 12:37:34,890 [INFO] CodeEngine:279 - Generated code: /Users/vihaanravishankar/Desktop/Turnstile stuff/rfid/Core/Inc/usart.h
2024-10-18 12:37:34,906 [INFO] CodeEngine:255 - oldGeneratedFile, /Users/vihaanravishankar/Desktop/Turnstile stuff/rfid/Core/Src/stm32f1xx_it.c_save
2024-10-18 12:37:34,984 [INFO] CodeEngine:279 - Generated code: /Users/vihaanravishankar/Desktop/Turnstile stuff/rfid/Core/Src/stm32f1xx_it.c
2024-10-18 12:37:34,988 [INFO] CodeEngine:255 - oldGeneratedFile, /Users/vihaanravishankar/Desktop/Turnstile stuff/rfid/Core/Inc/stm32f1xx_it.h_save
2024-10-18 12:37:35,042 [INFO] CodeEngine:279 - Generated code: /Users/vihaanravishankar/Desktop/Turnstile stuff/rfid/Core/Inc/stm32f1xx_it.h
2024-10-18 12:37:35,049 [INFO] CodeEngine:255 - oldGeneratedFile, /Users/vihaanravishankar/Desktop/Turnstile stuff/rfid/Core/Src/stm32f1xx_hal_msp.c_save
2024-10-18 12:37:35,128 [INFO] CodeEngine:279 - Generated code: /Users/vihaanravishankar/Desktop/Turnstile stuff/rfid/Core/Src/stm32f1xx_hal_msp.c
2024-10-18 12:37:35,135 [INFO] CodeEngine:255 - oldGeneratedFile, /Users/vihaanravishankar/Desktop/Turnstile stuff/rfid/MXTmpFiles/system.tmp_save
2024-10-18 12:37:35,188 [INFO] CodeEngine:279 - Generated code: /Users/vihaanravishankar/Desktop/Turnstile stuff/rfid/MXTmpFiles/system.tmp
2024-10-18 12:37:35,193 [INFO] CodeEngine:311 - oldGeneratedFile, /Users/vihaanravishankar/Desktop/Turnstile stuff/rfid/Core/Inc/stm32f1xx_hal_conf.h_save
2024-10-18 12:37:35,248 [INFO] CodeEngine:335 - Generated code: /Users/vihaanravishankar/Desktop/Turnstile stuff/rfid/Core/Inc/stm32f1xx_hal_conf.h
2024-10-18 12:37:35,294 [INFO] CodeEngine:255 - oldGeneratedFile, /Users/vihaanravishankar/Desktop/Turnstile stuff/rfid/Core/Inc/main.h_save
2024-10-18 12:37:35,354 [INFO] CodeEngine:279 - Generated code: /Users/vihaanravishankar/Desktop/Turnstile stuff/rfid/Core/Inc/main.h
2024-10-18 12:37:35,356 [INFO] CodeEngine:255 - oldGeneratedFile, /Users/vihaanravishankar/Desktop/Turnstile stuff/rfid/Core/Src/main.c_save
2024-10-18 12:37:35,433 [INFO] CodeEngine:279 - Generated code: /Users/vihaanravishankar/Desktop/Turnstile stuff/rfid/Core/Src/main.c
2024-10-18 12:37:35,683 [INFO] ProjectBuilder:3249 - Time for Copy HAL[1] : 57mS.
2024-10-18 12:37:35,688 [INFO] ProjectBuilder:4828 - Project Generator version: 4.5.0-B34
2024-10-18 12:37:35,765 [INFO] ConfigFileManager:1531 - The Die is : DIE410
2024-10-18 12:37:35,778 [INFO] ApiDbMcu:508 - Load IP Config File for FATFS
2024-10-18 12:37:35,844 [INFO] ApiDbMcu:508 - Load IP Config File for FREERTOS
2024-10-18 12:37:35,905 [INFO] ApiDbMcu:508 - Load IP Config File for USB_DEVICE
2024-10-18 12:37:37,214 [INFO] ProjectBuilder:5097 - Time for Generating toolchain IDE Files: 1523mS.
2024-10-18 12:37:37,218 [INFO] ProjectBuilder:3107 - Time for Copy CMSIS : 0mS.
2024-10-18 12:37:37,220 [INFO] ProjectBuilder:3107 - Time for Copy CMSIS : 0mS.
2024-10-18 12:38:52,596 [INFO] MainUpdater:2873 - connection check result : 10
2024-10-18 12:38:52,600 [INFO] MainUpdater:2873 - connection check result : 10
2024-10-18 12:38:52,823 [INFO] MicroXplorer:468 - Change Database Path : 
2024-10-18 12:38:52,823 [INFO] MicroXplorer:498 - Change Database Version : DB.6.0.121
2024-10-18 12:38:52,882 [ERROR] ProjectManagerView:394 - 
java.lang.NullPointerException: Cannot invoke "javax.swing.JTextField.getText()" because the return value of "java.util.List.get(int)" is null
	at com.st.microxplorer.plugins.projectmanager.gui.ProjectChoiceTab$10.caretUpdate(ProjectChoiceTab.java:2622) ~[filemanager.jar:?]
	at javax.swing.text.JTextComponent.fireCaretUpdate(JTextComponent.java:412) ~[?:?]
	at javax.swing.text.JTextComponent$MutableCaretEvent.fire(JTextComponent.java:4491) ~[?:?]
	at javax.swing.text.JTextComponent$MutableCaretEvent.stateChanged(JTextComponent.java:4513) ~[?:?]
	at javax.swing.text.DefaultCaret.fireStateChanged(DefaultCaret.java:842) ~[?:?]
	at javax.swing.text.DefaultCaret.changeCaretPosition(DefaultCaret.java:1313) ~[?:?]
	at javax.swing.text.DefaultCaret.handleSetDot(DefaultCaret.java:1212) ~[?:?]
	at javax.swing.text.DefaultCaret.setDot(DefaultCaret.java:1193) ~[?:?]
	at javax.swing.text.DefaultCaret$Handler.insertUpdate(DefaultCaret.java:1789) ~[?:?]
	at javax.swing.text.AbstractDocument.fireInsertUpdate(AbstractDocument.java:226) ~[?:?]
	at javax.swing.text.AbstractDocument.handleInsertString(AbstractDocument.java:780) ~[?:?]
	at javax.swing.text.AbstractDocument.insertString(AbstractDocument.java:739) ~[?:?]
	at javax.swing.text.PlainDocument.insertString(PlainDocument.java:131) ~[?:?]
	at javax.swing.text.AbstractDocument.replace(AbstractDocument.java:698) ~[?:?]
	at javax.swing.text.JTextComponent.setText(JTextComponent.java:1729) ~[?:?]
	at com.st.microxplorer.plugins.projectmanager.gui.ProjectChoiceTab.createHeapStackFields(ProjectChoiceTab.java:972) ~[filemanager.jar:?]
	at com.st.microxplorer.plugins.projectmanager.gui.ProjectChoiceTab.buildLinkSettingsPanel(ProjectChoiceTab.java:3597) ~[filemanager.jar:?]
	at com.st.microxplorer.plugins.projectmanager.gui.ProjectChoiceTab.defineWindowsFields(ProjectChoiceTab.java:1940) ~[filemanager.jar:?]
	at com.st.microxplorer.plugins.projectmanager.gui.ProjectChoiceTab.updateSettings(ProjectChoiceTab.java:550) ~[filemanager.jar:?]
	at com.st.microxplorer.plugins.projectmanager.gui.ProjectSettingsPanel.UpdateDialog(ProjectSettingsPanel.java:245) ~[filemanager.jar:?]
	at com.st.microxplorer.plugins.projectmanager.ProjectManagerView.propertyChange(ProjectManagerView.java:391) ~[filemanager.jar:?]
	at java.beans.PropertyChangeSupport.fire(PropertyChangeSupport.java:343) ~[?:?]
	at java.beans.PropertyChangeSupport.firePropertyChange(PropertyChangeSupport.java:335) ~[?:?]
	at java.beans.PropertyChangeSupport.firePropertyChange(PropertyChangeSupport.java:268) ~[?:?]
	at com.st.microxplorer.util.MXPropertyChangeSupport.firePropertyChange(MXPropertyChangeSupport.java:54) ~[STM32CubeMX.jar:?]
	at com.st.microxplorer.mxsystem.MxSystem.closeConfig(MxSystem.java:900) ~[STM32CubeMX.jar:?]
	at com.st.microxplorer.maingui.MainPanel.closeConfig(MainPanel.java:781) ~[STM32CubeMX.jar:?]
	at com.st.microxplorer.plugins.filemanager.engine.OpenFileManager.loadConfigurationFile(OpenFileManager.java:265) ~[filemanager.jar:?]
	at com.st.microxplorer.plugins.filemanager.engine.MainFileManager.userLoadConfig(MainFileManager.java:352) ~[filemanager.jar:?]
	at com.st.microxplorer.plugins.filemanager.engine.MainFileManager.userLoadConfig(MainFileManager.java:330) ~[filemanager.jar:?]
	at com.st.microxplorer.plugins.filemanager.FileManagerView.getSpecificTask(FileManagerView.java:246) ~[filemanager.jar:?]
	at com.st.stm32cube.common.mx.editor.CubeMxEditor.getMxTabbedPaneInstance(CubeMxEditor.java:1198) ~[com.st.stm32cube.common.mx_6.12.1.202409122256/:?]
	at com.st.stm32cube.common.mx.editor.CubeMxEditor$12$1.createSwingComponent(CubeMxEditor.java:1068) ~[com.st.stm32cube.common.mx_6.12.1.202409122256/:?]
	at com.st.stm32cube.common.mx.oss.core.awtswtbridge.EmbeddedSwingComposite.doComponentCreation(EmbeddedSwingComposite.java:492) ~[com.st.stm32cube.common.mx.oss_6.12.1.202409122256/:?]
	at com.st.stm32cube.common.mx.oss.core.awtswtbridge.EmbeddedSwingComposite$4.run(EmbeddedSwingComposite.java:291) ~[com.st.stm32cube.common.mx.oss_6.12.1.202409122256/:?]
	at com.st.stm32cube.common.mx.oss.core.awtswtbridge.AwtEnvironment$2.run(AwtEnvironment.java:166) ~[com.st.stm32cube.common.mx.oss_6.12.1.202409122256/:?]
	at java.awt.event.InvocationEvent.dispatch(InvocationEvent.java:318) ~[?:?]
	at java.awt.EventQueue.dispatchEventImpl(EventQueue.java:773) ~[?:?]
	at java.awt.EventQueue$4.run(EventQueue.java:720) ~[?:?]
	at java.awt.EventQueue$4.run(EventQueue.java:714) ~[?:?]
	at java.security.AccessController.doPrivileged(AccessController.java:399) ~[?:?]
	at java.security.ProtectionDomain$JavaSecurityAccessImpl.doIntersectionPrivilege(ProtectionDomain.java:86) ~[?:?]
	at java.awt.EventQueue.dispatchEvent(EventQueue.java:742) ~[?:?]
	at java.awt.EventDispatchThread.pumpOneEventForFilters(EventDispatchThread.java:203) ~[?:?]
	at java.awt.EventDispatchThread.pumpEventsForFilter(EventDispatchThread.java:124) ~[?:?]
	at java.awt.EventDispatchThread.pumpEventsForHierarchy(EventDispatchThread.java:113) ~[?:?]
	at java.awt.EventDispatchThread.pumpEvents(EventDispatchThread.java:109) ~[?:?]
	at java.awt.EventDispatchThread.pumpEvents(EventDispatchThread.java:101) ~[?:?]
	at java.awt.EventDispatchThread.run(EventDispatchThread.java:90) ~[?:?]
2024-10-18 12:38:52,889 [WARN] ThirdParty:871 - waiting for thirdparty lock release [close project]
2024-10-18 12:38:52,890 [INFO] ThirdParty:873 - entering critical section [close project]
2024-10-18 12:38:52,890 [INFO] ThirdParty:883 - exiting critical section [close project]
2024-10-18 12:38:52,894 [INFO] PinOutPanel:1561 - setPackage(No Configuration,No Configuration)
2024-10-18 12:38:52,903 [INFO] UtilMem:75 - Begin LoadConfig() Used Memory: 463792392 Bytes (678428672)
2024-10-18 12:38:52,904 [INFO] MicroXplorer:468 - Change Database Path : 
2024-10-18 12:38:52,904 [INFO] MicroXplorer:498 - Change Database Version : DB.6.0.121
2024-10-18 12:38:52,904 [INFO] OpenFileManager:332 - Change cursor
2024-10-18 12:38:52,930 [INFO] RulesReader:64 - Compatibility file has been processed (297 Rules)
2024-10-18 12:38:52,950 [INFO] Mcu:2032 - Initializing MCU STM32F103R(8-B)Tx STM32F103RBTx STM32F103RBT6
2024-10-18 12:38:53,466 [INFO] Context:742 - Trying to add GPIOservice into a context  which must be forbidden
2024-10-18 12:38:53,765 [INFO] RtosManager:555 - Registered RTOS mode: class=CMSIS, group=RTOS, mode=CMSIS_V1, owner=FREERTOS
2024-10-18 12:38:53,767 [INFO] RtosManager:555 - Registered RTOS mode: class=CMSIS, group=RTOS2, mode=CMSIS_V2, owner=FREERTOS
2024-10-18 12:38:53,767 [INFO] RtosManager:555 - Registered RTOS mode: class=RTOS, group=Core, mode=CMSIS_V1, owner=FREERTOS
2024-10-18 12:38:53,767 [INFO] RtosManager:555 - Registered RTOS mode: class=RTOS, group=Core, mode=CMSIS_V2, owner=FREERTOS
2024-10-18 12:38:53,767 [WARN] ModelIntegratedComponent:184 - Missing modes for component STMicroelectronics:FreeRTOS:0.0.1:STMicroelectronics:RTOS:FreeRTOS:Core:::10.2.0:
2024-10-18 12:38:53,774 [WARN] ModelIntegratedComponent:63 - No mode defined for component null
2024-10-18 12:38:53,774 [WARN] ModelIntegratedComponent:63 - No mode defined for component null
2024-10-18 12:38:53,774 [WARN] ModelIntegratedComponent:63 - No mode defined for component null
2024-10-18 12:38:53,774 [WARN] ModelIntegratedComponent:63 - No mode defined for component null
2024-10-18 12:38:53,774 [WARN] ModelIntegratedComponent:63 - No mode defined for component null
2024-10-18 12:38:53,774 [WARN] ModelIntegratedComponent:63 - No mode defined for component null
2024-10-18 12:38:53,774 [WARN] ModelIntegratedComponent:63 - No mode defined for component null
2024-10-18 12:38:53,774 [WARN] ModelIntegratedComponent:63 - No mode defined for component null
2024-10-18 12:38:53,774 [WARN] ModelIntegratedComponent:63 - No mode defined for component null
2024-10-18 12:38:53,774 [WARN] ModelIntegratedComponent:63 - No mode defined for component null
2024-10-18 12:38:53,774 [WARN] ModelIntegratedComponent:63 - No mode defined for component null
2024-10-18 12:38:53,774 [WARN] ModelIntegratedComponent:63 - No mode defined for component null
2024-10-18 12:38:53,774 [WARN] ModelIntegratedComponent:63 - No mode defined for component null
2024-10-18 12:38:53,774 [WARN] ModelIntegratedComponent:63 - No mode defined for component null
2024-10-18 12:38:53,774 [WARN] ModelIntegratedComponent:63 - No mode defined for component null
2024-10-18 12:38:53,774 [WARN] ModelIntegratedComponent:63 - No mode defined for component null
2024-10-18 12:38:53,774 [WARN] ModelIntegratedComponent:63 - No mode defined for component null
2024-10-18 12:38:53,774 [WARN] ModelIntegratedComponent:63 - No mode defined for component null
2024-10-18 12:38:53,774 [WARN] ModelIntegratedComponent:63 - No mode defined for component null
2024-10-18 12:38:53,774 [WARN] ModelIntegratedComponent:63 - No mode defined for component null
2024-10-18 12:38:53,774 [WARN] ModelIntegratedComponent:63 - No mode defined for component null
2024-10-18 12:38:53,774 [WARN] ModelIntegratedComponent:63 - No mode defined for component null
2024-10-18 12:38:53,774 [WARN] ModelIntegratedComponent:63 - No mode defined for component null
2024-10-18 12:38:53,774 [WARN] ModelIntegratedComponent:63 - No mode defined for component null
2024-10-18 12:38:53,774 [WARN] ModelIntegratedComponent:63 - No mode defined for component null
2024-10-18 12:38:53,774 [WARN] ModelIntegratedComponent:63 - No mode defined for component null
2024-10-18 12:38:53,774 [WARN] ModelIntegratedComponent:63 - No mode defined for component null
2024-10-18 12:38:53,774 [WARN] ModelIntegratedComponent:63 - No mode defined for component null
2024-10-18 12:38:53,775 [WARN] ModelIntegratedComponent:63 - No mode defined for component null
2024-10-18 12:38:53,775 [WARN] ModelIntegratedComponent:63 - No mode defined for component null
2024-10-18 12:38:53,775 [WARN] ModelIntegratedComponent:63 - No mode defined for component null
2024-10-18 12:38:53,775 [WARN] ModelIntegratedComponent:63 - No mode defined for component null
2024-10-18 12:38:53,775 [WARN] ModelIntegratedComponent:63 - No mode defined for component null
2024-10-18 12:38:53,775 [WARN] ModelIntegratedComponent:63 - No mode defined for component null
2024-10-18 12:38:53,775 [WARN] ModelIntegratedComponent:63 - No mode defined for component null
2024-10-18 12:38:53,775 [WARN] ModelPack:524 - Component already loaded: STMicroelectronics:HAL Drivers:0.0.0:STMicroelectronics:Device:STMicro_Driver:XSPI:HAL::0.0.1:HAL_XSPI
2024-10-18 12:38:53,784 [INFO] ThirdPartyModel:298 - Start build external matchings
2024-10-18 12:38:53,959 [INFO] ThirdPartyModel:316 - End build external matchings
2024-10-18 12:38:53,972 [INFO] ImportTextPane:205 - (OptionalMessage_ERROR) IP (RCC) : Parameter (ADCFreqValue) has invalid value (32000000)
2024-10-18 12:38:53,972 [INFO] ImportTextPane:205 - (OptionalMessage_ERROR) IP (RCC) : Invalid parameter (FamilyName)
2024-10-18 12:38:53,972 [INFO] ImportTextPane:205 - (OptionalMessage_ERROR) IP (RCC) : Parameter (MCOFreq_Value) has invalid value (64000000)
2024-10-18 12:38:53,973 [INFO] ImportTextPane:205 - (OptionalMessage_ERROR) IP (RCC) : Parameter (USBFreq_Value) has invalid value (64000000)
2024-10-18 12:38:54,113 [INFO] UtilMem:75 - End LoadConfig() Used Memory: 302267424 Bytes (678428672)
2024-10-18 12:38:54,274 [WARN] ThirdParty:833 - waiting for thirdparty lock release [change project]
2024-10-18 12:38:54,287 [INFO] ThirdParty:835 - entering critical section [change project]
2024-10-18 12:38:54,288 [INFO] ThirdParty:1030 - CMSIS Pack Vendor :STMicroelectronics USBPD 4.1
2024-10-18 12:38:54,288 [INFO] ThirdParty:1030 - CMSIS Pack Vendor :STMicroelectronics X-CUBE-AZRTOS-H7 3.3.0
2024-10-18 12:38:54,288 [INFO] ThirdParty:1030 - CMSIS Pack Vendor :STMicroelectronics X-CUBE-NFC9 1.0.0
2024-10-18 12:38:54,288 [INFO] ThirdParty:1030 - CMSIS Pack Vendor :STMicroelectronics USB_HOST 2.0.0
2024-10-18 12:38:54,288 [INFO] ThirdParty:1030 - CMSIS Pack Vendor :STMicroelectronics FP-SNS-MOTENVWB1 1.4.0
2024-10-18 12:38:54,288 [INFO] ThirdParty:1030 - CMSIS Pack Vendor :STMicroelectronics X-CUBE-AZRTOS-F4 1.1.0
2024-10-18 12:38:54,288 [INFO] ThirdParty:1030 - CMSIS Pack Vendor :STMicroelectronics LIBJPEG 8.0.0
2024-10-18 12:38:54,288 [INFO] ThirdParty:1030 - CMSIS Pack Vendor :STMicroelectronics X-CUBE-SMBUS 2.1.0
2024-10-18 12:38:54,288 [INFO] ThirdParty:1030 - CMSIS Pack Vendor :STMicroelectronics X-CUBE-WB05N 1.1.0
2024-10-18 12:38:54,288 [INFO] ThirdParty:1030 - CMSIS Pack Vendor :STMicroelectronics USB_DEVICE 3.0.0
2024-10-18 12:38:54,288 [INFO] ThirdParty:1030 - CMSIS Pack Vendor :STMicroelectronics X-CUBE-TCPP 4.1.0
2024-10-18 12:38:54,288 [INFO] ThirdParty:1030 - CMSIS Pack Vendor :STMicroelectronics X-CUBE-ISPU 2.1.0
2024-10-18 12:38:54,288 [INFO] ThirdParty:1030 - CMSIS Pack Vendor :STMicroelectronics X-CUBE-FREERTOS 1.2.0
2024-10-18 12:38:54,288 [INFO] ThirdParty:1030 - CMSIS Pack Vendor :STMicroelectronics X-CUBE-IPS 3.0.0
2024-10-18 12:38:54,288 [INFO] ThirdParty:1030 - CMSIS Pack Vendor :STMicroelectronics X-CUBE-AZRTOS-WB 2.0.0
2024-10-18 12:38:54,288 [INFO] ThirdParty:1030 - CMSIS Pack Vendor :STMicroelectronics X-CUBE-GNSS1 7.0.0
2024-10-18 12:38:54,288 [INFO] ThirdParty:1030 - CMSIS Pack Vendor :STMicroelectronics X-CUBE-AZRTOS-F7 1.1.0
2024-10-18 12:38:54,288 [INFO] ThirdParty:1030 - CMSIS Pack Vendor :STMicroelectronics X-CUBE-AZRTOS-L5 2.0.0
2024-10-18 12:38:54,288 [INFO] ThirdParty:1030 - CMSIS Pack Vendor :STMicroelectronics USB_DEVICE 2.0.0
2024-10-18 12:38:54,288 [INFO] ThirdParty:1030 - CMSIS Pack Vendor :STMicroelectronics X-CUBE-NFC6 3.1.0
2024-10-18 12:38:54,288 [INFO] ThirdParty:1030 - CMSIS Pack Vendor :STMicroelectronics FP-SNS-STBOX1 2.0.0
2024-10-18 12:38:54,288 [INFO] ThirdParty:1030 - CMSIS Pack Vendor :STMicroelectronics X-CUBE-MEMS1 11.0.0
2024-10-18 12:38:54,288 [INFO] ThirdParty:1030 - CMSIS Pack Vendor :STMicroelectronics FreeRTOS 0.0.1
2024-10-18 12:38:54,288 [INFO] ThirdParty:1030 - CMSIS Pack Vendor :STMicroelectronics X-CUBE-AZRTOS-G0 1.1.0
2024-10-18 12:38:54,288 [INFO] ThirdParty:1030 - CMSIS Pack Vendor :STMicroelectronics X-CUBE-SAFEA1 1.2.2
2024-10-18 12:38:54,288 [INFO] ThirdParty:1030 - CMSIS Pack Vendor :STMicroelectronics X-CUBE-NFC4 3.0.0
2024-10-18 12:38:54,288 [INFO] ThirdParty:1030 - CMSIS Pack Vendor :STMicroelectronics X-CUBE-DPower 1.2.0
2024-10-18 12:38:54,289 [INFO] ThirdParty:1030 - CMSIS Pack Vendor :STMicroelectronics X-CUBE-SUBG2 5.0.0
2024-10-18 12:38:54,289 [INFO] ThirdParty:1030 - CMSIS Pack Vendor :STMicroelectronics STM32_WPAN 1.0.0
2024-10-18 12:38:54,289 [INFO] ThirdParty:1030 - CMSIS Pack Vendor :EmbeddedOffice I-CUBE-FS-RTOS 1.0.1
2024-10-18 12:38:54,289 [INFO] ThirdParty:1030 - CMSIS Pack Vendor :STMicroelectronics lwIP 2.0.3
2024-10-18 12:38:54,289 [INFO] ThirdParty:1030 - CMSIS Pack Vendor :STMicroelectronics FP-SNS-FLIGHT1 5.0.2
2024-10-18 12:38:54,289 [INFO] ThirdParty:1030 - CMSIS Pack Vendor :Cesanta I-CUBE-Mongoose 7.13.0
2024-10-18 12:38:54,289 [INFO] ThirdParty:1030 - CMSIS Pack Vendor :STMicroelectronics USB_HOST 1.0.0
2024-10-18 12:38:54,289 [INFO] ThirdParty:1030 - CMSIS Pack Vendor :STMicroelectronics X-CUBE-AZRTOS-G4 2.0.0
2024-10-18 12:38:54,289 [INFO] ThirdParty:1030 - CMSIS Pack Vendor :STMicroelectronics PDM2PCM 3.1.0
2024-10-18 12:38:54,289 [INFO] ThirdParty:1030 - CMSIS Pack Vendor :STMicroelectronics PDM2PCM 3.3.0
2024-10-18 12:38:54,289 [INFO] ThirdParty:1030 - CMSIS Pack Vendor :STMicroelectronics X-CUBE-DISPLAY 3.0.0
2024-10-18 12:38:54,289 [INFO] ThirdParty:1030 - CMSIS Pack Vendor :RealThread X-CUBE-RT-Thread_Nano 4.1.1
2024-10-18 12:38:54,289 [INFO] ThirdParty:1030 - CMSIS Pack Vendor :STMicroelectronics X-CUBE-BLE1 7.0.0
2024-10-18 12:38:54,289 [INFO] ThirdParty:1030 - CMSIS Pack Vendor :STMicroelectronics FP-ATR-SIGFOX1 3.2.0
2024-10-18 12:38:54,289 [INFO] ThirdParty:1030 - CMSIS Pack Vendor :STMicroelectronics X-CUBE-NFC10 1.0.0
2024-10-18 12:38:54,289 [INFO] ThirdParty:1030 - CMSIS Pack Vendor :wolfSSL I-CUBE-wolfSSL 5.7.2
2024-10-18 12:38:54,289 [INFO] ThirdParty:1030 - CMSIS Pack Vendor :STMicroelectronics X-CUBE-EEPRMA1 5.1.0
2024-10-18 12:38:54,289 [INFO] ThirdParty:1030 - CMSIS Pack Vendor :STMicroelectronics HAL Drivers 0.0.0
2024-10-18 12:38:54,289 [INFO] ThirdParty:1030 - CMSIS Pack Vendor :STMicroelectronics MBEDTLS 2.16.2
2024-10-18 12:38:54,289 [INFO] ThirdParty:1030 - CMSIS Pack Vendor :STMicroelectronics X-CUBE-ALS 1.0.2
2024-10-18 12:38:54,289 [INFO] ThirdParty:1030 - CMSIS Pack Vendor :emotas I-CUBE-CANOPEN 1.3.0
2024-10-18 12:38:54,289 [INFO] ThirdParty:1030 - CMSIS Pack Vendor :STMicroelectronics X-CUBE-NFC7 1.0.1
2024-10-18 12:38:54,289 [INFO] ThirdParty:1030 - CMSIS Pack Vendor :STMicroelectronics MBEDTLS 2.14.1
2024-10-18 12:38:54,289 [INFO] ThirdParty:1030 - CMSIS Pack Vendor :ITTIA_DB I-CUBE-ITTIADB 8.9.0
2024-10-18 12:38:54,289 [INFO] ThirdParty:1030 - CMSIS Pack Vendor :STMicroelectronics X-CUBE-TOUCHGFX 4.24.1
2024-10-18 12:38:54,289 [INFO] ThirdParty:1030 - CMSIS Pack Vendor :wolfSSL I-CUBE-wolfTPM 3.4.0
2024-10-18 12:38:54,289 [INFO] ThirdParty:1030 - CMSIS Pack Vendor :portGmbH I-Cube-SoM-uGOAL 1.1.0
2024-10-18 12:38:54,289 [INFO] ThirdParty:1030 - CMSIS Pack Vendor :STMicroelectronics X-CUBE-BLEMGR 3.1.0
2024-10-18 12:38:54,289 [INFO] ThirdParty:1030 - CMSIS Pack Vendor :STMicroelectronics ThreadX 1.0.0
2024-10-18 12:38:54,289 [INFO] ThirdParty:1030 - CMSIS Pack Vendor :STMicroelectronics FP-SNS-SMARTAG2 1.2.0
2024-10-18 12:38:54,289 [INFO] ThirdParty:1030 - CMSIS Pack Vendor :STMicroelectronics X-CUBE-AZRTOS-WL 2.0.0
2024-10-18 12:38:54,289 [INFO] ThirdParty:1030 - CMSIS Pack Vendor :SEGGER I-CUBE-embOS 1.3.1
2024-10-18 12:38:54,289 [INFO] ThirdParty:1030 - CMSIS Pack Vendor :STMicroelectronics X-CUBE-ALGOBUILD 1.4.0
2024-10-18 12:38:54,289 [INFO] ThirdParty:1030 - CMSIS Pack Vendor :STMicroelectronics FP-SNS-MOTENV1 5.0.0
2024-10-18 12:38:54,289 [INFO] ThirdParty:1030 - CMSIS Pack Vendor :STMicroelectronics USB_DEVICE 1.0.0
2024-10-18 12:38:54,289 [INFO] ThirdParty:1030 - CMSIS Pack Vendor :STMicroelectronics X-CUBE-AZRTOS-H7RS 1.0.0
2024-10-18 12:38:54,289 [INFO] ThirdParty:1030 - CMSIS Pack Vendor :wolfSSL I-CUBE-wolfMQTT 1.19.0
2024-10-18 12:38:54,289 [INFO] ThirdParty:1030 - CMSIS Pack Vendor :STMicroelectronics X-CUBE-AZRTOS-L4 2.0.0
2024-10-18 12:38:54,289 [INFO] ThirdParty:1030 - CMSIS Pack Vendor :STMicroelectronics ThreadX 0.0.2
2024-10-18 12:38:54,289 [INFO] ThirdParty:1030 - CMSIS Pack Vendor :WES I-CUBE-Cesium 1.3.0
2024-10-18 12:38:54,289 [INFO] ThirdParty:1030 - CMSIS Pack Vendor :STMicroelectronics FP-ATR-ASTRA1 2.0.0
2024-10-18 12:38:54,289 [INFO] ThirdParty:1030 - CMSIS Pack Vendor :STMicroelectronics lwIP 2.1.2
2024-10-18 12:38:54,289 [INFO] ThirdParty:1030 - CMSIS Pack Vendor :STMicroelectronics X-CUBE-SFXS2LP1 4.0.0
2024-10-18 12:38:54,289 [INFO] ThirdParty:1030 - CMSIS Pack Vendor :STMicroelectronics X-CUBE-BLE2 3.3.0
2024-10-18 12:38:54,289 [INFO] ThirdParty:1030 - CMSIS Pack Vendor :STMicroelectronics X-CUBE-TOF1 3.4.2
2024-10-18 12:38:54,289 [INFO] ThirdParty:1030 - CMSIS Pack Vendor :STMicroelectronics X-CUBE-AI 9.1.0
2024-10-18 12:38:54,289 [INFO] ThirdParty:1030 - CMSIS Pack Vendor :Infineon AIROC-Wi-Fi-Bluetooth-STM32 1.6.1
2024-10-18 12:38:54,289 [INFO] ThirdParty:1030 - CMSIS Pack Vendor :STMicroelectronics PDM2PCM 3.2.0
2024-10-18 12:38:54,289 [INFO] ThirdParty:1030 - CMSIS Pack Vendor :wolfSSL I-CUBE-wolfSSH 1.4.17
2024-10-18 12:38:54,292 [INFO] ThirdParty:841 - exiting critical section [change project]
2024-10-18 12:38:54,513 [INFO] PinOutPanel:1561 - setPackage(No Configuration,No Configuration)
2024-10-18 12:38:54,516 [INFO] PinOutPanel:1561 - setPackage(STM32F103RBTx,LQFP64)
2024-10-18 12:38:54,704 [INFO] UtilMem:75 - Before build in PCC Used Memory: 387854312 Bytes (678428672)
2024-10-18 12:38:54,845 [INFO] UtilMem:75 - After build in PCC Used Memory: 428748688 Bytes (678428672)
2024-10-18 12:38:54,862 [INFO] IPUIPlugin:80 - create IPUIPlugin
2024-10-18 12:38:54,862 [INFO] IPUIPlugin:80 - create IPUIPlugin
2024-10-18 12:38:54,862 [INFO] IPUIPlugin:80 - create IPUIPlugin
2024-10-18 12:38:54,863 [INFO] IPUIPlugin:80 - create IPUIPlugin
2024-10-18 12:38:54,863 [INFO] IPUIPlugin:80 - create IPUIPlugin
2024-10-18 12:38:54,863 [INFO] IPUIPlugin:80 - create IPUIPlugin
2024-10-18 12:38:54,863 [INFO] IPUIPlugin:80 - create IPUIPlugin
2024-10-18 12:38:54,863 [INFO] IPUIPlugin:80 - create IPUIPlugin
2024-10-18 12:38:54,863 [INFO] IPUIPlugin:80 - create IPUIPlugin
2024-10-18 12:38:54,863 [INFO] IPUIPlugin:80 - create IPUIPlugin
2024-10-18 12:38:54,863 [INFO] IPUIPlugin:80 - create IPUIPlugin
2024-10-18 12:38:54,863 [INFO] IPUIPlugin:80 - create IPUIPlugin
2024-10-18 12:38:54,863 [INFO] IPUIPlugin:80 - create IPUIPlugin
2024-10-18 12:38:54,864 [INFO] IPUIPlugin:80 - create IPUIPlugin
2024-10-18 12:38:54,864 [INFO] IPUIPlugin:80 - create IPUIPlugin
2024-10-18 12:38:54,864 [INFO] IPUIPlugin:80 - create IPUIPlugin
2024-10-18 12:38:54,864 [INFO] IPUIPlugin:80 - create IPUIPlugin
2024-10-18 12:38:54,864 [INFO] IPUIPlugin:80 - create IPUIPlugin
2024-10-18 12:38:54,864 [INFO] IPUIPlugin:80 - create IPUIPlugin
2024-10-18 12:38:54,864 [INFO] IPUIPlugin:80 - create IPUIPlugin
2024-10-18 12:38:54,864 [INFO] IPUIPlugin:80 - create IPUIPlugin
2024-10-18 12:38:54,864 [INFO] IPUIPlugin:80 - create IPUIPlugin
2024-10-18 12:38:54,864 [INFO] IPUIPlugin:80 - create IPUIPlugin
2024-10-18 12:38:54,864 [INFO] IPUIPlugin:80 - create IPUIPlugin
2024-10-18 12:38:54,864 [INFO] IPUIPlugin:80 - create IPUIPlugin
2024-10-18 12:38:54,864 [INFO] IPUIPlugin:80 - create IPUIPlugin
2024-10-18 12:38:54,868 [INFO] IPUIPlugin:80 - create IPUIPlugin
2024-10-18 12:38:54,927 [INFO] CADModel:165 - CPN selected for project levelSTM32F103RBT6
2024-10-18 12:38:54,927 [INFO] CADModel:114 - Register for checkConnection events
2024-10-18 12:38:54,969 [INFO] OpenFileManager:363 - Restore cursor
2024-10-18 12:39:17,311 [INFO] UtilMem:75 - End SaveConfig() Used Memory: 347227064 Bytes (678428672)
2024-10-18 12:39:17,444 [INFO] UtilMem:75 - End SaveConfig() Used Memory: 362433464 Bytes (678428672)
2024-10-18 12:39:18,001 [INFO] UtilMem:75 - End SaveConfig() Used Memory: 421012560 Bytes (678428672)
2024-10-18 12:39:18,225 [INFO] BlockDiagram:2766 - set Specific Code input for plugin: NVIC
2024-10-18 12:39:18,225 [INFO] BlockDiagram:2766 - set Specific Code input for plugin: USART
2024-10-18 12:39:18,226 [INFO] BlockDiagram:2766 - set Specific Code input for plugin: USART
2024-10-18 12:39:18,226 [INFO] BlockDiagram:2766 - set Specific Code input for plugin: SYS
2024-10-18 12:39:18,226 [INFO] BlockDiagram:2766 - set Specific Code input for plugin: GPIO
2024-10-18 12:39:18,226 [INFO] BlockDiagram:2766 - set Specific Code input for plugin: RCC
2024-10-18 12:39:18,226 [INFO] CodeGenerator:807 - code generatio: config db path: /Applications/STM32CubeIDE.app/Contents/Eclipse/plugins/com.st.stm32cube.common.mx_6.12.1.202409122256//db/
2024-10-18 12:39:18,592 [INFO] CodeEngine:255 - oldGeneratedFile, /Users/vihaanravishankar/Desktop/Turnstile stuff/rfid/MXTmpFiles/license.tmp_save
2024-10-18 12:39:18,691 [INFO] CodeEngine:279 - Generated code: /Users/vihaanravishankar/Desktop/Turnstile stuff/rfid/MXTmpFiles/license.tmp
2024-10-18 12:39:18,764 [INFO] CodeEngine:255 - oldGeneratedFile, /Users/vihaanravishankar/Desktop/Turnstile stuff/rfid/Core/Src/gpio.c_save
2024-10-18 12:39:18,825 [INFO] CodeEngine:279 - Generated code: /Users/vihaanravishankar/Desktop/Turnstile stuff/rfid/Core/Src/gpio.c
2024-10-18 12:39:18,827 [INFO] CodeEngine:255 - oldGeneratedFile, /Users/vihaanravishankar/Desktop/Turnstile stuff/rfid/Core/Inc/gpio.h_save
2024-10-18 12:39:18,877 [INFO] CodeEngine:279 - Generated code: /Users/vihaanravishankar/Desktop/Turnstile stuff/rfid/Core/Inc/gpio.h
2024-10-18 12:39:18,948 [INFO] CodeEngine:255 - oldGeneratedFile, /Users/vihaanravishankar/Desktop/Turnstile stuff/rfid/Core/Src/usart.c_save
2024-10-18 12:39:19,035 [INFO] CodeEngine:279 - Generated code: /Users/vihaanravishankar/Desktop/Turnstile stuff/rfid/Core/Src/usart.c
2024-10-18 12:39:19,037 [INFO] CodeEngine:255 - oldGeneratedFile, /Users/vihaanravishankar/Desktop/Turnstile stuff/rfid/Core/Inc/usart.h_save
2024-10-18 12:39:19,154 [INFO] CodeEngine:279 - Generated code: /Users/vihaanravishankar/Desktop/Turnstile stuff/rfid/Core/Inc/usart.h
2024-10-18 12:39:19,182 [INFO] CodeEngine:255 - oldGeneratedFile, /Users/vihaanravishankar/Desktop/Turnstile stuff/rfid/Core/Src/stm32f1xx_it.c_save
2024-10-18 12:39:19,263 [INFO] CodeEngine:279 - Generated code: /Users/vihaanravishankar/Desktop/Turnstile stuff/rfid/Core/Src/stm32f1xx_it.c
2024-10-18 12:39:19,274 [INFO] CodeEngine:255 - oldGeneratedFile, /Users/vihaanravishankar/Desktop/Turnstile stuff/rfid/Core/Inc/stm32f1xx_it.h_save
2024-10-18 12:39:19,324 [INFO] CodeEngine:279 - Generated code: /Users/vihaanravishankar/Desktop/Turnstile stuff/rfid/Core/Inc/stm32f1xx_it.h
2024-10-18 12:39:19,332 [INFO] CodeEngine:255 - oldGeneratedFile, /Users/vihaanravishankar/Desktop/Turnstile stuff/rfid/Core/Src/stm32f1xx_hal_msp.c_save
2024-10-18 12:39:19,400 [INFO] CodeEngine:279 - Generated code: /Users/vihaanravishankar/Desktop/Turnstile stuff/rfid/Core/Src/stm32f1xx_hal_msp.c
2024-10-18 12:39:19,402 [INFO] CodeEngine:255 - oldGeneratedFile, /Users/vihaanravishankar/Desktop/Turnstile stuff/rfid/MXTmpFiles/system.tmp_save
2024-10-18 12:39:19,452 [INFO] CodeEngine:279 - Generated code: /Users/vihaanravishankar/Desktop/Turnstile stuff/rfid/MXTmpFiles/system.tmp
2024-10-18 12:39:19,458 [INFO] CodeEngine:311 - oldGeneratedFile, /Users/vihaanravishankar/Desktop/Turnstile stuff/rfid/Core/Inc/stm32f1xx_hal_conf.h_save
2024-10-18 12:39:19,512 [INFO] CodeEngine:335 - Generated code: /Users/vihaanravishankar/Desktop/Turnstile stuff/rfid/Core/Inc/stm32f1xx_hal_conf.h
2024-10-18 12:39:19,585 [INFO] CodeEngine:255 - oldGeneratedFile, /Users/vihaanravishankar/Desktop/Turnstile stuff/rfid/Core/Inc/main.h_save
2024-10-18 12:39:19,641 [INFO] CodeEngine:279 - Generated code: /Users/vihaanravishankar/Desktop/Turnstile stuff/rfid/Core/Inc/main.h
2024-10-18 12:39:19,642 [INFO] CodeEngine:255 - oldGeneratedFile, /Users/vihaanravishankar/Desktop/Turnstile stuff/rfid/Core/Src/main.c_save
2024-10-18 12:39:19,724 [INFO] CodeEngine:279 - Generated code: /Users/vihaanravishankar/Desktop/Turnstile stuff/rfid/Core/Src/main.c
2024-10-18 12:39:19,953 [INFO] ProjectBuilder:3249 - Time for Copy HAL[1] : 54mS.
2024-10-18 12:39:19,955 [INFO] ProjectBuilder:4828 - Project Generator version: 4.5.0-B34
2024-10-18 12:39:20,025 [INFO] ConfigFileManager:1531 - The Die is : DIE410
2024-10-18 12:39:20,040 [INFO] ApiDbMcu:508 - Load IP Config File for FATFS
2024-10-18 12:39:20,115 [INFO] ApiDbMcu:508 - Load IP Config File for FREERTOS
2024-10-18 12:39:20,170 [INFO] ApiDbMcu:508 - Load IP Config File for USB_DEVICE
2024-10-18 12:39:21,300 [INFO] ProjectBuilder:5097 - Time for Generating toolchain IDE Files: 1342mS.
2024-10-18 12:39:21,306 [INFO] ProjectBuilder:3107 - Time for Copy CMSIS : 1mS.
2024-10-18 12:39:21,307 [INFO] ProjectBuilder:3107 - Time for Copy CMSIS : 0mS.
2024-10-18 14:01:14,170 [INFO] MainUpdater:2873 - connection check result : 10
2024-10-18 14:01:14,175 [INFO] MainUpdater:2873 - connection check result : 10
2024-10-18 14:01:14,564 [INFO] MicroXplorer:468 - Change Database Path : 
2024-10-18 14:01:14,564 [INFO] MicroXplorer:498 - Change Database Version : DB.6.0.121
2024-10-18 14:01:14,633 [ERROR] ProjectManagerView:394 - 
java.lang.NullPointerException: Cannot invoke "javax.swing.JTextField.getText()" because the return value of "java.util.List.get(int)" is null
	at com.st.microxplorer.plugins.projectmanager.gui.ProjectChoiceTab$10.caretUpdate(ProjectChoiceTab.java:2622) ~[filemanager.jar:?]
	at javax.swing.text.JTextComponent.fireCaretUpdate(JTextComponent.java:412) ~[?:?]
	at javax.swing.text.JTextComponent$MutableCaretEvent.fire(JTextComponent.java:4491) ~[?:?]
	at javax.swing.text.JTextComponent$MutableCaretEvent.stateChanged(JTextComponent.java:4513) ~[?:?]
	at javax.swing.text.DefaultCaret.fireStateChanged(DefaultCaret.java:842) ~[?:?]
	at javax.swing.text.DefaultCaret.changeCaretPosition(DefaultCaret.java:1313) ~[?:?]
	at javax.swing.text.DefaultCaret.handleSetDot(DefaultCaret.java:1212) ~[?:?]
	at javax.swing.text.DefaultCaret.setDot(DefaultCaret.java:1193) ~[?:?]
	at javax.swing.text.DefaultCaret$Handler.insertUpdate(DefaultCaret.java:1789) ~[?:?]
	at javax.swing.text.AbstractDocument.fireInsertUpdate(AbstractDocument.java:226) ~[?:?]
	at javax.swing.text.AbstractDocument.handleInsertString(AbstractDocument.java:780) ~[?:?]
	at javax.swing.text.AbstractDocument.insertString(AbstractDocument.java:739) ~[?:?]
	at javax.swing.text.PlainDocument.insertString(PlainDocument.java:131) ~[?:?]
	at javax.swing.text.AbstractDocument.replace(AbstractDocument.java:698) ~[?:?]
	at javax.swing.text.JTextComponent.setText(JTextComponent.java:1729) ~[?:?]
	at com.st.microxplorer.plugins.projectmanager.gui.ProjectChoiceTab.createHeapStackFields(ProjectChoiceTab.java:972) ~[filemanager.jar:?]
	at com.st.microxplorer.plugins.projectmanager.gui.ProjectChoiceTab.buildLinkSettingsPanel(ProjectChoiceTab.java:3597) ~[filemanager.jar:?]
	at com.st.microxplorer.plugins.projectmanager.gui.ProjectChoiceTab.defineWindowsFields(ProjectChoiceTab.java:1940) ~[filemanager.jar:?]
	at com.st.microxplorer.plugins.projectmanager.gui.ProjectChoiceTab.updateSettings(ProjectChoiceTab.java:550) ~[filemanager.jar:?]
	at com.st.microxplorer.plugins.projectmanager.gui.ProjectSettingsPanel.UpdateDialog(ProjectSettingsPanel.java:245) ~[filemanager.jar:?]
	at com.st.microxplorer.plugins.projectmanager.ProjectManagerView.propertyChange(ProjectManagerView.java:391) ~[filemanager.jar:?]
	at java.beans.PropertyChangeSupport.fire(PropertyChangeSupport.java:343) ~[?:?]
	at java.beans.PropertyChangeSupport.firePropertyChange(PropertyChangeSupport.java:335) ~[?:?]
	at java.beans.PropertyChangeSupport.firePropertyChange(PropertyChangeSupport.java:268) ~[?:?]
	at com.st.microxplorer.util.MXPropertyChangeSupport.firePropertyChange(MXPropertyChangeSupport.java:54) ~[STM32CubeMX.jar:?]
	at com.st.microxplorer.mxsystem.MxSystem.closeConfig(MxSystem.java:900) ~[STM32CubeMX.jar:?]
	at com.st.microxplorer.maingui.MainPanel.closeConfig(MainPanel.java:781) ~[STM32CubeMX.jar:?]
	at com.st.microxplorer.plugins.filemanager.engine.OpenFileManager.loadConfigurationFile(OpenFileManager.java:265) ~[filemanager.jar:?]
	at com.st.microxplorer.plugins.filemanager.engine.MainFileManager.userLoadConfig(MainFileManager.java:352) ~[filemanager.jar:?]
	at com.st.microxplorer.plugins.filemanager.engine.MainFileManager.userLoadConfig(MainFileManager.java:330) ~[filemanager.jar:?]
	at com.st.microxplorer.plugins.filemanager.FileManagerView.getSpecificTask(FileManagerView.java:246) ~[filemanager.jar:?]
	at com.st.stm32cube.common.mx.editor.CubeMxEditor.getMxTabbedPaneInstance(CubeMxEditor.java:1198) ~[com.st.stm32cube.common.mx_6.12.1.202409122256/:?]
	at com.st.stm32cube.common.mx.editor.CubeMxEditor$12$1.createSwingComponent(CubeMxEditor.java:1068) ~[com.st.stm32cube.common.mx_6.12.1.202409122256/:?]
	at com.st.stm32cube.common.mx.oss.core.awtswtbridge.EmbeddedSwingComposite.doComponentCreation(EmbeddedSwingComposite.java:492) ~[com.st.stm32cube.common.mx.oss_6.12.1.202409122256/:?]
	at com.st.stm32cube.common.mx.oss.core.awtswtbridge.EmbeddedSwingComposite$4.run(EmbeddedSwingComposite.java:291) ~[com.st.stm32cube.common.mx.oss_6.12.1.202409122256/:?]
	at com.st.stm32cube.common.mx.oss.core.awtswtbridge.AwtEnvironment$2.run(AwtEnvironment.java:166) ~[com.st.stm32cube.common.mx.oss_6.12.1.202409122256/:?]
	at java.awt.event.InvocationEvent.dispatch(InvocationEvent.java:318) ~[?:?]
	at java.awt.EventQueue.dispatchEventImpl(EventQueue.java:773) ~[?:?]
	at java.awt.EventQueue$4.run(EventQueue.java:720) ~[?:?]
	at java.awt.EventQueue$4.run(EventQueue.java:714) ~[?:?]
	at java.security.AccessController.doPrivileged(AccessController.java:399) ~[?:?]
	at java.security.ProtectionDomain$JavaSecurityAccessImpl.doIntersectionPrivilege(ProtectionDomain.java:86) ~[?:?]
	at java.awt.EventQueue.dispatchEvent(EventQueue.java:742) ~[?:?]
	at java.awt.EventDispatchThread.pumpOneEventForFilters(EventDispatchThread.java:203) ~[?:?]
	at java.awt.EventDispatchThread.pumpEventsForFilter(EventDispatchThread.java:124) ~[?:?]
	at java.awt.EventDispatchThread.pumpEventsForHierarchy(EventDispatchThread.java:113) ~[?:?]
	at java.awt.EventDispatchThread.pumpEvents(EventDispatchThread.java:109) ~[?:?]
	at java.awt.EventDispatchThread.pumpEvents(EventDispatchThread.java:101) ~[?:?]
	at java.awt.EventDispatchThread.run(EventDispatchThread.java:90) ~[?:?]
2024-10-18 14:01:14,636 [WARN] ThirdParty:871 - waiting for thirdparty lock release [close project]
2024-10-18 14:01:14,636 [INFO] ThirdParty:873 - entering critical section [close project]
2024-10-18 14:01:14,637 [INFO] ThirdParty:883 - exiting critical section [close project]
2024-10-18 14:01:14,642 [INFO] PinOutPanel:1561 - setPackage(No Configuration,No Configuration)
2024-10-18 14:01:14,654 [INFO] UtilMem:75 - Begin LoadConfig() Used Memory: 275877864 Bytes (678428672)
2024-10-18 14:01:14,655 [INFO] MicroXplorer:468 - Change Database Path : 
2024-10-18 14:01:14,655 [INFO] MicroXplorer:498 - Change Database Version : DB.6.0.121
2024-10-18 14:01:14,655 [INFO] OpenFileManager:332 - Change cursor
2024-10-18 14:01:14,689 [INFO] RulesReader:64 - Compatibility file has been processed (297 Rules)
2024-10-18 14:01:14,699 [INFO] Mcu:2032 - Initializing MCU STM32F103R(8-B)Tx STM32F103RBTx STM32F103RBT6
2024-10-18 14:01:15,291 [INFO] Context:742 - Trying to add GPIOservice into a context  which must be forbidden
2024-10-18 14:01:15,661 [INFO] RtosManager:555 - Registered RTOS mode: class=CMSIS, group=RTOS, mode=CMSIS_V1, owner=FREERTOS
2024-10-18 14:01:15,661 [INFO] RtosManager:555 - Registered RTOS mode: class=CMSIS, group=RTOS2, mode=CMSIS_V2, owner=FREERTOS
2024-10-18 14:01:15,661 [INFO] RtosManager:555 - Registered RTOS mode: class=RTOS, group=Core, mode=CMSIS_V1, owner=FREERTOS
2024-10-18 14:01:15,662 [INFO] RtosManager:555 - Registered RTOS mode: class=RTOS, group=Core, mode=CMSIS_V2, owner=FREERTOS
2024-10-18 14:01:15,662 [WARN] ModelIntegratedComponent:184 - Missing modes for component STMicroelectronics:FreeRTOS:0.0.1:STMicroelectronics:RTOS:FreeRTOS:Core:::10.2.0:
2024-10-18 14:01:15,671 [WARN] ModelIntegratedComponent:63 - No mode defined for component null
2024-10-18 14:01:15,671 [WARN] ModelIntegratedComponent:63 - No mode defined for component null
2024-10-18 14:01:15,671 [WARN] ModelIntegratedComponent:63 - No mode defined for component null
2024-10-18 14:01:15,671 [WARN] ModelIntegratedComponent:63 - No mode defined for component null
2024-10-18 14:01:15,671 [WARN] ModelIntegratedComponent:63 - No mode defined for component null
2024-10-18 14:01:15,671 [WARN] ModelIntegratedComponent:63 - No mode defined for component null
2024-10-18 14:01:15,671 [WARN] ModelIntegratedComponent:63 - No mode defined for component null
2024-10-18 14:01:15,671 [WARN] ModelIntegratedComponent:63 - No mode defined for component null
2024-10-18 14:01:15,671 [WARN] ModelIntegratedComponent:63 - No mode defined for component null
2024-10-18 14:01:15,671 [WARN] ModelIntegratedComponent:63 - No mode defined for component null
2024-10-18 14:01:15,671 [WARN] ModelIntegratedComponent:63 - No mode defined for component null
2024-10-18 14:01:15,671 [WARN] ModelIntegratedComponent:63 - No mode defined for component null
2024-10-18 14:01:15,671 [WARN] ModelIntegratedComponent:63 - No mode defined for component null
2024-10-18 14:01:15,671 [WARN] ModelIntegratedComponent:63 - No mode defined for component null
2024-10-18 14:01:15,671 [WARN] ModelIntegratedComponent:63 - No mode defined for component null
2024-10-18 14:01:15,671 [WARN] ModelIntegratedComponent:63 - No mode defined for component null
2024-10-18 14:01:15,671 [WARN] ModelIntegratedComponent:63 - No mode defined for component null
2024-10-18 14:01:15,671 [WARN] ModelIntegratedComponent:63 - No mode defined for component null
2024-10-18 14:01:15,671 [WARN] ModelIntegratedComponent:63 - No mode defined for component null
2024-10-18 14:01:15,671 [WARN] ModelIntegratedComponent:63 - No mode defined for component null
2024-10-18 14:01:15,671 [WARN] ModelIntegratedComponent:63 - No mode defined for component null
2024-10-18 14:01:15,671 [WARN] ModelIntegratedComponent:63 - No mode defined for component null
2024-10-18 14:01:15,671 [WARN] ModelIntegratedComponent:63 - No mode defined for component null
2024-10-18 14:01:15,671 [WARN] ModelIntegratedComponent:63 - No mode defined for component null
2024-10-18 14:01:15,671 [WARN] ModelIntegratedComponent:63 - No mode defined for component null
2024-10-18 14:01:15,671 [WARN] ModelIntegratedComponent:63 - No mode defined for component null
2024-10-18 14:01:15,671 [WARN] ModelIntegratedComponent:63 - No mode defined for component null
2024-10-18 14:01:15,671 [WARN] ModelIntegratedComponent:63 - No mode defined for component null
2024-10-18 14:01:15,671 [WARN] ModelIntegratedComponent:63 - No mode defined for component null
2024-10-18 14:01:15,671 [WARN] ModelIntegratedComponent:63 - No mode defined for component null
2024-10-18 14:01:15,671 [WARN] ModelIntegratedComponent:63 - No mode defined for component null
2024-10-18 14:01:15,671 [WARN] ModelIntegratedComponent:63 - No mode defined for component null
2024-10-18 14:01:15,671 [WARN] ModelIntegratedComponent:63 - No mode defined for component null
2024-10-18 14:01:15,671 [WARN] ModelIntegratedComponent:63 - No mode defined for component null
2024-10-18 14:01:15,671 [WARN] ModelIntegratedComponent:63 - No mode defined for component null
2024-10-18 14:01:15,672 [WARN] ModelPack:524 - Component already loaded: STMicroelectronics:HAL Drivers:0.0.0:STMicroelectronics:Device:STMicro_Driver:XSPI:HAL::0.0.1:HAL_XSPI
2024-10-18 14:01:15,687 [INFO] ThirdPartyModel:298 - Start build external matchings
2024-10-18 14:01:15,877 [INFO] ThirdPartyModel:316 - End build external matchings
2024-10-18 14:01:15,894 [INFO] ImportTextPane:205 - (OptionalMessage_ERROR) IP (RCC) : Parameter (ADCFreqValue) has invalid value (32000000)
2024-10-18 14:01:15,894 [INFO] ImportTextPane:205 - (OptionalMessage_ERROR) IP (RCC) : Invalid parameter (FamilyName)
2024-10-18 14:01:15,894 [INFO] ImportTextPane:205 - (OptionalMessage_ERROR) IP (RCC) : Parameter (MCOFreq_Value) has invalid value (64000000)
2024-10-18 14:01:15,895 [INFO] ImportTextPane:205 - (OptionalMessage_ERROR) IP (RCC) : Parameter (USBFreq_Value) has invalid value (64000000)
2024-10-18 14:01:16,014 [INFO] UtilMem:75 - End LoadConfig() Used Memory: 467550696 Bytes (678428672)
2024-10-18 14:01:16,068 [WARN] ThirdParty:833 - waiting for thirdparty lock release [change project]
2024-10-18 14:01:16,068 [INFO] ThirdParty:835 - entering critical section [change project]
2024-10-18 14:01:16,068 [INFO] ThirdParty:1030 - CMSIS Pack Vendor :STMicroelectronics USBPD 4.1
2024-10-18 14:01:16,068 [INFO] ThirdParty:1030 - CMSIS Pack Vendor :STMicroelectronics X-CUBE-AZRTOS-H7 3.3.0
2024-10-18 14:01:16,068 [INFO] ThirdParty:1030 - CMSIS Pack Vendor :STMicroelectronics X-CUBE-NFC9 1.0.0
2024-10-18 14:01:16,068 [INFO] ThirdParty:1030 - CMSIS Pack Vendor :STMicroelectronics USB_HOST 2.0.0
2024-10-18 14:01:16,068 [INFO] ThirdParty:1030 - CMSIS Pack Vendor :STMicroelectronics FP-SNS-MOTENVWB1 1.4.0
2024-10-18 14:01:16,068 [INFO] ThirdParty:1030 - CMSIS Pack Vendor :STMicroelectronics X-CUBE-AZRTOS-F4 1.1.0
2024-10-18 14:01:16,068 [INFO] ThirdParty:1030 - CMSIS Pack Vendor :STMicroelectronics LIBJPEG 8.0.0
2024-10-18 14:01:16,068 [INFO] ThirdParty:1030 - CMSIS Pack Vendor :STMicroelectronics X-CUBE-SMBUS 2.1.0
2024-10-18 14:01:16,068 [INFO] ThirdParty:1030 - CMSIS Pack Vendor :STMicroelectronics X-CUBE-WB05N 1.1.0
2024-10-18 14:01:16,068 [INFO] ThirdParty:1030 - CMSIS Pack Vendor :STMicroelectronics USB_DEVICE 3.0.0
2024-10-18 14:01:16,068 [INFO] ThirdParty:1030 - CMSIS Pack Vendor :STMicroelectronics X-CUBE-TCPP 4.1.0
2024-10-18 14:01:16,068 [INFO] ThirdParty:1030 - CMSIS Pack Vendor :STMicroelectronics X-CUBE-ISPU 2.1.0
2024-10-18 14:01:16,068 [INFO] ThirdParty:1030 - CMSIS Pack Vendor :STMicroelectronics X-CUBE-FREERTOS 1.2.0
2024-10-18 14:01:16,068 [INFO] ThirdParty:1030 - CMSIS Pack Vendor :STMicroelectronics X-CUBE-IPS 3.0.0
2024-10-18 14:01:16,068 [INFO] ThirdParty:1030 - CMSIS Pack Vendor :STMicroelectronics X-CUBE-AZRTOS-WB 2.0.0
2024-10-18 14:01:16,068 [INFO] ThirdParty:1030 - CMSIS Pack Vendor :STMicroelectronics X-CUBE-GNSS1 7.0.0
2024-10-18 14:01:16,068 [INFO] ThirdParty:1030 - CMSIS Pack Vendor :STMicroelectronics X-CUBE-AZRTOS-F7 1.1.0
2024-10-18 14:01:16,068 [INFO] ThirdParty:1030 - CMSIS Pack Vendor :STMicroelectronics X-CUBE-AZRTOS-L5 2.0.0
2024-10-18 14:01:16,068 [INFO] ThirdParty:1030 - CMSIS Pack Vendor :STMicroelectronics USB_DEVICE 2.0.0
2024-10-18 14:01:16,068 [INFO] ThirdParty:1030 - CMSIS Pack Vendor :STMicroelectronics X-CUBE-NFC6 3.1.0
2024-10-18 14:01:16,068 [INFO] ThirdParty:1030 - CMSIS Pack Vendor :STMicroelectronics FP-SNS-STBOX1 2.0.0
2024-10-18 14:01:16,068 [INFO] ThirdParty:1030 - CMSIS Pack Vendor :STMicroelectronics X-CUBE-MEMS1 11.0.0
2024-10-18 14:01:16,068 [INFO] ThirdParty:1030 - CMSIS Pack Vendor :STMicroelectronics FreeRTOS 0.0.1
2024-10-18 14:01:16,068 [INFO] ThirdParty:1030 - CMSIS Pack Vendor :STMicroelectronics X-CUBE-AZRTOS-G0 1.1.0
2024-10-18 14:01:16,068 [INFO] ThirdParty:1030 - CMSIS Pack Vendor :STMicroelectronics X-CUBE-SAFEA1 1.2.2
2024-10-18 14:01:16,069 [INFO] ThirdParty:1030 - CMSIS Pack Vendor :STMicroelectronics X-CUBE-NFC4 3.0.0
2024-10-18 14:01:16,069 [INFO] ThirdParty:1030 - CMSIS Pack Vendor :STMicroelectronics X-CUBE-DPower 1.2.0
2024-10-18 14:01:16,069 [INFO] ThirdParty:1030 - CMSIS Pack Vendor :STMicroelectronics X-CUBE-SUBG2 5.0.0
2024-10-18 14:01:16,069 [INFO] ThirdParty:1030 - CMSIS Pack Vendor :STMicroelectronics STM32_WPAN 1.0.0
2024-10-18 14:01:16,069 [INFO] ThirdParty:1030 - CMSIS Pack Vendor :EmbeddedOffice I-CUBE-FS-RTOS 1.0.1
2024-10-18 14:01:16,069 [INFO] ThirdParty:1030 - CMSIS Pack Vendor :STMicroelectronics lwIP 2.0.3
2024-10-18 14:01:16,069 [INFO] ThirdParty:1030 - CMSIS Pack Vendor :STMicroelectronics FP-SNS-FLIGHT1 5.0.2
2024-10-18 14:01:16,069 [INFO] ThirdParty:1030 - CMSIS Pack Vendor :Cesanta I-CUBE-Mongoose 7.13.0
2024-10-18 14:01:16,069 [INFO] ThirdParty:1030 - CMSIS Pack Vendor :STMicroelectronics USB_HOST 1.0.0
2024-10-18 14:01:16,069 [INFO] ThirdParty:1030 - CMSIS Pack Vendor :STMicroelectronics X-CUBE-AZRTOS-G4 2.0.0
2024-10-18 14:01:16,069 [INFO] ThirdParty:1030 - CMSIS Pack Vendor :STMicroelectronics PDM2PCM 3.1.0
2024-10-18 14:01:16,069 [INFO] ThirdParty:1030 - CMSIS Pack Vendor :STMicroelectronics PDM2PCM 3.3.0
2024-10-18 14:01:16,069 [INFO] ThirdParty:1030 - CMSIS Pack Vendor :STMicroelectronics X-CUBE-DISPLAY 3.0.0
2024-10-18 14:01:16,069 [INFO] ThirdParty:1030 - CMSIS Pack Vendor :RealThread X-CUBE-RT-Thread_Nano 4.1.1
2024-10-18 14:01:16,069 [INFO] ThirdParty:1030 - CMSIS Pack Vendor :STMicroelectronics X-CUBE-BLE1 7.0.0
2024-10-18 14:01:16,069 [INFO] ThirdParty:1030 - CMSIS Pack Vendor :STMicroelectronics FP-ATR-SIGFOX1 3.2.0
2024-10-18 14:01:16,069 [INFO] ThirdParty:1030 - CMSIS Pack Vendor :STMicroelectronics X-CUBE-NFC10 1.0.0
2024-10-18 14:01:16,069 [INFO] ThirdParty:1030 - CMSIS Pack Vendor :wolfSSL I-CUBE-wolfSSL 5.7.2
2024-10-18 14:01:16,069 [INFO] ThirdParty:1030 - CMSIS Pack Vendor :STMicroelectronics X-CUBE-EEPRMA1 5.1.0
2024-10-18 14:01:16,069 [INFO] ThirdParty:1030 - CMSIS Pack Vendor :STMicroelectronics HAL Drivers 0.0.0
2024-10-18 14:01:16,069 [INFO] ThirdParty:1030 - CMSIS Pack Vendor :STMicroelectronics MBEDTLS 2.16.2
2024-10-18 14:01:16,069 [INFO] ThirdParty:1030 - CMSIS Pack Vendor :STMicroelectronics X-CUBE-ALS 1.0.2
2024-10-18 14:01:16,069 [INFO] ThirdParty:1030 - CMSIS Pack Vendor :emotas I-CUBE-CANOPEN 1.3.0
2024-10-18 14:01:16,069 [INFO] ThirdParty:1030 - CMSIS Pack Vendor :STMicroelectronics X-CUBE-NFC7 1.0.1
2024-10-18 14:01:16,069 [INFO] ThirdParty:1030 - CMSIS Pack Vendor :STMicroelectronics MBEDTLS 2.14.1
2024-10-18 14:01:16,069 [INFO] ThirdParty:1030 - CMSIS Pack Vendor :ITTIA_DB I-CUBE-ITTIADB 8.9.0
2024-10-18 14:01:16,069 [INFO] ThirdParty:1030 - CMSIS Pack Vendor :STMicroelectronics X-CUBE-TOUCHGFX 4.24.1
2024-10-18 14:01:16,069 [INFO] ThirdParty:1030 - CMSIS Pack Vendor :wolfSSL I-CUBE-wolfTPM 3.4.0
2024-10-18 14:01:16,069 [INFO] ThirdParty:1030 - CMSIS Pack Vendor :portGmbH I-Cube-SoM-uGOAL 1.1.0
2024-10-18 14:01:16,069 [INFO] ThirdParty:1030 - CMSIS Pack Vendor :STMicroelectronics X-CUBE-BLEMGR 3.1.0
2024-10-18 14:01:16,069 [INFO] ThirdParty:1030 - CMSIS Pack Vendor :STMicroelectronics ThreadX 1.0.0
2024-10-18 14:01:16,069 [INFO] ThirdParty:1030 - CMSIS Pack Vendor :STMicroelectronics FP-SNS-SMARTAG2 1.2.0
2024-10-18 14:01:16,069 [INFO] ThirdParty:1030 - CMSIS Pack Vendor :STMicroelectronics X-CUBE-AZRTOS-WL 2.0.0
2024-10-18 14:01:16,069 [INFO] ThirdParty:1030 - CMSIS Pack Vendor :SEGGER I-CUBE-embOS 1.3.1
2024-10-18 14:01:16,069 [INFO] ThirdParty:1030 - CMSIS Pack Vendor :STMicroelectronics X-CUBE-ALGOBUILD 1.4.0
2024-10-18 14:01:16,069 [INFO] ThirdParty:1030 - CMSIS Pack Vendor :STMicroelectronics FP-SNS-MOTENV1 5.0.0
2024-10-18 14:01:16,069 [INFO] ThirdParty:1030 - CMSIS Pack Vendor :STMicroelectronics USB_DEVICE 1.0.0
2024-10-18 14:01:16,070 [INFO] ThirdParty:1030 - CMSIS Pack Vendor :STMicroelectronics X-CUBE-AZRTOS-H7RS 1.0.0
2024-10-18 14:01:16,070 [INFO] ThirdParty:1030 - CMSIS Pack Vendor :wolfSSL I-CUBE-wolfMQTT 1.19.0
2024-10-18 14:01:16,070 [INFO] ThirdParty:1030 - CMSIS Pack Vendor :STMicroelectronics X-CUBE-AZRTOS-L4 2.0.0
2024-10-18 14:01:16,070 [INFO] ThirdParty:1030 - CMSIS Pack Vendor :STMicroelectronics ThreadX 0.0.2
2024-10-18 14:01:16,070 [INFO] ThirdParty:1030 - CMSIS Pack Vendor :WES I-CUBE-Cesium 1.3.0
2024-10-18 14:01:16,070 [INFO] ThirdParty:1030 - CMSIS Pack Vendor :STMicroelectronics FP-ATR-ASTRA1 2.0.0
2024-10-18 14:01:16,070 [INFO] ThirdParty:1030 - CMSIS Pack Vendor :STMicroelectronics lwIP 2.1.2
2024-10-18 14:01:16,070 [INFO] ThirdParty:1030 - CMSIS Pack Vendor :STMicroelectronics X-CUBE-SFXS2LP1 4.0.0
2024-10-18 14:01:16,070 [INFO] ThirdParty:1030 - CMSIS Pack Vendor :STMicroelectronics X-CUBE-BLE2 3.3.0
2024-10-18 14:01:16,071 [INFO] ThirdParty:1030 - CMSIS Pack Vendor :STMicroelectronics X-CUBE-TOF1 3.4.2
2024-10-18 14:01:16,071 [INFO] ThirdParty:1030 - CMSIS Pack Vendor :STMicroelectronics X-CUBE-AI 9.1.0
2024-10-18 14:01:16,071 [INFO] ThirdParty:1030 - CMSIS Pack Vendor :Infineon AIROC-Wi-Fi-Bluetooth-STM32 1.6.1
2024-10-18 14:01:16,071 [INFO] ThirdParty:1030 - CMSIS Pack Vendor :STMicroelectronics PDM2PCM 3.2.0
2024-10-18 14:01:16,071 [INFO] ThirdParty:1030 - CMSIS Pack Vendor :wolfSSL I-CUBE-wolfSSH 1.4.17
2024-10-18 14:01:16,071 [INFO] ThirdParty:841 - exiting critical section [change project]
2024-10-18 14:01:16,285 [INFO] PinOutPanel:1561 - setPackage(No Configuration,No Configuration)
2024-10-18 14:01:16,286 [INFO] PinOutPanel:1561 - setPackage(STM32F103RBTx,LQFP64)
2024-10-18 14:01:16,512 [INFO] UtilMem:75 - Before build in PCC Used Memory: 269616088 Bytes (678428672)
2024-10-18 14:01:17,080 [INFO] UtilMem:75 - After build in PCC Used Memory: 310510552 Bytes (678428672)
2024-10-18 14:01:17,128 [INFO] IPUIPlugin:80 - create IPUIPlugin
2024-10-18 14:01:17,128 [INFO] IPUIPlugin:80 - create IPUIPlugin
2024-10-18 14:01:17,129 [INFO] IPUIPlugin:80 - create IPUIPlugin
2024-10-18 14:01:17,129 [INFO] IPUIPlugin:80 - create IPUIPlugin
2024-10-18 14:01:17,129 [INFO] IPUIPlugin:80 - create IPUIPlugin
2024-10-18 14:01:17,129 [INFO] IPUIPlugin:80 - create IPUIPlugin
2024-10-18 14:01:17,129 [INFO] IPUIPlugin:80 - create IPUIPlugin
2024-10-18 14:01:17,131 [INFO] IPUIPlugin:80 - create IPUIPlugin
2024-10-18 14:01:17,131 [INFO] IPUIPlugin:80 - create IPUIPlugin
2024-10-18 14:01:17,131 [INFO] IPUIPlugin:80 - create IPUIPlugin
2024-10-18 14:01:17,131 [INFO] IPUIPlugin:80 - create IPUIPlugin
2024-10-18 14:01:17,131 [INFO] IPUIPlugin:80 - create IPUIPlugin
2024-10-18 14:01:17,132 [INFO] IPUIPlugin:80 - create IPUIPlugin
2024-10-18 14:01:17,132 [INFO] IPUIPlugin:80 - create IPUIPlugin
2024-10-18 14:01:17,132 [INFO] IPUIPlugin:80 - create IPUIPlugin
2024-10-18 14:01:17,132 [INFO] IPUIPlugin:80 - create IPUIPlugin
2024-10-18 14:01:17,132 [INFO] IPUIPlugin:80 - create IPUIPlugin
2024-10-18 14:01:17,132 [INFO] IPUIPlugin:80 - create IPUIPlugin
2024-10-18 14:01:17,132 [INFO] IPUIPlugin:80 - create IPUIPlugin
2024-10-18 14:01:17,132 [INFO] IPUIPlugin:80 - create IPUIPlugin
2024-10-18 14:01:17,133 [INFO] IPUIPlugin:80 - create IPUIPlugin
2024-10-18 14:01:17,134 [INFO] IPUIPlugin:80 - create IPUIPlugin
2024-10-18 14:01:17,134 [INFO] IPUIPlugin:80 - create IPUIPlugin
2024-10-18 14:01:17,134 [INFO] IPUIPlugin:80 - create IPUIPlugin
2024-10-18 14:01:17,134 [INFO] IPUIPlugin:80 - create IPUIPlugin
2024-10-18 14:01:17,135 [INFO] IPUIPlugin:80 - create IPUIPlugin
2024-10-18 14:01:17,138 [INFO] IPUIPlugin:80 - create IPUIPlugin
2024-10-18 14:01:17,220 [INFO] CADModel:165 - CPN selected for project levelSTM32F103RBT6
2024-10-18 14:01:17,220 [INFO] CADModel:114 - Register for checkConnection events
2024-10-18 14:01:17,266 [INFO] OpenFileManager:363 - Restore cursor
