2025-01-13 08:45:27,814 [INFO] WebApp:189 - Connection lost
2025-01-13 10:06:21,053 [INFO] WebApp:186 - Connection restablished
2025-01-13 10:07:01,500 [INFO] WebApp:189 - Connection lost
2025-01-13 10:07:24,885 [INFO] WebApp:186 - Connection restablished
2025-01-13 10:22:59,315 [INFO] WebApp:189 - Connection lost
2025-01-13 11:10:27,905 [INFO] WebApp:186 - Connection restablished
2025-01-13 12:04:27,000 [INFO] UtilMem:75 - End SaveConfig() Used Memory: 788252312 Bytes (1073741824)
2025-01-13 12:04:28,642 [INFO] UtilMem:75 - End SaveConfig() Used Memory: 863223448 Bytes (1073741824)
2025-01-13 12:04:29,082 [INFO] BlockDiagram:2766 - set Specific Code input for plugin: NVIC
2025-01-13 12:04:29,082 [INFO] BlockDiagram:2766 - set Specific Code input for plugin: USART
2025-01-13 12:04:29,083 [INFO] BlockDiagram:2766 - set Specific Code input for plugin: USART
2025-01-13 12:04:29,083 [INFO] BlockDiagram:2766 - set Specific Code input for plugin: USART
2025-01-13 12:04:29,083 [INFO] BlockDiagram:2766 - set Specific Code input for plugin: DMA
2025-01-13 12:04:29,083 [INFO] BlockDiagram:2766 - set Specific Code input for plugin: TIM1_8F1
2025-01-13 12:04:29,083 [INFO] BlockDiagram:2766 - set Specific Code input for plugin: TIM1_8F1
2025-01-13 12:04:29,083 [INFO] BlockDiagram:2766 - set Specific Code input for plugin: SYS
2025-01-13 12:04:29,083 [INFO] BlockDiagram:2766 - set Specific Code input for plugin: NimaLTD.I-CUBE-WS28XX.3.0.1
2025-01-13 12:04:29,083 [INFO] BlockDiagram:2766 - set Specific Code input for plugin: GPIO
2025-01-13 12:04:29,083 [INFO] BlockDiagram:2766 - set Specific Code input for plugin: RCC
2025-01-13 12:04:29,091 [INFO] CodeGenerator:807 - code generatio: config db path: /Applications/STM32CubeIDE.app/Contents/Eclipse/plugins/com.st.stm32cube.common.mx_6.12.1.202409122256//db/
2025-01-13 12:04:29,256 [INFO] IP:3366 - RTE template : default_conf.ftl
2025-01-13 12:04:29,289 [INFO] CodeEngine:255 - oldGeneratedFile, /Users/vihaanravishankar/Desktop/Turnstile stuff/turnstile_stm_program/MXTmpFiles/license.tmp_save
2025-01-13 12:04:29,634 [INFO] CodeEngine:279 - Generated code: /Users/vihaanravishankar/Desktop/Turnstile stuff/turnstile_stm_program/MXTmpFiles/license.tmp
2025-01-13 12:04:29,799 [INFO] CodeEngine:255 - oldGeneratedFile, /Users/vihaanravishankar/Desktop/Turnstile stuff/turnstile_stm_program/Core/Src/gpio.c_save
2025-01-13 12:04:30,101 [INFO] CodeEngine:279 - Generated code: /Users/vihaanravishankar/Desktop/Turnstile stuff/turnstile_stm_program/Core/Src/gpio.c
2025-01-13 12:04:30,106 [INFO] CodeEngine:255 - oldGeneratedFile, /Users/vihaanravishankar/Desktop/Turnstile stuff/turnstile_stm_program/Core/Inc/gpio.h_save
2025-01-13 12:04:30,453 [INFO] CodeEngine:279 - Generated code: /Users/vihaanravishankar/Desktop/Turnstile stuff/turnstile_stm_program/Core/Inc/gpio.h
2025-01-13 12:04:32,582 [INFO] Middleware:1439 - No code input for Bsp Dependency
2025-01-13 12:04:32,640 [INFO] CodeEngine:255 - oldGeneratedFile, /Users/vihaanravishankar/Desktop/Turnstile stuff/turnstile_stm_program/Core/Src/dma.c_save
2025-01-13 12:04:32,747 [INFO] CodeEngine:279 - Generated code: /Users/vihaanravishankar/Desktop/Turnstile stuff/turnstile_stm_program/Core/Src/dma.c
2025-01-13 12:04:32,750 [INFO] CodeEngine:255 - oldGeneratedFile, /Users/vihaanravishankar/Desktop/Turnstile stuff/turnstile_stm_program/Core/Inc/dma.h_save
2025-01-13 12:04:32,851 [INFO] CodeEngine:279 - Generated code: /Users/vihaanravishankar/Desktop/Turnstile stuff/turnstile_stm_program/Core/Inc/dma.h
2025-01-13 12:04:32,852 [INFO] Middleware:1439 - No code input for Bsp Dependency
2025-01-13 12:04:32,856 [INFO] CodeEngine:255 - oldGeneratedFile, /Users/vihaanravishankar/Desktop/Turnstile stuff/turnstile_stm_program/I-CUBE-WS28XX/./NimaLTD.I-CUBE-WS28XX_conf.h_save
2025-01-13 12:04:33,108 [INFO] CodeEngine:279 - Generated code: /Users/vihaanravishankar/Desktop/Turnstile stuff/turnstile_stm_program/I-CUBE-WS28XX/./NimaLTD.I-CUBE-WS28XX_conf.h
2025-01-13 12:04:33,127 [INFO] CodeEngine:255 - oldGeneratedFile, /Users/vihaanravishankar/Desktop/Turnstile stuff/turnstile_stm_program/Core/Src/tim.c_save
2025-01-13 12:04:33,396 [INFO] CodeEngine:279 - Generated code: /Users/vihaanravishankar/Desktop/Turnstile stuff/turnstile_stm_program/Core/Src/tim.c
2025-01-13 12:04:33,400 [INFO] CodeEngine:255 - oldGeneratedFile, /Users/vihaanravishankar/Desktop/Turnstile stuff/turnstile_stm_program/Core/Inc/tim.h_save
2025-01-13 12:04:33,519 [INFO] CodeEngine:279 - Generated code: /Users/vihaanravishankar/Desktop/Turnstile stuff/turnstile_stm_program/Core/Inc/tim.h
2025-01-13 12:04:33,525 [INFO] CodeEngine:255 - oldGeneratedFile, /Users/vihaanravishankar/Desktop/Turnstile stuff/turnstile_stm_program/Core/Src/usart.c_save
2025-01-13 12:04:33,724 [INFO] CodeEngine:279 - Generated code: /Users/vihaanravishankar/Desktop/Turnstile stuff/turnstile_stm_program/Core/Src/usart.c
2025-01-13 12:04:33,727 [INFO] CodeEngine:255 - oldGeneratedFile, /Users/vihaanravishankar/Desktop/Turnstile stuff/turnstile_stm_program/Core/Inc/usart.h_save
2025-01-13 12:04:33,842 [INFO] CodeEngine:279 - Generated code: /Users/vihaanravishankar/Desktop/Turnstile stuff/turnstile_stm_program/Core/Inc/usart.h
2025-01-13 12:04:33,856 [INFO] CodeEngine:255 - oldGeneratedFile, /Users/vihaanravishankar/Desktop/Turnstile stuff/turnstile_stm_program/Core/Src/stm32f1xx_it.c_save
2025-01-13 12:04:34,182 [INFO] CodeEngine:279 - Generated code: /Users/vihaanravishankar/Desktop/Turnstile stuff/turnstile_stm_program/Core/Src/stm32f1xx_it.c
2025-01-13 12:04:34,188 [INFO] CodeEngine:255 - oldGeneratedFile, /Users/vihaanravishankar/Desktop/Turnstile stuff/turnstile_stm_program/Core/Inc/stm32f1xx_it.h_save
2025-01-13 12:04:34,313 [INFO] CodeEngine:279 - Generated code: /Users/vihaanravishankar/Desktop/Turnstile stuff/turnstile_stm_program/Core/Inc/stm32f1xx_it.h
2025-01-13 12:04:34,367 [INFO] CodeEngine:255 - oldGeneratedFile, /Users/vihaanravishankar/Desktop/Turnstile stuff/turnstile_stm_program/Core/Src/stm32f1xx_hal_msp.c_save
2025-01-13 12:04:34,573 [INFO] CodeEngine:279 - Generated code: /Users/vihaanravishankar/Desktop/Turnstile stuff/turnstile_stm_program/Core/Src/stm32f1xx_hal_msp.c
2025-01-13 12:04:34,575 [INFO] CodeEngine:255 - oldGeneratedFile, /Users/vihaanravishankar/Desktop/Turnstile stuff/turnstile_stm_program/MXTmpFiles/system.tmp_save
2025-01-13 12:04:34,670 [INFO] CodeEngine:279 - Generated code: /Users/vihaanravishankar/Desktop/Turnstile stuff/turnstile_stm_program/MXTmpFiles/system.tmp
2025-01-13 12:04:34,681 [INFO] CodeEngine:311 - oldGeneratedFile, /Users/vihaanravishankar/Desktop/Turnstile stuff/turnstile_stm_program/Core/Inc/stm32f1xx_hal_conf.h_save
2025-01-13 12:04:34,861 [INFO] CodeEngine:335 - Generated code: /Users/vihaanravishankar/Desktop/Turnstile stuff/turnstile_stm_program/Core/Inc/stm32f1xx_hal_conf.h
2025-01-13 12:04:35,005 [INFO] CodeEngine:255 - oldGeneratedFile, /Users/vihaanravishankar/Desktop/Turnstile stuff/turnstile_stm_program/Core/Inc/main.h_save
2025-01-13 12:04:35,252 [INFO] CodeEngine:279 - Generated code: /Users/vihaanravishankar/Desktop/Turnstile stuff/turnstile_stm_program/Core/Inc/main.h
2025-01-13 12:04:35,262 [INFO] CodeEngine:255 - oldGeneratedFile, /Users/vihaanravishankar/Desktop/Turnstile stuff/turnstile_stm_program/Core/Src/main.c_save
2025-01-13 12:04:35,743 [INFO] CodeEngine:279 - Generated code: /Users/vihaanravishankar/Desktop/Turnstile stuff/turnstile_stm_program/Core/Src/main.c
2025-01-13 12:04:36,793 [INFO] ProjectBuilder:3249 - Time for Copy HAL[1] : 335mS.
2025-01-13 12:04:36,797 [ERROR] Middleware:2969 - Invalid RefComponent list
2025-01-13 12:04:36,797 [ERROR] Middleware:2969 - Invalid RefComponent list
2025-01-13 12:04:36,797 [ERROR] Middleware:2969 - Invalid RefComponent list
2025-01-13 12:04:36,797 [ERROR] Middleware:2969 - Invalid RefComponent list
2025-01-13 12:04:36,798 [ERROR] Middleware:2969 - Invalid RefComponent list
2025-01-13 12:04:36,799 [ERROR] Middleware:2969 - Invalid RefComponent list
2025-01-13 12:04:36,800 [ERROR] Middleware:2969 - Invalid RefComponent list
2025-01-13 12:04:36,805 [ERROR] Middleware:2969 - Invalid RefComponent list
2025-01-13 12:04:36,805 [ERROR] Middleware:2969 - Invalid RefComponent list
2025-01-13 12:04:36,805 [ERROR] Middleware:2969 - Invalid RefComponent list
2025-01-13 12:04:36,805 [ERROR] Middleware:2969 - Invalid RefComponent list
2025-01-13 12:04:36,805 [ERROR] Middleware:2969 - Invalid RefComponent list
2025-01-13 12:04:36,806 [ERROR] Middleware:2969 - Invalid RefComponent list
2025-01-13 12:04:36,806 [ERROR] Middleware:2969 - Invalid RefComponent list
2025-01-13 12:04:36,818 [INFO] ProjectBuilder:9026 - Time for Copy ThirdParty[1] : 7mS.
2025-01-13 12:04:36,851 [INFO] ProjectBuilder:4828 - Project Generator version: 4.5.0-B34
2025-01-13 12:04:38,744 [INFO] ConfigFileManager:1531 - The Die is : DIE410
2025-01-13 12:04:47,665 [INFO] ProjectBuilder:5097 - Time for Generating toolchain IDE Files: 10805mS.
2025-01-13 12:04:47,678 [INFO] ProjectBuilder:3107 - Time for Copy CMSIS : 3mS.
2025-01-13 12:04:47,689 [INFO] ProjectBuilder:3107 - Time for Copy CMSIS : 0mS.
2025-01-13 13:03:36,394 [INFO] WebApp:189 - Connection lost
2025-01-13 13:03:37,826 [INFO] WebApp:186 - Connection restablished
2025-01-13 13:19:46,764 [INFO] WebApp:189 - Connection lost
2025-01-13 13:20:01,776 [INFO] WebApp:186 - Connection restablished
2025-01-13 14:08:49,981 [INFO] WebApp:189 - Connection lost
2025-01-13 14:08:52,482 [INFO] WebApp:186 - Connection restablished
2025-01-13 17:39:19,594 [INFO] WebApp:189 - Connection lost
2025-01-13 18:20:09,919 [INFO] WebApp:186 - Connection restablished
2025-01-13 21:28:26,462 [INFO] WebApp:189 - Connection lost
2025-01-13 21:28:37,247 [INFO] WebApp:186 - Connection restablished
